2024-05-19 16:09:40.900 [info] Reading sessions from keychain...
2024-05-19 16:09:40.900 [info] Getting sessions for all scopes...
2024-05-19 16:09:40.900 [info] Getting sessions for all scopes...
2024-05-19 16:09:40.900 [info] Getting sessions for read:user,repo,user:email,workflow...
2024-05-19 16:09:40.901 [info] Got stored sessions!
2024-05-19 16:09:40.901 [info] Got 3 verified sessions.
2024-05-19 16:09:40.901 [info] Got 3 sessions for ...
2024-05-19 16:09:40.901 [info] Got 3 sessions for ...
2024-05-19 16:09:40.901 [info] Got 1 sessions for read:user,repo,user:email,workflow...
2024-05-19 16:09:40.930 [info] Getting sessions for all scopes...
2024-05-19 16:09:40.930 [info] Got 3 sessions for ...
2024-05-19 16:09:41.902 [info] Getting sessions for read:user,repo,user:email,workflow...
2024-05-19 16:09:41.902 [info] Got 1 sessions for read:user,repo,user:email,workflow...
2024-05-19 23:38:49.338 [info] Getting sessions for read:user,repo,user:email,workflow...
2024-05-19 23:38:49.339 [info] Got 1 sessions for read:user,repo,user:email,workflow...
2024-05-19 23:41:42.287 [info] Getting sessions for read:user,repo,user:email,workflow...
2024-05-19 23:41:42.287 [info] Got 1 sessions for read:user,repo,user:email,workflow...
2024-05-20 22:15:45.580 [info] Getting sessions for read:user,repo,user:email,workflow...
2024-05-20 22:15:45.580 [info] Got 1 sessions for read:user,repo,user:email,workflow...
2024-05-20 22:15:52.231 [info] Getting sessions for read:user,repo,user:email,workflow...
2024-05-20 22:15:52.231 [info] Got 1 sessions for read:user,repo,user:email,workflow...
2024-05-20 22:16:52.843 [info] Getting sessions for read:user,repo,user:email,workflow...
2024-05-20 22:16:52.843 [info] Got 1 sessions for read:user,repo,user:email,workflow...
2024-05-21 06:38:03.326 [info] Getting sessions for read:user,repo,user:email,workflow...
2024-05-21 06:38:03.326 [info] Got 1 sessions for read:user,repo,user:email,workflow...
