2024-05-21 07:44:35.899 [info] Log level: Info
2024-05-21 07:44:35.899 [info] Validating found git in: "git"
2024-05-21 07:44:35.899 [info] Using git "2.45.1" from "git"
2024-05-21 07:44:35.899 [info] > git rev-parse --show-toplevel [3ms]
2024-05-21 07:44:35.899 [info] > git rev-parse --git-dir --git-common-dir [3ms]
2024-05-21 07:44:35.899 [info] Open repository: /home/daro_ops/Documents/campus/infusionCodigoCafeinado
2024-05-21 07:44:35.955 [info] > git rev-parse --show-toplevel [18ms]
2024-05-21 07:44:35.956 [info] > git config --get commit.template [35ms]
2024-05-21 07:44:35.984 [info] > git rev-parse --show-toplevel [16ms]
2024-05-21 07:44:35.996 [info] > git for-each-ref --format=%(refname)%00%(upstream:short)%00%(objectname)%00%(upstream:track)%00%(upstream:remotename)%00%(upstream:remoteref) refs/heads/main refs/remotes/main [14ms]
2024-05-21 07:44:35.999 [info] > git rev-parse --show-toplevel [5ms]
2024-05-21 07:44:36.057 [info] > git status -z -uall [1ms]
2024-05-21 07:44:36.058 [info] > git rev-parse --show-toplevel [20ms]
2024-05-21 07:44:36.143 [info] > git merge-base refs/heads/main refs/remotes/origin/main [46ms]
2024-05-21 07:44:36.160 [info] > git rev-parse --show-toplevel [85ms]
2024-05-21 07:44:36.233 [info] > git rev-list --count --left-right refs/heads/main...refs/remotes/origin/main [74ms]
2024-05-21 07:44:36.244 [info] > git config --get commit.template [103ms]
2024-05-21 07:44:36.276 [info] > git diff --name-status -z --diff-filter=ADMR 6b4b121cd39773462f1ad17c4bbc2ceecc3051cf...refs/remotes/origin/main [32ms]
2024-05-21 07:44:36.325 [info] > git for-each-ref --format=%(refname)%00%(upstream:short)%00%(objectname)%00%(upstream:track)%00%(upstream:remotename)%00%(upstream:remoteref) refs/heads/main refs/remotes/main [7ms]
2024-05-21 07:44:36.346 [info] > git status -z -uall [8ms]
2024-05-21 07:44:36.827 [info] > git check-ignore -v -z --stdin [20ms]
2024-05-21 07:44:40.309 [info] > git show --textconv :README.md [8ms]
2024-05-21 07:44:40.311 [info] > git ls-files --stage -- /home/daro_ops/Documents/campus/infusionCodigoCafeinado/README.md [3ms]
2024-05-21 07:44:40.321 [info] > git cat-file -s 5ae4750c98d0fc9daaa5b3fc35d80599235ce542 [2ms]
2024-05-21 07:44:41.123 [info] > git config --get commit.template [8ms]
2024-05-21 07:44:41.124 [info] > git for-each-ref --format=%(refname)%00%(upstream:short)%00%(objectname)%00%(upstream:track)%00%(upstream:remotename)%00%(upstream:remoteref) refs/heads/main refs/remotes/main [2ms]
2024-05-21 07:44:41.137 [info] > git status -z -uall [4ms]
2024-05-21 07:44:49.242 [info] > git config --get commit.template [7ms]
2024-05-21 07:44:49.244 [info] > git for-each-ref --format=%(refname)%00%(upstream:short)%00%(objectname)%00%(upstream:track)%00%(upstream:remotename)%00%(upstream:remoteref) refs/heads/main refs/remotes/main [3ms]
2024-05-21 07:44:49.254 [info] > git status -z -uall [3ms]
2024-05-21 07:44:54.270 [info] > git config --get commit.template [7ms]
2024-05-21 07:44:54.271 [info] > git for-each-ref --format=%(refname)%00%(upstream:short)%00%(objectname)%00%(upstream:track)%00%(upstream:remotename)%00%(upstream:remoteref) refs/heads/main refs/remotes/main [1ms]
2024-05-21 07:44:54.280 [info] > git status -z -uall [3ms]
2024-05-21 07:44:59.308 [info] > git config --get commit.template [9ms]
2024-05-21 07:44:59.310 [info] > git for-each-ref --format=%(refname)%00%(upstream:short)%00%(objectname)%00%(upstream:track)%00%(upstream:remotename)%00%(upstream:remoteref) refs/heads/main refs/remotes/main [3ms]
2024-05-21 07:44:59.319 [info] > git status -z -uall [3ms]
2024-05-21 07:45:04.336 [info] > git config --get commit.template [8ms]
2024-05-21 07:45:04.337 [info] > git for-each-ref --format=%(refname)%00%(upstream:short)%00%(objectname)%00%(upstream:track)%00%(upstream:remotename)%00%(upstream:remoteref) refs/heads/main refs/remotes/main [3ms]
2024-05-21 07:45:04.348 [info] > git status -z -uall [3ms]
2024-05-21 07:45:09.374 [info] > git config --get commit.template [3ms]
2024-05-21 07:45:09.395 [info] > git for-each-ref --format=%(refname)%00%(upstream:short)%00%(objectname)%00%(upstream:track)%00%(upstream:remotename)%00%(upstream:remoteref) refs/heads/main refs/remotes/main [2ms]
2024-05-21 07:45:09.413 [info] > git status -z -uall [3ms]
2024-05-21 07:45:23.856 [info] > git config --get commit.template [11ms]
2024-05-21 07:45:23.857 [info] > git for-each-ref --format=%(refname)%00%(upstream:short)%00%(objectname)%00%(upstream:track)%00%(upstream:remotename)%00%(upstream:remoteref) refs/heads/main refs/remotes/main [2ms]
2024-05-21 07:45:23.867 [info] > git status -z -uall [3ms]
2024-05-21 07:45:30.709 [info] > git config --get commit.template [6ms]
2024-05-21 07:45:30.710 [info] > git for-each-ref --format=%(refname)%00%(upstream:short)%00%(objectname)%00%(upstream:track)%00%(upstream:remotename)%00%(upstream:remoteref) refs/heads/main refs/remotes/main [2ms]
2024-05-21 07:45:30.717 [info] > git status -z -uall [2ms]
2024-05-21 07:45:30.807 [info] > git ls-files --stage -- /home/daro_ops/Documents/campus/infusionCodigoCafeinado/README.md [1ms]
2024-05-21 07:45:30.813 [info] > git cat-file -s a67e1641a44b34dc57381d44672a60ff5581950e [1ms]
2024-05-21 07:45:30.822 [info] > git show --textconv :README.md [2ms]
2024-05-21 07:48:52.414 [info] > git config --get commit.template [8ms]
2024-05-21 07:48:52.415 [info] > git for-each-ref --format=%(refname)%00%(upstream:short)%00%(objectname)%00%(upstream:track)%00%(upstream:remotename)%00%(upstream:remoteref) refs/heads/main refs/remotes/main [3ms]
2024-05-21 07:48:52.425 [info] > git status -z -uall [3ms]
2024-05-21 07:48:52.437 [info] > git merge-base refs/heads/main refs/remotes/origin/main [3ms]
2024-05-21 07:48:52.446 [info] > git rev-list --count --left-right refs/heads/main...refs/remotes/origin/main [3ms]
2024-05-21 07:48:52.454 [info] > git diff --name-status -z --diff-filter=ADMR 6b4b121cd39773462f1ad17c4bbc2ceecc3051cf...refs/remotes/origin/main [3ms]
2024-05-21 07:48:52.499 [info] > git ls-files --stage -- /home/daro_ops/Documents/campus/infusionCodigoCafeinado/README.md [1ms]
2024-05-21 07:48:52.504 [info] > git cat-file -s a67e1641a44b34dc57381d44672a60ff5581950e [1ms]
2024-05-21 07:48:52.512 [info] > git show --textconv :README.md [2ms]
2024-05-21 07:49:16.148 [info] > git config --get commit.template [13ms]
2024-05-21 07:49:16.157 [info] > git ls-files --stage -- /home/daro_ops/Documents/campus/infusionCodigoCafeinado/README.md [10ms]
2024-05-21 07:49:16.168 [info] > git for-each-ref --format=%(refname)%00%(upstream:short)%00%(objectname)%00%(upstream:track)%00%(upstream:remotename)%00%(upstream:remoteref) refs/heads/main refs/remotes/main [11ms]
2024-05-21 07:49:16.178 [info] > git cat-file -s a67e1641a44b34dc57381d44672a60ff5581950e [13ms]
2024-05-21 07:49:16.181 [info] > git status -z -uall [4ms]
2024-05-21 07:49:16.198 [info] > git merge-base refs/heads/main refs/remotes/origin/main [7ms]
2024-05-21 07:49:16.210 [info] > git rev-list --count --left-right refs/heads/main...refs/remotes/origin/main [3ms]
2024-05-21 07:49:16.224 [info] > git diff --name-status -z --diff-filter=ADMR e8da841291e921e4ef1f27a4cf16ecb494c1c13a...refs/remotes/origin/main [4ms]
2024-05-21 07:49:16.251 [info] > git show --textconv :README.md [3ms]
