2024-05-18 18:09:25.639 [error] [File Watcher (node.js)] Failed to watch /home/daro_ops/Documents/campus/proyectoJavascript/node_modules/dotenv/package.json for changes using fs.watch() (Error: ENOENT: no such file or directory, watch '/home/daro_ops/Documents/campus/proyectoJavascript/node_modules/dotenv/package.json')
2024-05-18 18:09:25.639 [error] [File Watcher (parcel)] Unexpected error stopping watcher: Unable to remove watcher: Invalid argument (path: /home/daro_ops/Documents/campus/proyectoJavascript/node_modules)
2024-05-18 18:09:25.640 [error] [File Watcher (node.js)] Failed to watch /home/daro_ops/Documents/campus/proyectoJavascript/node_modules/@types/triple-beam/package.json for changes using fs.watch() (Error: ENOENT: no such file or directory, watch '/home/daro_ops/Documents/campus/proyectoJavascript/node_modules/@types/triple-beam/package.json')
2024-05-18 18:09:25.641 [error] [File Watcher (node.js)] Failed to watch /home/daro_ops/Documents/campus/proyectoJavascript/node_modules/@types/mute-stream/package.json for changes using fs.watch() (Error: ENOENT: no such file or directory, watch '/home/daro_ops/Documents/campus/proyectoJavascript/node_modules/@types/mute-stream/package.json')
2024-05-18 18:09:25.642 [error] [File Watcher (node.js)] Failed to watch /home/daro_ops/Documents/campus/proyectoJavascript/node_modules/@types/wrap-ansi/package.json for changes using fs.watch() (Error: ENOENT: no such file or directory, watch '/home/daro_ops/Documents/campus/proyectoJavascript/node_modules/@types/wrap-ansi/package.json')
2024-05-18 18:09:25.643 [error] [File Watcher (node.js)] Failed to watch /home/daro_ops/Documents/campus/proyectoJavascript/node_modules/@types/node/package.json for changes using fs.watch() (Error: ENOENT: no such file or directory, watch '/home/daro_ops/Documents/campus/proyectoJavascript/node_modules/@types/node/package.json')
2024-05-18 18:09:25.644 [error] [File Watcher (parcel)] Unexpected error stopping watcher: Unable to remove watcher: Invalid argument (path: /home/daro_ops/Documents/campus/proyectoJavascript/node_modules/@types)
2024-05-18 19:10:35.797 [warning] [File Watcher (parcel)] Watcher shutdown because watched path got deleted (path: /home/daro_ops/Documents/campus/proyectoJavascript/js)
2024-05-18 19:20:29.127 [warning] [File Watcher (node.js)] Watcher shutdown because watched path got deleted
2024-05-18 19:20:31.247 [error] [File Watcher (node.js)] Failed to watch /home/daro_ops/Documents/campus/proyectoJavascript/js/modules/getBentoIds.js for changes using fs.watch() (Error: ENOENT: no such file or directory, watch '/home/daro_ops/Documents/campus/proyectoJavascript/js/modules/getBentoIds.js')
2024-05-18 19:20:31.268 [error] [File Watcher (node.js)] Failed to watch /home/daro_ops/Documents/campus/proyectoJavascript/js/modules/initMobile.js for changes using fs.watch() (Error: ENOENT: no such file or directory, watch '/home/daro_ops/Documents/campus/proyectoJavascript/js/modules/initMobile.js')
2024-05-18 19:20:31.270 [error] [File Watcher (node.js)] Failed to watch /home/daro_ops/Documents/campus/proyectoJavascript/js/modules/insertSuggestions.js for changes using fs.watch() (Error: ENOENT: no such file or directory, watch '/home/daro_ops/Documents/campus/proyectoJavascript/js/modules/insertSuggestions.js')
2024-05-18 19:20:31.273 [error] [File Watcher (node.js)] Failed to watch /home/daro_ops/Documents/campus/proyectoJavascript/js/modules/insertTracks.js for changes using fs.watch() (Error: ENOENT: no such file or directory, watch '/home/daro_ops/Documents/campus/proyectoJavascript/js/modules/insertTracks.js')
2024-05-18 19:20:31.273 [error] [File Watcher (node.js)] Failed to watch /home/daro_ops/Documents/campus/proyectoJavascript/js/services/tracks/getAlbumsTracks.js for changes using fs.watch() (Error: ENOENT: no such file or directory, watch '/home/daro_ops/Documents/campus/proyectoJavascript/js/services/tracks/getAlbumsTracks.js')
2024-05-18 19:20:31.274 [error] [File Watcher (node.js)] Failed to watch /home/daro_ops/Documents/campus/proyectoJavascript/js/components/components.js for changes using fs.watch() (Error: ENOENT: no such file or directory, watch '/home/daro_ops/Documents/campus/proyectoJavascript/js/components/components.js')
2024-05-18 19:20:31.275 [error] [File Watcher (node.js)] Failed to watch /home/daro_ops/Documents/campus/proyectoJavascript/js/global.js for changes using fs.watch() (Error: ENOENT: no such file or directory, watch '/home/daro_ops/Documents/campus/proyectoJavascript/js/global.js')
2024-05-18 19:20:31.276 [error] [File Watcher (node.js)] Failed to watch /home/daro_ops/Documents/campus/proyectoJavascript/js/components/playlistTracker/playlistTracker.js for changes using fs.watch() (Error: ENOENT: no such file or directory, watch '/home/daro_ops/Documents/campus/proyectoJavascript/js/components/playlistTracker/playlistTracker.js')
2024-05-18 19:20:31.276 [error] [File Watcher (node.js)] Failed to watch /home/daro_ops/Documents/campus/proyectoJavascript/js/abstract/eventBus.js for changes using fs.watch() (Error: ENOENT: no such file or directory, watch '/home/daro_ops/Documents/campus/proyectoJavascript/js/abstract/eventBus.js')
2024-05-18 19:20:31.277 [error] [File Watcher (node.js)] Failed to watch /home/daro_ops/Documents/campus/proyectoJavascript/js/utils/formatTime.js for changes using fs.watch() (Error: ENOENT: no such file or directory, watch '/home/daro_ops/Documents/campus/proyectoJavascript/js/utils/formatTime.js')
2024-05-18 19:20:31.277 [error] [File Watcher (node.js)] Failed to watch /home/daro_ops/Documents/campus/proyectoJavascript/.git/refs/remotes/origin/main for changes using fs.watch() (Error: ENOENT: no such file or directory, watch '/home/daro_ops/Documents/campus/proyectoJavascript/.git/refs/remotes/origin/main')
2024-05-18 19:22:42.444 [warning] [File Watcher (parcel)] Watcher shutdown because watched path got deleted (path: /home/daro_ops/Documents/campus/proyectoJavascript/js)
