Unable to load library file:///home/daro_ops/Documents/campus/dotenv.ts at /opt/visual-studio-code/resources/app/extensions/node_modules/typescript/lib/file:/home/daro_ops/Documents/campus/dotenv.ts
Unable to load library file:///home/daro_ops/Documents/campus/dotenv.tsx at /opt/visual-studio-code/resources/app/extensions/node_modules/typescript/lib/file:/home/daro_ops/Documents/campus/dotenv.tsx
Unable to load library file:///home/daro_ops/Documents/campus/dotenv.d.ts at /opt/visual-studio-code/resources/app/extensions/node_modules/typescript/lib/file:/home/daro_ops/Documents/campus/dotenv.d.ts
Unable to load library file:///home/daro_ops/Documents/campus/dotenv.js at /opt/visual-studio-code/resources/app/extensions/node_modules/typescript/lib/file:/home/daro_ops/Documents/campus/dotenv.js
Unable to load library file:///home/daro_ops/Documents/campus/dotenv.jsx at /opt/visual-studio-code/resources/app/extensions/node_modules/typescript/lib/file:/home/daro_ops/Documents/campus/dotenv.jsx
Unable to load library file:///home/daro_ops/Documents/campus/proyectoJavascript/dotenv.ts at /opt/visual-studio-code/resources/app/extensions/node_modules/typescript/lib/file:/home/daro_ops/Documents/campus/proyectoJavascript/dotenv.ts
Unable to load library file:///home/daro_ops/Documents/campus/proyectoJavascript/dotenv.tsx at /opt/visual-studio-code/resources/app/extensions/node_modules/typescript/lib/file:/home/daro_ops/Documents/campus/proyectoJavascript/dotenv.tsx
Unable to load library file:///home/daro_ops/Documents/campus/proyectoJavascript/dotenv.d.ts at /opt/visual-studio-code/resources/app/extensions/node_modules/typescript/lib/file:/home/daro_ops/Documents/campus/proyectoJavascript/dotenv.d.ts
Unable to load library file:///home/daro_ops/Documents/dotenv.ts at /opt/visual-studio-code/resources/app/extensions/node_modules/typescript/lib/file:/home/daro_ops/Documents/dotenv.ts
Unable to load library file:///home/daro_ops/Documents/dotenv.tsx at /opt/visual-studio-code/resources/app/extensions/node_modules/typescript/lib/file:/home/daro_ops/Documents/dotenv.tsx
Unable to load library file:///home/daro_ops/Documents/dotenv.d.ts at /opt/visual-studio-code/resources/app/extensions/node_modules/typescript/lib/file:/home/daro_ops/Documents/dotenv.d.ts
Unable to load library file:///home/daro_ops/dotenv.ts at /opt/visual-studio-code/resources/app/extensions/node_modules/typescript/lib/file:/home/daro_ops/dotenv.ts
Unable to load library file:///home/daro_ops/dotenv.tsx at /opt/visual-studio-code/resources/app/extensions/node_modules/typescript/lib/file:/home/daro_ops/dotenv.tsx
Unable to load library file:///home/daro_ops/dotenv.d.ts at /opt/visual-studio-code/resources/app/extensions/node_modules/typescript/lib/file:/home/daro_ops/dotenv.d.ts
Unable to load library file:///home/dotenv.ts at /opt/visual-studio-code/resources/app/extensions/node_modules/typescript/lib/file:/home/dotenv.ts
Unable to load library file:///home/dotenv.tsx at /opt/visual-studio-code/resources/app/extensions/node_modules/typescript/lib/file:/home/dotenv.tsx
Unable to load library file:///home/dotenv.d.ts at /opt/visual-studio-code/resources/app/extensions/node_modules/typescript/lib/file:/home/dotenv.d.ts
Unable to load library file:///dotenv.ts at /opt/visual-studio-code/resources/app/extensions/node_modules/typescript/lib/file:/dotenv.ts
Unable to load library file:///dotenv.tsx at /opt/visual-studio-code/resources/app/extensions/node_modules/typescript/lib/file:/dotenv.tsx
Unable to load library file:///dotenv.d.ts at /opt/visual-studio-code/resources/app/extensions/node_modules/typescript/lib/file:/dotenv.d.ts
Unable to load library file:///home/daro_ops/Documents/campus/proyectoJavascript/node_modules/@types/dotenv/package.json at /opt/visual-studio-code/resources/app/extensions/node_modules/typescript/lib/file:/home/daro_ops/Documents/campus/proyectoJavascript/node_modules/@types/dotenv/package.json
Unable to load library file:///home/daro_ops/Documents/campus/proyectoJavascript/node_modules/@types/dotenv.d.ts at /opt/visual-studio-code/resources/app/extensions/node_modules/typescript/lib/file:/home/daro_ops/Documents/campus/proyectoJavascript/node_modules/@types/dotenv.d.ts
Unable to load library file:///home/daro_ops/Documents/campus/proyectoJavascript/node_modules/@types/dotenv/index.d.ts at /opt/visual-studio-code/resources/app/extensions/node_modules/typescript/lib/file:/home/daro_ops/Documents/campus/proyectoJavascript/node_modules/@types/dotenv/index.d.ts
Unable to load library file:///home/daro_ops/Documents/campus/node_modules/@types/dotenv/package.json at /opt/visual-studio-code/resources/app/extensions/node_modules/typescript/lib/file:/home/daro_ops/Documents/campus/node_modules/@types/dotenv/package.json
Unable to load library file:///home/daro_ops/Documents/campus/node_modules/@types/dotenv.d.ts at /opt/visual-studio-code/resources/app/extensions/node_modules/typescript/lib/file:/home/daro_ops/Documents/campus/node_modules/@types/dotenv.d.ts
Unable to load library file:///home/daro_ops/Documents/campus/node_modules/@types/dotenv/index.d.ts at /opt/visual-studio-code/resources/app/extensions/node_modules/typescript/lib/file:/home/daro_ops/Documents/campus/node_modules/@types/dotenv/index.d.ts
Unable to load library file:///home/daro_ops/Documents/node_modules/@types/dotenv/package.json at /opt/visual-studio-code/resources/app/extensions/node_modules/typescript/lib/file:/home/daro_ops/Documents/node_modules/@types/dotenv/package.json
Unable to load library file:///home/daro_ops/Documents/node_modules/@types/dotenv.d.ts at /opt/visual-studio-code/resources/app/extensions/node_modules/typescript/lib/file:/home/daro_ops/Documents/node_modules/@types/dotenv.d.ts
Unable to load library file:///home/daro_ops/Documents/node_modules/@types/dotenv/index.d.ts at /opt/visual-studio-code/resources/app/extensions/node_modules/typescript/lib/file:/home/daro_ops/Documents/node_modules/@types/dotenv/index.d.ts
Unable to load library file:///home/daro_ops/node_modules/@types/dotenv/package.json at /opt/visual-studio-code/resources/app/extensions/node_modules/typescript/lib/file:/home/daro_ops/node_modules/@types/dotenv/package.json
Unable to load library file:///home/daro_ops/node_modules/@types/dotenv.d.ts at /opt/visual-studio-code/resources/app/extensions/node_modules/typescript/lib/file:/home/daro_ops/node_modules/@types/dotenv.d.ts
Unable to load library file:///home/daro_ops/node_modules/@types/dotenv/index.d.ts at /opt/visual-studio-code/resources/app/extensions/node_modules/typescript/lib/file:/home/daro_ops/node_modules/@types/dotenv/index.d.ts
Unable to load library file:///home/node_modules/@types/dotenv/package.json at /opt/visual-studio-code/resources/app/extensions/node_modules/typescript/lib/file:/home/node_modules/@types/dotenv/package.json
Unable to load library file:///home/node_modules/@types/dotenv.d.ts at /opt/visual-studio-code/resources/app/extensions/node_modules/typescript/lib/file:/home/node_modules/@types/dotenv.d.ts
Unable to load library file:///home/node_modules/@types/dotenv/index.d.ts at /opt/visual-studio-code/resources/app/extensions/node_modules/typescript/lib/file:/home/node_modules/@types/dotenv/index.d.ts
Unable to load library file:///node_modules/@types/dotenv/package.json at /opt/visual-studio-code/resources/app/extensions/node_modules/typescript/lib/file:/node_modules/@types/dotenv/package.json
Unable to load library file:///node_modules/@types/dotenv.d.ts at /opt/visual-studio-code/resources/app/extensions/node_modules/typescript/lib/file:/node_modules/@types/dotenv.d.ts
Unable to load library file:///node_modules/@types/dotenv/index.d.ts at /opt/visual-studio-code/resources/app/extensions/node_modules/typescript/lib/file:/node_modules/@types/dotenv/index.d.ts
Unable to load library file:///home/daro_ops/Documents/campus/proyectoJavascript/dotenv.js at /opt/visual-studio-code/resources/app/extensions/node_modules/typescript/lib/file:/home/daro_ops/Documents/campus/proyectoJavascript/dotenv.js
Unable to load library file:///home/daro_ops/Documents/campus/proyectoJavascript/dotenv.jsx at /opt/visual-studio-code/resources/app/extensions/node_modules/typescript/lib/file:/home/daro_ops/Documents/campus/proyectoJavascript/dotenv.jsx
Unable to load library file:///home/daro_ops/Documents/dotenv.js at /opt/visual-studio-code/resources/app/extensions/node_modules/typescript/lib/file:/home/daro_ops/Documents/dotenv.js
Unable to load library file:///home/daro_ops/Documents/dotenv.jsx at /opt/visual-studio-code/resources/app/extensions/node_modules/typescript/lib/file:/home/daro_ops/Documents/dotenv.jsx
Unable to load library file:///home/daro_ops/dotenv.js at /opt/visual-studio-code/resources/app/extensions/node_modules/typescript/lib/file:/home/daro_ops/dotenv.js
Unable to load library file:///home/daro_ops/dotenv.jsx at /opt/visual-studio-code/resources/app/extensions/node_modules/typescript/lib/file:/home/daro_ops/dotenv.jsx
Unable to load library file:///home/dotenv.js at /opt/visual-studio-code/resources/app/extensions/node_modules/typescript/lib/file:/home/dotenv.js
Unable to load library file:///home/dotenv.jsx at /opt/visual-studio-code/resources/app/extensions/node_modules/typescript/lib/file:/home/dotenv.jsx
Unable to load library file:///dotenv.js at /opt/visual-studio-code/resources/app/extensions/node_modules/typescript/lib/file:/dotenv.js
Unable to load library file:///dotenv.jsx at /opt/visual-studio-code/resources/app/extensions/node_modules/typescript/lib/file:/dotenv.jsx
Unable to load library file:///home/daro_ops/Documents/campus/proyectoJavascript/.d.dotenv.ts at /opt/visual-studio-code/resources/app/extensions/node_modules/typescript/lib/file:/home/daro_ops/Documents/campus/proyectoJavascript/.d.dotenv.ts
Unable to load library file:///home/daro_ops/Documents/campus/proyectoJavascript/.dotenv.ts at /opt/visual-studio-code/resources/app/extensions/node_modules/typescript/lib/file:/home/daro_ops/Documents/campus/proyectoJavascript/.dotenv.ts
Unable to load library file:///home/daro_ops/Documents/campus/proyectoJavascript/.dotenv.tsx at /opt/visual-studio-code/resources/app/extensions/node_modules/typescript/lib/file:/home/daro_ops/Documents/campus/proyectoJavascript/.dotenv.tsx
Unable to load library file:///home/daro_ops/Documents/campus/proyectoJavascript/.dotenv.d.ts at /opt/visual-studio-code/resources/app/extensions/node_modules/typescript/lib/file:/home/daro_ops/Documents/campus/proyectoJavascript/.dotenv.d.ts
Unable to load library file:///home/daro_ops/Documents/campus/.d.dotenv.ts at /opt/visual-studio-code/resources/app/extensions/node_modules/typescript/lib/file:/home/daro_ops/Documents/campus/.d.dotenv.ts
Unable to load library file:///home/daro_ops/Documents/campus/.dotenv.ts at /opt/visual-studio-code/resources/app/extensions/node_modules/typescript/lib/file:/home/daro_ops/Documents/campus/.dotenv.ts
Unable to load library file:///home/daro_ops/Documents/campus/.dotenv.tsx at /opt/visual-studio-code/resources/app/extensions/node_modules/typescript/lib/file:/home/daro_ops/Documents/campus/.dotenv.tsx
Unable to load library file:///home/daro_ops/Documents/campus/.dotenv.d.ts at /opt/visual-studio-code/resources/app/extensions/node_modules/typescript/lib/file:/home/daro_ops/Documents/campus/.dotenv.d.ts
Unable to load library file:///home/daro_ops/Documents/.d.dotenv.ts at /opt/visual-studio-code/resources/app/extensions/node_modules/typescript/lib/file:/home/daro_ops/Documents/.d.dotenv.ts
Unable to load library file:///home/daro_ops/Documents/.dotenv.ts at /opt/visual-studio-code/resources/app/extensions/node_modules/typescript/lib/file:/home/daro_ops/Documents/.dotenv.ts
Unable to load library file:///home/daro_ops/Documents/.dotenv.tsx at /opt/visual-studio-code/resources/app/extensions/node_modules/typescript/lib/file:/home/daro_ops/Documents/.dotenv.tsx
Unable to load library file:///home/daro_ops/Documents/.dotenv.d.ts at /opt/visual-studio-code/resources/app/extensions/node_modules/typescript/lib/file:/home/daro_ops/Documents/.dotenv.d.ts
Unable to load library file:///home/daro_ops/.d.dotenv.ts at /opt/visual-studio-code/resources/app/extensions/node_modules/typescript/lib/file:/home/daro_ops/.d.dotenv.ts
Unable to load library file:///home/daro_ops/.dotenv.ts at /opt/visual-studio-code/resources/app/extensions/node_modules/typescript/lib/file:/home/daro_ops/.dotenv.ts
Unable to load library file:///home/daro_ops/.dotenv.tsx at /opt/visual-studio-code/resources/app/extensions/node_modules/typescript/lib/file:/home/daro_ops/.dotenv.tsx
Unable to load library file:///home/daro_ops/.dotenv.d.ts at /opt/visual-studio-code/resources/app/extensions/node_modules/typescript/lib/file:/home/daro_ops/.dotenv.d.ts
Unable to load library file:///home/.d.dotenv.ts at /opt/visual-studio-code/resources/app/extensions/node_modules/typescript/lib/file:/home/.d.dotenv.ts
Unable to load library file:///home/.dotenv.ts at /opt/visual-studio-code/resources/app/extensions/node_modules/typescript/lib/file:/home/.dotenv.ts
Unable to load library file:///home/.dotenv.tsx at /opt/visual-studio-code/resources/app/extensions/node_modules/typescript/lib/file:/home/.dotenv.tsx
Unable to load library file:///home/.dotenv.d.ts at /opt/visual-studio-code/resources/app/extensions/node_modules/typescript/lib/file:/home/.dotenv.d.ts
Unable to load library file:///.d.dotenv.ts at /opt/visual-studio-code/resources/app/extensions/node_modules/typescript/lib/file:/.d.dotenv.ts
Unable to load library file:///.dotenv.ts at /opt/visual-studio-code/resources/app/extensions/node_modules/typescript/lib/file:/.dotenv.ts
Unable to load library file:///.dotenv.tsx at /opt/visual-studio-code/resources/app/extensions/node_modules/typescript/lib/file:/.dotenv.tsx
Unable to load library file:///.dotenv.d.ts at /opt/visual-studio-code/resources/app/extensions/node_modules/typescript/lib/file:/.dotenv.d.ts
Unable to load library file:///home/daro_ops/Documents/campus/proyectoJavascript/node_modules/@types/.dotenv/package.json at /opt/visual-studio-code/resources/app/extensions/node_modules/typescript/lib/file:/home/daro_ops/Documents/campus/proyectoJavascript/node_modules/@types/.dotenv/package.json
Unable to load library file:///home/daro_ops/Documents/campus/proyectoJavascript/node_modules/@types/.d.dotenv.ts at /opt/visual-studio-code/resources/app/extensions/node_modules/typescript/lib/file:/home/daro_ops/Documents/campus/proyectoJavascript/node_modules/@types/.d.dotenv.ts
Unable to load library file:///home/daro_ops/Documents/campus/proyectoJavascript/node_modules/@types/.dotenv.d.ts at /opt/visual-studio-code/resources/app/extensions/node_modules/typescript/lib/file:/home/daro_ops/Documents/campus/proyectoJavascript/node_modules/@types/.dotenv.d.ts
Unable to load library file:///home/daro_ops/Documents/campus/proyectoJavascript/node_modules/@types/.dotenv/index.d.ts at /opt/visual-studio-code/resources/app/extensions/node_modules/typescript/lib/file:/home/daro_ops/Documents/campus/proyectoJavascript/node_modules/@types/.dotenv/index.d.ts
Unable to load library file:///home/daro_ops/Documents/campus/node_modules/@types/.dotenv/package.json at /opt/visual-studio-code/resources/app/extensions/node_modules/typescript/lib/file:/home/daro_ops/Documents/campus/node_modules/@types/.dotenv/package.json
Unable to load library file:///home/daro_ops/Documents/campus/node_modules/@types/.d.dotenv.ts at /opt/visual-studio-code/resources/app/extensions/node_modules/typescript/lib/file:/home/daro_ops/Documents/campus/node_modules/@types/.d.dotenv.ts
Unable to load library file:///home/daro_ops/Documents/campus/node_modules/@types/.dotenv.d.ts at /opt/visual-studio-code/resources/app/extensions/node_modules/typescript/lib/file:/home/daro_ops/Documents/campus/node_modules/@types/.dotenv.d.ts
Unable to load library file:///home/daro_ops/Documents/campus/node_modules/@types/.dotenv/index.d.ts at /opt/visual-studio-code/resources/app/extensions/node_modules/typescript/lib/file:/home/daro_ops/Documents/campus/node_modules/@types/.dotenv/index.d.ts
Unable to load library file:///home/daro_ops/Documents/node_modules/@types/.dotenv/package.json at /opt/visual-studio-code/resources/app/extensions/node_modules/typescript/lib/file:/home/daro_ops/Documents/node_modules/@types/.dotenv/package.json
Unable to load library file:///home/daro_ops/Documents/node_modules/@types/.d.dotenv.ts at /opt/visual-studio-code/resources/app/extensions/node_modules/typescript/lib/file:/home/daro_ops/Documents/node_modules/@types/.d.dotenv.ts
Unable to load library file:///home/daro_ops/Documents/node_modules/@types/.dotenv.d.ts at /opt/visual-studio-code/resources/app/extensions/node_modules/typescript/lib/file:/home/daro_ops/Documents/node_modules/@types/.dotenv.d.ts
Unable to load library file:///home/daro_ops/Documents/node_modules/@types/.dotenv/index.d.ts at /opt/visual-studio-code/resources/app/extensions/node_modules/typescript/lib/file:/home/daro_ops/Documents/node_modules/@types/.dotenv/index.d.ts
Unable to load library file:///home/daro_ops/node_modules/@types/.dotenv/package.json at /opt/visual-studio-code/resources/app/extensions/node_modules/typescript/lib/file:/home/daro_ops/node_modules/@types/.dotenv/package.json
Unable to load library file:///home/daro_ops/node_modules/@types/.d.dotenv.ts at /opt/visual-studio-code/resources/app/extensions/node_modules/typescript/lib/file:/home/daro_ops/node_modules/@types/.d.dotenv.ts
Unable to load library file:///home/daro_ops/node_modules/@types/.dotenv.d.ts at /opt/visual-studio-code/resources/app/extensions/node_modules/typescript/lib/file:/home/daro_ops/node_modules/@types/.dotenv.d.ts
Unable to load library file:///home/daro_ops/node_modules/@types/.dotenv/index.d.ts at /opt/visual-studio-code/resources/app/extensions/node_modules/typescript/lib/file:/home/daro_ops/node_modules/@types/.dotenv/index.d.ts
Unable to load library file:///home/node_modules/@types/.dotenv/package.json at /opt/visual-studio-code/resources/app/extensions/node_modules/typescript/lib/file:/home/node_modules/@types/.dotenv/package.json
Unable to load library file:///home/node_modules/@types/.d.dotenv.ts at /opt/visual-studio-code/resources/app/extensions/node_modules/typescript/lib/file:/home/node_modules/@types/.d.dotenv.ts
Unable to load library file:///home/node_modules/@types/.dotenv.d.ts at /opt/visual-studio-code/resources/app/extensions/node_modules/typescript/lib/file:/home/node_modules/@types/.dotenv.d.ts
Unable to load library file:///home/node_modules/@types/.dotenv/index.d.ts at /opt/visual-studio-code/resources/app/extensions/node_modules/typescript/lib/file:/home/node_modules/@types/.dotenv/index.d.ts
Unable to load library file:///node_modules/@types/.dotenv/package.json at /opt/visual-studio-code/resources/app/extensions/node_modules/typescript/lib/file:/node_modules/@types/.dotenv/package.json
Unable to load library file:///node_modules/@types/.d.dotenv.ts at /opt/visual-studio-code/resources/app/extensions/node_modules/typescript/lib/file:/node_modules/@types/.d.dotenv.ts
Unable to load library file:///node_modules/@types/.dotenv.d.ts at /opt/visual-studio-code/resources/app/extensions/node_modules/typescript/lib/file:/node_modules/@types/.dotenv.d.ts
Unable to load library file:///node_modules/@types/.dotenv/index.d.ts at /opt/visual-studio-code/resources/app/extensions/node_modules/typescript/lib/file:/node_modules/@types/.dotenv/index.d.ts
Unable to load library file:///home/daro_ops/Documents/campus/proyectoJavascript/.dotenv.js at /opt/visual-studio-code/resources/app/extensions/node_modules/typescript/lib/file:/home/daro_ops/Documents/campus/proyectoJavascript/.dotenv.js
Unable to load library file:///home/daro_ops/Documents/campus/proyectoJavascript/.dotenv.jsx at /opt/visual-studio-code/resources/app/extensions/node_modules/typescript/lib/file:/home/daro_ops/Documents/campus/proyectoJavascript/.dotenv.jsx
Unable to load library file:///home/daro_ops/Documents/campus/.dotenv.js at /opt/visual-studio-code/resources/app/extensions/node_modules/typescript/lib/file:/home/daro_ops/Documents/campus/.dotenv.js
Unable to load library file:///home/daro_ops/Documents/campus/.dotenv.jsx at /opt/visual-studio-code/resources/app/extensions/node_modules/typescript/lib/file:/home/daro_ops/Documents/campus/.dotenv.jsx
Unable to load library file:///home/daro_ops/Documents/.dotenv.js at /opt/visual-studio-code/resources/app/extensions/node_modules/typescript/lib/file:/home/daro_ops/Documents/.dotenv.js
Unable to load library file:///home/daro_ops/Documents/.dotenv.jsx at /opt/visual-studio-code/resources/app/extensions/node_modules/typescript/lib/file:/home/daro_ops/Documents/.dotenv.jsx
Unable to load library file:///home/daro_ops/.dotenv.js at /opt/visual-studio-code/resources/app/extensions/node_modules/typescript/lib/file:/home/daro_ops/.dotenv.js
Unable to load library file:///home/daro_ops/.dotenv.jsx at /opt/visual-studio-code/resources/app/extensions/node_modules/typescript/lib/file:/home/daro_ops/.dotenv.jsx
Unable to load library file:///home/.dotenv.js at /opt/visual-studio-code/resources/app/extensions/node_modules/typescript/lib/file:/home/.dotenv.js
Unable to load library file:///home/.dotenv.jsx at /opt/visual-studio-code/resources/app/extensions/node_modules/typescript/lib/file:/home/.dotenv.jsx
Unable to load library file:///.dotenv.js at /opt/visual-studio-code/resources/app/extensions/node_modules/typescript/lib/file:/.dotenv.js
Unable to load library file:///.dotenv.jsx at /opt/visual-studio-code/resources/app/extensions/node_modules/typescript/lib/file:/.dotenv.jsx
Unable to load library file:///home/daro_ops/documents/campus/proyectojavascript/package.json at /opt/visual-studio-code/resources/app/extensions/node_modules/typescript/lib/file:/home/daro_ops/documents/campus/proyectojavascript/package.json
Unable to load library file:///home/daro_ops/documents/campus/package.json at /opt/visual-studio-code/resources/app/extensions/node_modules/typescript/lib/file:/home/daro_ops/documents/campus/package.json
Unable to load library file:///home/daro_ops/documents/package.json at /opt/visual-studio-code/resources/app/extensions/node_modules/typescript/lib/file:/home/daro_ops/documents/package.json
Unable to load library file:///home/daro_ops/package.json at /opt/visual-studio-code/resources/app/extensions/node_modules/typescript/lib/file:/home/daro_ops/package.json
Unable to load library file:///home/package.json at /opt/visual-studio-code/resources/app/extensions/node_modules/typescript/lib/file:/home/package.json
Unable to load library file:///package.json at /opt/visual-studio-code/resources/app/extensions/node_modules/typescript/lib/file:/package.json
