2024-05-20 11:53:28.860 [info] Invoking resolveAuthority(ssh-remote)...
2024-05-20 11:53:28.879 [info] [LocalProcess0][resolveAuthority(ssh-remote,1)][0ms] obtaining proxy...
2024-05-20 11:53:28.917 [info] Started local extension host with pid 214615.
2024-05-20 11:53:29.016 [warning] [remote-ssh]: Couldn't find message for key setting.usseExecServer.description.
2024-05-20 11:53:29.422 [info] [LocalProcess0][resolveAuthority(ssh-remote,1)][544ms] invoking...
2024-05-20 11:53:30.423 [info] [LocalProcess0][resolveAuthority(ssh-remote,1)][1544ms] waiting...
2024-05-20 11:53:31.422 [info] [LocalProcess0][resolveAuthority(ssh-remote,1)][2544ms] waiting...
2024-05-20 11:53:32.422 [info] [LocalProcess0][resolveAuthority(ssh-remote,1)][3544ms] waiting...
2024-05-20 11:53:33.423 [info] [LocalProcess0][resolveAuthority(ssh-remote,1)][4544ms] waiting...
2024-05-20 11:53:34.422 [info] [LocalProcess0][resolveAuthority(ssh-remote,1)][5544ms] waiting...
2024-05-20 11:53:35.422 [info] [LocalProcess0][resolveAuthority(ssh-remote,1)][6544ms] waiting...
2024-05-20 11:53:36.422 [info] [LocalProcess0][resolveAuthority(ssh-remote,1)][7544ms] waiting...
2024-05-20 11:53:37.422 [info] [LocalProcess0][resolveAuthority(ssh-remote,1)][8544ms] waiting...
2024-05-20 11:53:38.422 [info] [LocalProcess0][resolveAuthority(ssh-remote,1)][9544ms] waiting...
2024-05-20 11:53:39.422 [info] [LocalProcess0][resolveAuthority(ssh-remote,1)][10544ms] waiting...
2024-05-20 11:53:40.422 [info] [LocalProcess0][resolveAuthority(ssh-remote,1)][11544ms] waiting...
2024-05-20 11:53:41.423 [info] [LocalProcess0][resolveAuthority(ssh-remote,1)][12544ms] waiting...
2024-05-20 11:53:42.422 [info] [LocalProcess0][resolveAuthority(ssh-remote,1)][13544ms] waiting...
2024-05-20 11:53:43.422 [info] [LocalProcess0][resolveAuthority(ssh-remote,1)][14544ms] waiting...
2024-05-20 11:53:44.422 [info] [LocalProcess0][resolveAuthority(ssh-remote,1)][15544ms] waiting...
2024-05-20 11:53:45.423 [info] [LocalProcess0][resolveAuthority(ssh-remote,1)][16544ms] waiting...
2024-05-20 11:53:46.423 [info] [LocalProcess0][resolveAuthority(ssh-remote,1)][17544ms] waiting...
2024-05-20 11:53:47.422 [info] [LocalProcess0][resolveAuthority(ssh-remote,1)][18544ms] waiting...
2024-05-20 11:53:48.422 [info] [LocalProcess0][resolveAuthority(ssh-remote,1)][19544ms] waiting...
2024-05-20 11:53:49.423 [info] [LocalProcess0][resolveAuthority(ssh-remote,1)][20544ms] waiting...
2024-05-20 11:53:50.422 [info] [LocalProcess0][resolveAuthority(ssh-remote,1)][21544ms] waiting...
2024-05-20 11:53:51.422 [info] [LocalProcess0][resolveAuthority(ssh-remote,1)][22544ms] waiting...
2024-05-20 11:53:52.422 [info] [LocalProcess0][resolveAuthority(ssh-remote,1)][23544ms] waiting...
2024-05-20 11:53:52.771 [info] [LocalProcess0][resolveAuthority(ssh-remote,1)][23892ms] returned Managed(1)
2024-05-20 11:53:52.771 [info] resolveAuthority(ssh-remote) returned 'Managed(1)' after 23911 ms
2024-05-20 11:53:52.773 [info] Creating a socket (renderer-Management-fea1b4e9-c943-49fe-97ad-5d646d747bc9)...
2024-05-20 11:53:52.773 [info] Creating a socket (renderer-ExtensionHost-29aa3dfb-75ac-416e-bfda-7a0c42cde864)...
2024-05-20 11:53:56.492 [info] Creating a socket (renderer-Management-fea1b4e9-c943-49fe-97ad-5d646d747bc9) was successful after 3719 ms.
2024-05-20 11:53:56.587 [info] Creating a socket (renderer-ExtensionHost-29aa3dfb-75ac-416e-bfda-7a0c42cde864) was successful after 3720 ms.
2024-05-20 11:53:58.360 [info] [perf] Render performance baseline is 69ms
2024-05-20 11:55:07.215 [info] Started local extension host with pid 221576.
2024-05-20 11:55:07.841 [info] Invoking resolveAuthority(ssh-remote)...
2024-05-20 11:55:07.842 [info] [LocalProcess0][resolveAuthority(ssh-remote,1)][0ms] obtaining proxy...
2024-05-20 11:55:07.842 [info] [LocalProcess0][resolveAuthority(ssh-remote,1)][0ms] invoking...
2024-05-20 11:55:08.072 [info] [LocalProcess0][resolveAuthority(ssh-remote,1)][230ms] returned Managed(1)
2024-05-20 11:55:08.072 [info] resolveAuthority(ssh-remote) returned 'Managed(1)' after 231 ms
2024-05-20 11:55:08.073 [info] Creating a socket (renderer-Management-34d2811c-daed-4656-ae10-f49eb59119b4)...
2024-05-20 11:55:08.073 [info] Creating a socket (renderer-ExtensionHost-b2570589-d011-4fd6-8de9-df6fc884aaf7)...
2024-05-20 11:55:08.177 [info] Creating a socket (renderer-Management-34d2811c-daed-4656-ae10-f49eb59119b4) was successful after 103 ms.
2024-05-20 11:55:08.179 [info] Creating a socket (renderer-ExtensionHost-b2570589-d011-4fd6-8de9-df6fc884aaf7) was successful after 105 ms.
2024-05-20 11:55:10.468 [warning] [remote-ssh]: Couldn't find message for key setting.usseExecServer.description.
2024-05-20 11:55:10.566 [info] [perf] Render performance baseline is 52ms
2024-05-20 12:16:41.308 [info] Extension host (Remote) is unresponsive.
2024-05-20 12:16:41.753 [info] Extension host (Remote) is responsive.
2024-05-20 12:16:46.351 [info] Extension host (Remote) is unresponsive.
2024-05-20 12:16:51.655 [info] Extension host (Remote) is responsive.
2024-05-20 12:17:46.566 [info] Extension host (Remote) is unresponsive.
2024-05-20 12:17:46.612 [info] Extension host (Remote) is responsive.
2024-05-20 12:22:17.760 [info] Started local extension host with pid 336141.
2024-05-20 12:22:20.965 [warning] [remote-ssh]: Couldn't find message for key setting.usseExecServer.description.
2024-05-20 12:22:21.167 [info] [perf] Render performance baseline is 40ms
