2024-05-20 11:53:28.786 [info] Added views:workbench.panel.markers.view in workbench.panel.markers
2024-05-20 11:53:28.787 [info] Added views:workbench.panel.output in workbench.panel.output
2024-05-20 11:53:28.787 [info] Added views:terminal in terminal
2024-05-20 11:53:28.787 [info] Added views:outline in workbench.view.explorer
2024-05-20 11:53:28.787 [info] Added views:workbench.scm in workbench.view.scm
2024-05-20 11:53:28.787 [info] Added views:workbench.view.search in workbench.view.search
2024-05-20 11:53:28.787 [info] Added views:workbench.explorer.emptyView in workbench.view.explorer
2024-05-20 11:53:29.111 [info] Added views:workbench.debug.variablesView,workbench.debug.watchExpressionsView,workbench.debug.callStackView,workbench.debug.breakPointsView in workbench.view.debug
2024-05-20 11:53:29.495 [info] Added views:~remote.forwardedPorts in ~remote.forwardedPortsContainer
2024-05-20 11:53:57.349 [info] Added views:remoteTargets in workbench.view.remote
2024-05-20 11:53:57.588 [info] Removed views:workbench.debug.breakPointsView,workbench.debug.callStackView,workbench.debug.watchExpressionsView,workbench.debug.variablesView from workbench.view.debug
2024-05-20 11:53:57.589 [info] Added views:workbench.debug.welcome in workbench.view.debug
2024-05-20 11:53:57.894 [info] Added views:workbench.panel.repl.view in workbench.panel.repl
2024-05-20 11:55:07.098 [info] Added views:workbench.panel.markers.view in workbench.panel.markers
2024-05-20 11:55:07.099 [info] Added views:workbench.panel.output in workbench.panel.output
2024-05-20 11:55:07.099 [info] Added views:terminal in terminal
2024-05-20 11:55:07.099 [info] Added views:outline in workbench.view.explorer
2024-05-20 11:55:07.099 [info] Added views:workbench.scm in workbench.view.scm
2024-05-20 11:55:07.099 [info] Added views:workbench.view.search in workbench.view.search
2024-05-20 11:55:07.099 [info] Added views:workbench.explorer.fileView in workbench.view.explorer
2024-05-20 11:55:07.386 [info] Added views:workbench.debug.variablesView,workbench.debug.watchExpressionsView,workbench.debug.callStackView,workbench.debug.breakPointsView in workbench.view.debug
2024-05-20 11:55:07.885 [info] Added views:~remote.forwardedPorts in ~remote.forwardedPortsContainer
2024-05-20 11:55:08.569 [info] Added views:remoteTargets in workbench.view.remote
2024-05-20 11:55:08.856 [info] Removed views:workbench.debug.breakPointsView,workbench.debug.callStackView,workbench.debug.watchExpressionsView,workbench.debug.variablesView from workbench.view.debug
2024-05-20 11:55:08.858 [info] Added views:workbench.debug.welcome in workbench.view.debug
2024-05-20 11:55:09.239 [info] Added views:workbench.panel.repl.view in workbench.panel.repl
2024-05-20 12:22:17.630 [info] Added views:workbench.panel.markers.view in workbench.panel.markers
2024-05-20 12:22:17.630 [info] Added views:workbench.panel.output in workbench.panel.output
2024-05-20 12:22:17.630 [info] Added views:terminal in terminal
2024-05-20 12:22:17.630 [info] Added views:outline in workbench.view.explorer
2024-05-20 12:22:17.630 [info] Added views:workbench.scm in workbench.view.scm
2024-05-20 12:22:17.630 [info] Added views:workbench.view.search in workbench.view.search
2024-05-20 12:22:17.630 [info] Added views:workbench.explorer.emptyView in workbench.view.explorer
2024-05-20 12:22:17.958 [info] Added views:github-actions.empty-view in workbench.view.extension.github-actions
2024-05-20 12:22:17.959 [info] Added views:remoteTargets in workbench.view.remote
2024-05-20 12:22:17.962 [info] Added views:thunder-client-sidebar in workbench.view.extension.thunder-client
2024-05-20 12:22:18.209 [info] Added views:workbench.debug.variablesView,workbench.debug.watchExpressionsView,workbench.debug.callStackView,workbench.debug.breakPointsView in workbench.view.debug
2024-05-20 12:22:18.462 [info] Added views:workbench.panel.repl.view in workbench.panel.repl
2024-05-20 12:22:18.464 [info] Removed views:workbench.debug.breakPointsView,workbench.debug.callStackView,workbench.debug.watchExpressionsView,workbench.debug.variablesView from workbench.view.debug
2024-05-20 12:22:18.464 [info] Added views:workbench.debug.welcome in workbench.view.debug
2024-05-20 12:22:18.634 [info] Added views:~remote.forwardedPorts in ~remote.forwardedPortsContainer
