2024-05-21 09:20:21.094 [info] Added views:workbench.panel.markers.view in workbench.panel.markers
2024-05-21 09:20:21.094 [info] Added views:workbench.panel.output in workbench.panel.output
2024-05-21 09:20:21.094 [info] Added views:terminal in terminal
2024-05-21 09:20:21.094 [info] Added views:outline in workbench.view.explorer
2024-05-21 09:20:21.094 [info] Added views:workbench.scm in workbench.view.scm
2024-05-21 09:20:21.094 [info] Added views:workbench.view.search in workbench.view.search
2024-05-21 09:20:21.094 [info] Added views:workbench.explorer.emptyView in workbench.view.explorer
2024-05-21 09:20:21.404 [info] Added views:github-actions.empty-view in workbench.view.extension.github-actions
2024-05-21 09:20:21.404 [info] Added views:remoteTargets in workbench.view.remote
2024-05-21 09:20:21.405 [info] Added views:thunder-client-sidebar in workbench.view.extension.thunder-client
2024-05-21 09:20:21.575 [info] Added views:workbench.debug.welcome in workbench.view.debug
2024-05-21 09:20:21.703 [info] Added views:workbench.panel.repl.view in workbench.panel.repl
2024-05-21 09:20:21.744 [info] Added views:~remote.forwardedPorts in ~remote.forwardedPortsContainer
2024-05-21 09:21:02.635 [info] Added views:workbench.panel.markers.view in workbench.panel.markers
2024-05-21 09:21:02.635 [info] Added views:workbench.panel.output in workbench.panel.output
2024-05-21 09:21:02.635 [info] Added views:terminal in terminal
2024-05-21 09:21:02.635 [info] Added views:outline in workbench.view.explorer
2024-05-21 09:21:02.635 [info] Added views:workbench.scm in workbench.view.scm
2024-05-21 09:21:02.635 [info] Added views:workbench.view.search in workbench.view.search
2024-05-21 09:21:02.635 [info] Added views:workbench.explorer.fileView in workbench.view.explorer
2024-05-21 09:21:02.911 [info] Added views:github-actions.empty-view in workbench.view.extension.github-actions
2024-05-21 09:21:02.912 [info] Added views:remoteTargets in workbench.view.remote
2024-05-21 09:21:02.913 [info] Added views:thunder-client-sidebar in workbench.view.extension.thunder-client
2024-05-21 09:21:03.092 [info] Added views:workbench.debug.variablesView,workbench.debug.watchExpressionsView,workbench.debug.callStackView,workbench.debug.breakPointsView in workbench.view.debug
2024-05-21 09:21:03.198 [info] Added views:~remote.forwardedPorts in ~remote.forwardedPortsContainer
2024-05-21 09:21:03.347 [info] Added views:workbench.panel.repl.view in workbench.panel.repl
2024-05-21 09:21:03.349 [info] Removed views:workbench.debug.breakPointsView,workbench.debug.callStackView,workbench.debug.watchExpressionsView,workbench.debug.variablesView from workbench.view.debug
2024-05-21 09:21:03.349 [info] Added views:workbench.debug.welcome in workbench.view.debug
