[11:53:29.473] Log Level: 2
[11:53:29.489] SSH Resolver called for "ssh-remote+172.16.101.146", attempt 1
[11:53:29.490] "remote.SSH.useLocalServer": true
[11:53:29.491] "remote.SSH.useExecServer": true
[11:53:29.491] "remote.SSH.path": undefined
[11:53:29.492] "remote.SSH.configFile": undefined
[11:53:29.492] "remote.SSH.useFlock": true
[11:53:29.492] "remote.SSH.lockfilesInTmp": false
[11:53:29.492] "remote.SSH.localServerDownload": auto
[11:53:29.493] "remote.SSH.remoteServerListenOnSocket": false
[11:53:29.493] "remote.SSH.showLoginTerminal": false
[11:53:29.493] "remote.SSH.defaultExtensions": []
[11:53:29.493] "remote.SSH.loglevel": 2
[11:53:29.494] "remote.SSH.enableDynamicForwarding": true
[11:53:29.494] "remote.SSH.enableRemoteCommand": false
[11:53:29.494] "remote.SSH.serverPickPortsFromRange": {}
[11:53:29.494] "remote.SSH.serverInstallPath": {}
[11:53:29.502] VS Code version: 1.89.1
[11:53:29.502] Remote-SSH version: remote-ssh@0.110.1
[11:53:29.503] linux x64
[11:53:29.504] SSH Resolver called for host: 172.16.101.146
[11:53:29.504] Setting up SSH remote "172.16.101.146"
[11:53:29.510] Acquiring local install lock: /tmp/vscode-remote-ssh-66fb6ad3-install.lock
[11:53:29.513] Looking for existing server data file at /home/daro_ops/.config/Code/User/globalStorage/ms-vscode-remote.remote-ssh/vscode-ssh-host-66fb6ad3-dc96b837cf6bb4af9cd736aa3af08cf8279f7685-0.110.1-es/data.json
[11:53:29.514] Using commit id "dc96b837cf6bb4af9cd736aa3af08cf8279f7685" and quality "stable" for server
[11:53:29.522] Install and start server if needed
[11:53:29.528] PATH: /home/daro_ops/.nvm/versions/node/v20.12.2/bin:/usr/local/sbin:/usr/local/bin:/usr/bin:/usr/bin/site_perl:/usr/bin/vendor_perl:/usr/bin/core_perl
[11:53:29.528] Checking ssh with "ssh -V"
[11:53:29.963] > OpenSSH_9.7p1, OpenSSL 3.3.0 9 Apr 2024

[11:53:29.971] askpass server listening on /run/user/1000/vscode-ssh-askpass-70fced7c73e7a01abf1dd85efeb492d273e1032d.sock
[11:53:29.971] Spawning local server with {"serverId":1,"ipcHandlePath":"/run/user/1000/vscode-ssh-askpass-3277764e83278a4f12ed421be19c32e7c3bbfdc5.sock","sshCommand":"ssh","sshArgs":["-v","-T","-D","37371","-o","ConnectTimeout=15","172.16.101.146"],"serverDataFolderName":".vscode-server","dataFilePath":"/home/daro_ops/.config/Code/User/globalStorage/ms-vscode-remote.remote-ssh/vscode-ssh-host-66fb6ad3-dc96b837cf6bb4af9cd736aa3af08cf8279f7685-0.110.1-es/data.json"}
[11:53:29.971] Local server env: {"SHELL":"/usr/bin/bash","DISPLAY":":0","ELECTRON_RUN_AS_NODE":"1","SSH_ASKPASS":"/home/daro_ops/.vscode/extensions/ms-vscode-remote.remote-ssh-0.110.1/out/local-server/askpass.sh","VSCODE_SSH_ASKPASS_NODE":"/opt/visual-studio-code/code","VSCODE_SSH_ASKPASS_EXTRA_ARGS":"","VSCODE_SSH_ASKPASS_MAIN":"/home/daro_ops/.vscode/extensions/ms-vscode-remote.remote-ssh-0.110.1/out/askpass-main.js","VSCODE_SSH_ASKPASS_HANDLE":"/run/user/1000/vscode-ssh-askpass-70fced7c73e7a01abf1dd85efeb492d273e1032d.sock"}
[11:53:29.977] Spawned 214711
[11:53:30.168] > local-server-1> Running ssh connection command: ssh -v -T -D 37371 -o ConnectTimeout=15 172.16.101.146
[11:53:30.173] > local-server-1> Spawned ssh, pid=214735
[11:53:30.279] stderr> OpenSSH_9.7p1, OpenSSL 3.3.0 9 Apr 2024
[11:53:30.550] stderr> debug1: Server host key: ssh-ed25519 SHA256:pbIcKtympyO6SUyPSKqX3TpXVgoyYlXPvC+ntKrY11I
[11:53:30.869] Got askpass request: {"request":" davidstevenromeroserrano@172.16.101.146's password:"}
[11:53:30.870] Showing password prompt
[11:53:30.871] Listening for interwindow password on /run/user/1000/vscode-ssh-askpass-2b61591dc30476493141d1f2944045996b8449f0.sock
[11:53:30.871] Writing password prompt to globalState
[11:53:50.627] Got password response
[11:53:50.627] Interactor gave response: *************
[11:53:50.627] Cleaning up other-window auth server
[11:53:50.708] stderr> Authenticated to 172.16.101.146 ([172.16.101.146]:22) using "password".
[11:53:50.830] > Welcome to Ubuntu 24.04 LTS (GNU/Linux 6.8.0-31-generic x86_64)
> 
>  * Documentation:  https://help.ubuntu.com
>  * Management:     https://landscape.canonical.com
>  * Support:        https://ubuntu.com/pro
> 
>  System information as of Mon May 20 04:53:45 PM UTC 2024
> 
>   System load:  0.26               Processes:              368
>   Usage of /:   67.5% of 23.45GB   Users logged in:        18
>   Memory usage: 37%                IPv4 address for ens18: 172.16.101.146
>   Swap usage:   0%
> 
>  * Strictly confined Kubernetes makes edge and IoT secure. Learn how MicroK8s
>    just raised the bar for easy, resilient and secure K8s cluster deployment.
> 
>    https://ubuntu.com/engage/secure-kubernetes-at-the-edge
> 
> Expanded Security Maintenance for Applications is not enabled.
> 
> 0 updates can be applied immediately.
> 
> Enable ESM Apps to receive additional future security updates.
> See https://ubuntu.com/esm or run: sudo pro status
> 
[11:53:50.842] > ready: c2b348e4dc3d
[11:53:50.876] > Linux 6.8.0-31-generic #31-Ubuntu SMP PREEMPT_DYNAMIC Sat Apr 20 00:40:06 UTC 2024
[11:53:50.877] Platform: linux
[11:53:50.880] > /bin/bash
[11:53:50.880] Shell: bash
[11:53:50.881] Creating bash subshell inside "bash"
[11:53:50.885] > bash version:  5.2.21(1)-release
[11:53:50.895] > c2b348e4dc3d: running
[11:53:50.904] > Installing to /home/davidstevenromeroserrano/.vscode-server...
[11:53:50.906] > c2b348e4dc3d%%1%%
[11:53:50.909] > Downloading with wget
[11:53:52.410] > Download complete
[11:53:52.413] > c2b348e4dc3d%%2%%
[11:53:52.414] > tar --version:
[11:53:52.415] > tar (GNU tar) 1.35
> Copyright (C) 2023 Free Software Foundation, Inc.
> License GPLv3+: GNU GPL version 3 or later <https://gnu.org/licenses/gpl.html>.
> This is free software: you are free to change and redistribute it.
> There is NO WARRANTY, to the extent permitted by law.
> 
> Written by John Gilmore and Jay Fenlason.
[11:53:52.586] > code 1.89.1 (commit dc96b837cf6bb4af9cd736aa3af08cf8279f7685)
[11:53:52.588] > Starting VS Code CLI... "/home/davidstevenromeroserrano/.vscode-server/code-dc96b837cf6bb4af9cd736aa3af08cf8279f7685" command-shell --cli-data-dir "/home/davidstevenromeroserrano/.vscode-server/cli" --on-port --parent-process-id 724395 &> "/home/davidstevenromeroserrano/.vscode-server/.cli.dc96b837cf6bb4af9cd736aa3af08cf8279f7685.log" < /dev/null
> printenv:
[11:53:52.589] >     SHELL=/bin/bash
>     PWD=/home/davidstevenromeroserrano
>     LOGNAME=davidstevenromeroserrano
>     XDG_SESSION_TYPE=tty
>     HOME=/home/davidstevenromeroserrano
>     LANG=en_US.UTF-8
>     VSCODE_AGENT_FOLDER=/home/davidstevenromeroserrano/.vscode-server
>     SSH_CONNECTION=172.16.102.44 55964 172.16.101.146 22
>     XDG_SESSION_CLASS=user
>     USER=davidstevenromeroserrano
>     SHLVL=2
>     XDG_SESSION_ID=1551
>     XDG_RUNTIME_DIR=/run/user/1062
>     SSH_CLIENT=172.16.102.44 55964 22
>     XDG_DATA_DIRS=/usr/local/share:/usr/share:/var/lib/snapd/desktop
>     PATH=/usr/local/sbin:/usr/local/bin:/usr/sbin:/usr/bin:/sbin:/bin:/usr/games:/usr/local/games:/snap/bin
>     DBUS_SESSION_BUS_ADDRESS=unix:path=/run/user/1062/bus
>     _=/usr/bin/printenv
>     OLDPWD=/home/davidstevenromeroserrano/.vscode-server
[11:53:52.592] > Spawned remote CLI: 724565
[11:53:52.612] > Waiting for server log...
[11:53:52.649] > c2b348e4dc3d: start
> SSH_AUTH_SOCK====
> DISPLAY====
> listeningOn==127.0.0.1:35985==
> osReleaseId==ubuntu==
> arch==x86_64==
> vscodeArch==x64==
> bitness==64==
> tmpDir==/run/user/1062==
> platform==linux==
> unpackResult==success==
> didLocalDownload==0==
> downloadTime==1506==
> installTime==167==
> serverStartTime==57==
> execServerToken==11aaa1a1-1a11-11a1-1111-aaaaaaaa1111==
> c2b348e4dc3d: end
[11:53:52.649] Received install output: 
SSH_AUTH_SOCK====
DISPLAY====
listeningOn==127.0.0.1:35985==
osReleaseId==ubuntu==
arch==x86_64==
vscodeArch==x64==
bitness==64==
tmpDir==/run/user/1062==
platform==linux==
unpackResult==success==
didLocalDownload==0==
downloadTime==1506==
installTime==167==
serverStartTime==57==
execServerToken==11aaa1a1-1a11-11a1-1111-aaaaaaaa1111==

[11:53:52.650] Remote server is listening on port 35985
[11:53:52.650] Parsed server configuration: {"serverConfiguration":{"remoteListeningOn":{"port":35985},"osReleaseId":"ubuntu","arch":"x86_64","sshAuthSock":"","display":"","tmpDir":"/run/user/1062","platform":"linux","execServerToken":"11aaa1a1-1a11-11a1-1111-aaaaaaaa1111"},"downloadTime":1506,"installTime":167,"serverStartTime":57,"installUnpackCode":"success"}
[11:53:52.651] Persisting server connection details to /home/daro_ops/.config/Code/User/globalStorage/ms-vscode-remote.remote-ssh/vscode-ssh-host-66fb6ad3-dc96b837cf6bb4af9cd736aa3af08cf8279f7685-0.110.1-es/data.json
[11:53:52.655] Starting forwarding server. local port 40845 -> socksPort 37371 -> remotePort 35985
[11:53:52.656] Forwarding server listening on port 40845
[11:53:52.656] Waiting for ssh tunnel to be ready
[11:53:52.658] [Forwarding server port 40845] Got connection 0
[11:53:52.660] Tunneled port 35985 to local port 40845
[11:53:52.660] Resolved "ssh-remote+172.16.101.146" to "port 40845"
[11:53:52.673] Initizing new exec server for ssh-remote+172.16.101.146
[11:53:52.673] Resolving exec server at port 40845
[11:53:52.700] [Forwarding server port 40845] Got connection 1
[11:53:52.754] Exec server for ssh-remote+172.16.101.146 created and cached
[11:53:52.762] ------




[11:53:52.777] [server] Checking /home/davidstevenromeroserrano/.vscode-server/cli/servers/Stable-dc96b837cf6bb4af9cd736aa3af08cf8279f7685/log.txt and /home/davidstevenromeroserrano/.vscode-server/cli/servers/Stable-dc96b837cf6bb4af9cd736aa3af08cf8279f7685/pid.txt for a running server...
[11:53:52.916] [server] Installing and setting up Visual Studio Code Server...
[11:53:53.440] [server] Downloading Visual Studio Code server -> /tmp/.tmplFl4Rz/vscode-server-linux-x64.tar.gz
[11:53:53.441] [server] server download progress: 0/57433778 (0%)
[11:53:53.768] [server] server download progress: 2105344/57433778 (4%)
[11:53:53.821] [server] server download progress: 4210687/57433778 (7%)
[11:53:53.864] [server] server download progress: 6316031/57433778 (11%)
[11:53:53.882] [server] server download progress: 8421374/57433778 (15%)
[11:53:53.912] [server] server download progress: 10526718/57433778 (18%)
[11:53:53.932] [server] server download progress: 12632061/57433778 (22%)
[11:53:53.962] [server] server download progress: 14737405/57433778 (26%)
[11:53:53.981] [server] server download progress: 16842748/57433778 (29%)
[11:53:54.012] [server] server download progress: 18948092/57433778 (33%)
[11:53:54.032] [server] server download progress: 21053435/57433778 (37%)
[11:53:54.063] [server] server download progress: 23158779/57433778 (40%)
[11:53:54.084] [server] server download progress: 25264122/57433778 (44%)
[11:53:54.112] [server] server download progress: 27369466/57433778 (48%)
[11:53:54.132] [server] server download progress: 29474809/57433778 (51%)
[11:53:54.160] [server] server download progress: 31580153/57433778 (55%)
[11:53:54.181] [server] server download progress: 33685496/57433778 (59%)
[11:53:54.207] [server] server download progress: 35790840/57433778 (62%)
[11:53:54.229] [server] server download progress: 37896183/57433778 (66%)
[11:53:54.263] [server] server download progress: 40001527/57433778 (70%)
[11:53:54.393] [server] server download progress: 42106870/57433778 (73%)
[11:53:54.402] [server] server download progress: 44212214/57433778 (77%)
[11:53:54.489] [server] server download progress: 46317557/57433778 (81%)
[11:53:54.572] [server] server download progress: 48422901/57433778 (84%)
[11:53:54.583] [server] server download progress: 50528244/57433778 (88%)
[11:53:54.630] [server] server download progress: 52633588/57433778 (92%)
[11:53:54.671] [server] server download progress: 54738931/57433778 (95%)
[11:53:54.690] [server] server download progress: 56844275/57433778 (99%)
[11:53:54.715] [server] server download progress: 57433778/57433778 (100%)
[11:53:55.308] [server] server inflate progress: 78/1549 (5%)
[11:53:55.314] [server] server inflate progress: 157/1549 (10%)
[11:53:55.321] [server] server inflate progress: 236/1549 (15%)
[11:53:55.332] [server] server inflate progress: 315/1549 (20%)
[11:53:55.340] [server] server inflate progress: 394/1549 (25%)
[11:53:55.360] [server] server inflate progress: 473/1549 (31%)
[11:53:55.461] [server] server inflate progress: 552/1549 (36%)
[11:53:55.465] [server] server inflate progress: 631/1549 (41%)
[11:53:55.470] [server] server inflate progress: 710/1549 (46%)
[11:53:55.478] [server] server inflate progress: 789/1549 (51%)
[11:53:55.482] [server] server inflate progress: 868/1549 (56%)
[11:53:55.914] [server] server inflate progress: 947/1549 (61%)
[11:53:55.966] [server] server inflate progress: 1026/1549 (66%)
[11:53:56.011] [server] server inflate progress: 1105/1549 (71%)
[11:53:56.025] [server] server inflate progress: 1184/1549 (76%)
[11:53:56.037] [server] server inflate progress: 1263/1549 (82%)
[11:53:56.055] [server] server inflate progress: 1342/1549 (87%)
[11:53:56.072] [server] server inflate progress: 1421/1549 (92%)
[11:53:56.091] [server] server inflate progress: 1500/1549 (97%)
[11:53:56.100] [server] server inflate progress: 1549/1549 (100%)
[11:53:56.267] [server] Server integrity verified, version: 1.89.1 / dc96b837cf6bb4af9cd736aa3af08cf8279f7685 / x64 / 
[11:53:56.274] [server] Server setup complete
[11:53:56.274] [server] Starting server...
[11:53:56.275] [server] Starting server with command... Command { std: "/home/davidstevenromeroserrano/.vscode-server/cli/servers/Stable-dc96b837cf6bb4af9cd736aa3af08cf8279f7685/server/bin/code-server" "--connection-token=remotessh" "--accept-server-license-terms" "--start-server" "--enable-remote-auto-shutdown" "--socket-path=/tmp/code-16cab96d-0a11-41d5-a33d-538bd7be0865", kill_on_drop: false }
[11:53:56.318] [server] *
[11:53:56.319] [server] * Visual Studio Code Server
[11:53:56.319] [server] *
[11:53:56.319] [server] * By using the software, you agree to
[11:53:56.319] [server] * the Visual Studio Code Server License Terms (https://aka.ms/vscode-server-license) and
[11:53:56.322] [server] Server bound to /tmp/code-16cab96d-0a11-41d5-a33d-538bd7be0865
[11:53:56.322] [server] Extension host agent listening on /tmp/code-16cab96d-0a11-41d5-a33d-538bd7be0865
[11:53:56.323] [server] parsed location: "/tmp/code-16cab96d-0a11-41d5-a33d-538bd7be0865"
[11:53:56.323] [server] 
[11:53:56.323] [server] Server started
[11:53:56.446] [server] [16:53:56] 
[11:53:56.488] [server] 
[11:53:56.488] [server] 
[11:53:56.488] [server] 
[11:53:56.489] [server] 
[11:53:56.489] [server] [16:53:56] Extension host agent started.
[11:53:56.510] [server] [16:53:56] Started initializing default profile extensions in extensions installation folder. file:///home/davidstevenromeroserrano/.vscode-server/extensions
[11:53:56.607] [server] [16:53:56] [<unknown>][fea1b4e9][ManagementConnection] New connection established.
[11:53:56.613] [server] [16:53:56] [<unknown>][29aa3dfb][ExtensionHostConnection] New connection established.
[11:53:56.885] [server] [16:53:56] Completed initializing default profile extensions in extensions installation folder. file:///home/davidstevenromeroserrano/.vscode-server/extensions
[11:53:57.062] [server] [16:53:57] [<unknown>][29aa3dfb][ExtensionHostConnection] <724888> Launched Extension Host Process.
