2024-05-15T15:32:50.037Z 0: 

----------------------------------------------
2024-05-15T15:32:51.034Z 1: Discord starting: {"releaseChannel":"stable","version":"0.0.54"}, modulepath: /home/daro_ops/.config/discord/0.0.54/modules
2024-05-15T15:32:52.238Z 2: ✅ webContents.created web1 "Discord Updater"
2024-05-15T15:32:52.591Z 3: ✅ window.created win1 "Discord Updater"
2024-05-15T15:32:58.484Z 4: ✅ webContents.created web2 ""
2024-05-15T15:32:58.543Z 5: ✅ window.created win2 "Discord"
2024-05-15T15:33:00.459Z 6: ✅ webContents.did-finish-load web2
2024-05-15T15:33:00.832Z 7: window.close win1
2024-05-15T15:33:01.363Z 8: webContents.destroyed web1
2024-05-15T15:33:01.604Z 9: window.closed win1
2024-05-15T22:12:03.220Z 10: window.close win2
2024-05-16T02:35:31.403Z 0: 

----------------------------------------------
2024-05-23T00:19:29.189Z 11: window.close win2
2024-05-23T00:37:12.994Z 0: 

----------------------------------------------
2024-05-23T03:57:17.986Z 12: before-quit
2024-05-23T11:09:07.402Z 0: 

----------------------------------------------
2024-05-23T11:09:08.875Z 1: Discord starting: {"releaseChannel":"stable","version":"0.0.54"}, modulepath: /home/daro_ops/.config/discord/0.0.54/modules
2024-05-23T11:09:09.046Z 2: ✅ webContents.created web1 ""
2024-05-23T11:09:09.255Z 3: ✅ window.created win1 "discord"
2024-05-23T11:09:14.273Z 4: ✅ webContents.did-finish-load web1
2024-05-23T11:09:17.937Z 5: ✅ webContents.created web2 ""
2024-05-23T11:09:18.068Z 6: ✅ window.created win2 "Discord"
2024-05-23T11:09:24.937Z 7: ✅ webContents.did-finish-load web2
2024-05-23T11:09:25.308Z 8: window.close win1
2024-05-23T11:09:25.615Z 9: webContents.destroyed web1
2024-05-23T11:09:25.924Z 10: window.closed win1
2024-05-23T18:26:51.846Z 11: window.close win2
2024-05-24T00:32:35.147Z 0: 

----------------------------------------------
