00:00:00.000315 main     VirtualBox XPCOM Server 7.0.12 r159484 linux.amd64 (Oct 17 2023 12:57:12) release log
00:00:00.000320 main     Log opened 2024-01-15T02:25:00.995052000Z
00:00:00.000321 main     Build Type: release
00:00:00.000324 main     OS Product: Linux
00:00:00.000325 main     OS Release: 6.6.10-arch1-1
00:00:00.000326 main     OS Version: #1 SMP PREEMPT_DYNAMIC Fri, 05 Jan 2024 16:20:41 +0000
00:00:00.000370 main     DMI Product Name: HP Laptop 14-ck1xxx
00:00:00.000383 main     DMI Product Version: Type1ProductConfigId
00:00:00.000390 main     Firmware type: UEFI
00:00:00.001384 main     Secure Boot: Disabled
00:00:00.001448 main     Host RAM: 7830MB (7.6GB) total, 3644MB (3.5GB) available
00:00:00.001452 main     Executable: /usr/lib/virtualbox/VBoxSVC
00:00:00.001453 main     Process ID: 350801
00:00:00.001454 main     Package type: LINUX_64BITS_GENERIC (OSE)
00:00:00.003615 main     IPC socket path: /tmp/.vbox-daro_ops-ipc/ipcd
00:00:00.111553 nspr-2   VirtualBox: object creation starts
00:00:00.111725 nspr-2   Home directory: '/home/daro_ops/.config/VirtualBox'
00:00:00.148038 nspr-2   HostDnsMonitor: initializing
00:00:00.148443 nspr-2   NAT: resolv.conf: nameserver 200.21.200.10
00:00:00.148453 nspr-2   NAT: resolv.conf: nameserver 200.21.200.80
00:00:00.148461 nspr-2   HostDnsMonitor: updating information
00:00:00.148475 nspr-2   HostDnsMonitor: old information
00:00:00.148477 nspr-2     no server entries
00:00:00.148479 nspr-2     no domain set
00:00:00.148480 nspr-2     no search string entries
00:00:00.148482 nspr-2   HostDnsMonitor: new information
00:00:00.148483 nspr-2     server 1: 200.21.200.10
00:00:00.148486 nspr-2     server 2: 200.21.200.80
00:00:00.148488 nspr-2     no domain set
00:00:00.148489 nspr-2     no search string entries
00:00:00.151522 nspr-2   Failed to open "/dev/vboxdrvu", errno=2, rc=VERR_VM_DRIVER_NOT_INSTALLED
00:00:00.152087 nspr-2   VD: VDInit finished with VINF_SUCCESS
00:00:00.152368 nspr-2   ERROR [COM]: aRC=NS_ERROR_FAILURE (0x80004005) aIID={aac6c7cb-a371-4c58-ab51-0616896b2f2c} aComponent={SystemPropertiesWrap} aText={Cannot determine default Guest Additions ISO location. Most likely they are not available}, preserve=false aResultDetail=0
00:00:00.154046 nspr-2   VirtualBox: object created
00:00:00.906494 nspr-3   Saving settings file "/home/daro_ops/.config/VirtualBox/VirtualBox.xml" with version "1.12-linux"
00:00:00.975569 nspr-3   Finished saving settings file "/home/daro_ops/.config/VirtualBox/VirtualBox.xml"
00:00:01.061402 nspr-3   Saving settings file "/home/daro_ops/.config/VirtualBox/VirtualBox.xml" with version "1.12-linux"
00:00:01.141267 nspr-3   Finished saving settings file "/home/daro_ops/.config/VirtualBox/VirtualBox.xml"
00:00:01.372273 nspr-2   WARNING [COM]: aRC=NS_ERROR_FAILURE (0x80004005) aIID={e54f6256-97a7-4947-8a78-10c013ddf4b8} aComponent={HostWrap} aText={Could not load the Host USB Proxy service: VERR_NOT_FOUND}, preserve=false aResultDetail=0
00:00:01.762328 nspr-3   Saving settings file "/home/daro_ops/.config/VirtualBox/VirtualBox.xml" with version "1.12-linux"
00:00:01.902392 nspr-3   Finished saving settings file "/home/daro_ops/.config/VirtualBox/VirtualBox.xml"
00:00:20.163260 nspr-4   Saving settings file "/home/daro_ops/.config/VirtualBox/VirtualBox.xml" with version "1.12-linux"
00:00:20.338182 nspr-4   Finished saving settings file "/home/daro_ops/.config/VirtualBox/VirtualBox.xml"
00:00:27.069982 nspr-4   ERROR [COM]: aRC=NS_ERROR_FAILURE (0x80004005) aIID={aac6c7cb-a371-4c58-ab51-0616896b2f2c} aComponent={SystemPropertiesWrap} aText={Cannot determine default Guest Additions ISO location. Most likely they are not available}, preserve=false aResultDetail=0
00:01:21.431085 nspr-2   Saving settings file "/home/daro_ops/.config/VirtualBox/VirtualBox.xml" with version "1.12-linux"
00:01:21.500717 nspr-2   Finished saving settings file "/home/daro_ops/.config/VirtualBox/VirtualBox.xml"
00:01:36.717934 nspr-4   ERROR [COM]: aRC=NS_ERROR_FAILURE (0x80004005) aIID={aac6c7cb-a371-4c58-ab51-0616896b2f2c} aComponent={SystemPropertiesWrap} aText={Cannot determine default Guest Additions ISO location. Most likely they are not available}, preserve=false aResultDetail=0
