2024-05-21 07:38:00.669 [info] Invoking resolveAuthority(ssh-remote)...
2024-05-21 07:38:00.693 [info] [LocalProcess0][resolveAuthority(ssh-remote,1)][0ms] obtaining proxy...
2024-05-21 07:38:00.738 [info] Started local extension host with pid 2296832.
2024-05-21 07:38:01.330 [info] [LocalProcess0][resolveAuthority(ssh-remote,1)][636ms] invoking...
2024-05-21 07:38:02.332 [info] [LocalProcess0][resolveAuthority(ssh-remote,1)][1637ms] waiting...
2024-05-21 07:38:03.331 [info] [LocalProcess0][resolveAuthority(ssh-remote,1)][2637ms] waiting...
2024-05-21 07:38:03.956 [warning] [remote-ssh]: Couldn't find message for key setting.usseExecServer.description.
2024-05-21 07:38:04.330 [info] [LocalProcess0][resolveAuthority(ssh-remote,1)][3637ms] waiting...
2024-05-21 07:38:05.331 [info] [LocalProcess0][resolveAuthority(ssh-remote,1)][4637ms] waiting...
2024-05-21 07:38:06.331 [info] [LocalProcess0][resolveAuthority(ssh-remote,1)][5637ms] waiting...
2024-05-21 07:38:07.331 [info] [LocalProcess0][resolveAuthority(ssh-remote,1)][6637ms] waiting...
2024-05-21 07:38:08.330 [info] [LocalProcess0][resolveAuthority(ssh-remote,1)][7637ms] waiting...
2024-05-21 07:38:09.330 [info] [LocalProcess0][resolveAuthority(ssh-remote,1)][8637ms] waiting...
2024-05-21 07:38:10.331 [info] [LocalProcess0][resolveAuthority(ssh-remote,1)][9637ms] waiting...
2024-05-21 07:38:11.331 [info] [LocalProcess0][resolveAuthority(ssh-remote,1)][10637ms] waiting...
2024-05-21 07:38:11.799 [info] [LocalProcess0][resolveAuthority(ssh-remote,1)][11106ms] returned Managed(1)
2024-05-21 07:38:11.799 [info] resolveAuthority(ssh-remote) returned 'Managed(1)' after 11131 ms
2024-05-21 07:38:11.803 [info] Creating a socket (renderer-Management-8543a23f-85e2-4577-b2bf-f445fee6636a)...
2024-05-21 07:38:11.804 [info] Creating a socket (renderer-ExtensionHost-58e68a48-edd6-41d0-a158-817a243db118)...
2024-05-21 07:38:11.892 [info] Creating a socket (renderer-Management-8543a23f-85e2-4577-b2bf-f445fee6636a) was successful after 90 ms.
2024-05-21 07:38:11.896 [info] Creating a socket (renderer-ExtensionHost-58e68a48-edd6-41d0-a158-817a243db118) was successful after 93 ms.
2024-05-21 07:38:13.582 [info] [perf] Render performance baseline is 88ms
2024-05-21 07:38:51.224 [info] Started local extension host with pid 2300210.
2024-05-21 07:38:51.749 [info] Invoking resolveAuthority(ssh-remote)...
2024-05-21 07:38:51.749 [info] [LocalProcess0][resolveAuthority(ssh-remote,1)][0ms] obtaining proxy...
2024-05-21 07:38:51.749 [info] [LocalProcess0][resolveAuthority(ssh-remote,1)][1ms] invoking...
2024-05-21 07:38:51.951 [info] [LocalProcess0][resolveAuthority(ssh-remote,1)][203ms] returned Managed(1)
2024-05-21 07:38:51.952 [info] resolveAuthority(ssh-remote) returned 'Managed(1)' after 203 ms
2024-05-21 07:38:51.954 [info] Creating a socket (renderer-Management-d362e483-e9a6-4ab1-be43-9d13063dc74d)...
2024-05-21 07:38:51.955 [info] Creating a socket (renderer-ExtensionHost-a92e1de2-dee0-48f8-a5e4-a840e9325e1a)...
2024-05-21 07:38:52.043 [info] Creating a socket (renderer-Management-d362e483-e9a6-4ab1-be43-9d13063dc74d) was successful after 88 ms.
2024-05-21 07:38:52.049 [info] Creating a socket (renderer-ExtensionHost-a92e1de2-dee0-48f8-a5e4-a840e9325e1a) was successful after 94 ms.
2024-05-21 07:38:54.929 [warning] [remote-ssh]: Couldn't find message for key setting.usseExecServer.description.
2024-05-21 07:38:57.475 [info] [perf] Render performance baseline is 74ms
2024-05-21 07:41:06.637 [info] Started local extension host with pid 2309286.
2024-05-21 07:41:09.831 [warning] [remote-ssh]: Couldn't find message for key setting.usseExecServer.description.
2024-05-21 07:41:10.256 [info] [perf] Render performance baseline is 63ms
