2024-05-21 07:38:00.594 [info] Added views:workbench.panel.markers.view in workbench.panel.markers
2024-05-21 07:38:00.594 [info] Added views:workbench.panel.output in workbench.panel.output
2024-05-21 07:38:00.594 [info] Added views:terminal in terminal
2024-05-21 07:38:00.594 [info] Added views:outline in workbench.view.explorer
2024-05-21 07:38:00.594 [info] Added views:workbench.scm in workbench.view.scm
2024-05-21 07:38:00.594 [info] Added views:workbench.view.search in workbench.view.search
2024-05-21 07:38:00.594 [info] Added views:workbench.explorer.emptyView in workbench.view.explorer
2024-05-21 07:38:00.944 [info] Added views:workbench.debug.variablesView,workbench.debug.watchExpressionsView,workbench.debug.callStackView,workbench.debug.breakPointsView in workbench.view.debug
2024-05-21 07:38:01.417 [info] Added views:~remote.forwardedPorts in ~remote.forwardedPortsContainer
2024-05-21 07:38:12.249 [info] Added views:remoteTargets in workbench.view.remote
2024-05-21 07:38:12.565 [info] Removed views:workbench.debug.breakPointsView,workbench.debug.callStackView,workbench.debug.watchExpressionsView,workbench.debug.variablesView from workbench.view.debug
2024-05-21 07:38:12.568 [info] Added views:workbench.debug.welcome in workbench.view.debug
2024-05-21 07:38:12.993 [info] Added views:workbench.panel.repl.view in workbench.panel.repl
2024-05-21 07:38:51.110 [info] Added views:workbench.panel.markers.view in workbench.panel.markers
2024-05-21 07:38:51.110 [info] Added views:workbench.panel.output in workbench.panel.output
2024-05-21 07:38:51.110 [info] Added views:terminal in terminal
2024-05-21 07:38:51.110 [info] Added views:outline in workbench.view.explorer
2024-05-21 07:38:51.110 [info] Added views:workbench.scm in workbench.view.scm
2024-05-21 07:38:51.110 [info] Added views:workbench.view.search in workbench.view.search
2024-05-21 07:38:51.110 [info] Added views:workbench.explorer.fileView in workbench.view.explorer
2024-05-21 07:38:51.388 [info] Added views:workbench.debug.welcome in workbench.view.debug
2024-05-21 07:38:52.379 [info] Added views:remoteTargets in workbench.view.remote
2024-05-21 07:38:53.547 [info] Added views:workbench.panel.repl.view in workbench.panel.repl
2024-05-21 07:38:55.656 [info] Added views:~remote.forwardedPorts in ~remote.forwardedPortsContainer
2024-05-21 07:41:06.464 [info] Added views:workbench.panel.markers.view in workbench.panel.markers
2024-05-21 07:41:06.464 [info] Added views:workbench.panel.output in workbench.panel.output
2024-05-21 07:41:06.464 [info] Added views:terminal in terminal
2024-05-21 07:41:06.464 [info] Added views:outline in workbench.view.explorer
2024-05-21 07:41:06.464 [info] Added views:workbench.scm in workbench.view.scm
2024-05-21 07:41:06.464 [info] Added views:workbench.view.search in workbench.view.search
2024-05-21 07:41:06.464 [info] Added views:workbench.explorer.emptyView in workbench.view.explorer
2024-05-21 07:41:06.942 [info] Added views:github-actions.empty-view in workbench.view.extension.github-actions
2024-05-21 07:41:06.944 [info] Added views:remoteTargets in workbench.view.remote
2024-05-21 07:41:06.948 [info] Added views:thunder-client-sidebar in workbench.view.extension.thunder-client
2024-05-21 07:41:07.457 [info] Added views:workbench.debug.variablesView,workbench.debug.watchExpressionsView,workbench.debug.callStackView,workbench.debug.breakPointsView in workbench.view.debug
2024-05-21 07:41:07.618 [info] Added views:workbench.panel.repl.view in workbench.panel.repl
2024-05-21 07:41:07.620 [info] Removed views:workbench.debug.breakPointsView,workbench.debug.callStackView,workbench.debug.watchExpressionsView,workbench.debug.variablesView from workbench.view.debug
2024-05-21 07:41:07.622 [info] Added views:workbench.debug.welcome in workbench.view.debug
2024-05-21 07:41:07.731 [info] Added views:~remote.forwardedPorts in ~remote.forwardedPortsContainer
