[06:47:24.814] Log Level: 2
[06:47:24.826] SSH Resolver called for "ssh-remote+172.16.101.146", attempt 1
[06:47:24.826] "remote.SSH.useLocalServer": true
[06:47:24.827] "remote.SSH.useExecServer": true
[06:47:24.827] "remote.SSH.path": undefined
[06:47:24.827] "remote.SSH.configFile": undefined
[06:47:24.827] "remote.SSH.useFlock": true
[06:47:24.827] "remote.SSH.lockfilesInTmp": false
[06:47:24.828] "remote.SSH.localServerDownload": auto
[06:47:24.828] "remote.SSH.remoteServerListenOnSocket": false
[06:47:24.828] "remote.SSH.showLoginTerminal": false
[06:47:24.828] "remote.SSH.defaultExtensions": []
[06:47:24.828] "remote.SSH.loglevel": 2
[06:47:24.828] "remote.SSH.enableDynamicForwarding": true
[06:47:24.828] "remote.SSH.enableRemoteCommand": false
[06:47:24.832] "remote.SSH.serverPickPortsFromRange": {}
[06:47:24.832] "remote.SSH.serverInstallPath": {}
[06:47:24.838] VS Code version: 1.89.1
[06:47:24.838] Remote-SSH version: remote-ssh@0.110.1
[06:47:24.838] linux x64
[06:47:24.840] SSH Resolver called for host: 172.16.101.146
[06:47:24.841] Setting up SSH remote "172.16.101.146"
[06:47:24.846] Acquiring local install lock: /tmp/vscode-remote-ssh-66fb6ad3-install.lock
[06:47:24.848] Looking for existing server data file at /home/daro_ops/.config/Code/User/globalStorage/ms-vscode-remote.remote-ssh/vscode-ssh-host-66fb6ad3-dc96b837cf6bb4af9cd736aa3af08cf8279f7685-0.110.1-es/data.json
[06:47:24.850] Using commit id "dc96b837cf6bb4af9cd736aa3af08cf8279f7685" and quality "stable" for server
[06:47:24.857] Install and start server if needed
[06:47:24.864] PATH: /home/daro_ops/.nvm/versions/node/v20.12.2/bin:/usr/local/sbin:/usr/local/bin:/usr/bin:/usr/bin/site_perl:/usr/bin/vendor_perl:/usr/bin/core_perl
[06:47:24.864] Checking ssh with "ssh -V"
[06:47:24.877] > OpenSSH_9.7p1, OpenSSL 3.3.0 9 Apr 2024

[06:47:24.883] askpass server listening on /run/user/1000/vscode-ssh-askpass-e56813f3876c1566f6292f1dce0b10e30cc954a3.sock
[06:47:24.884] Spawning local server with {"serverId":1,"ipcHandlePath":"/run/user/1000/vscode-ssh-askpass-122a045d9547311c0710e8b863888d8cc2fd4121.sock","sshCommand":"ssh","sshArgs":["-v","-T","-D","40731","-o","ConnectTimeout=15","172.16.101.146"],"serverDataFolderName":".vscode-server","dataFilePath":"/home/daro_ops/.config/Code/User/globalStorage/ms-vscode-remote.remote-ssh/vscode-ssh-host-66fb6ad3-dc96b837cf6bb4af9cd736aa3af08cf8279f7685-0.110.1-es/data.json"}
[06:47:24.884] Local server env: {"SHELL":"/usr/bin/bash","DISPLAY":":0","ELECTRON_RUN_AS_NODE":"1","SSH_ASKPASS":"/home/daro_ops/.vscode/extensions/ms-vscode-remote.remote-ssh-0.110.1/out/local-server/askpass.sh","VSCODE_SSH_ASKPASS_NODE":"/opt/visual-studio-code/code","VSCODE_SSH_ASKPASS_EXTRA_ARGS":"","VSCODE_SSH_ASKPASS_MAIN":"/home/daro_ops/.vscode/extensions/ms-vscode-remote.remote-ssh-0.110.1/out/askpass-main.js","VSCODE_SSH_ASKPASS_HANDLE":"/run/user/1000/vscode-ssh-askpass-e56813f3876c1566f6292f1dce0b10e30cc954a3.sock"}
[06:47:24.890] Spawned 2099101
[06:47:25.056] > local-server-1> Running ssh connection command: ssh -v -T -D 40731 -o ConnectTimeout=15 172.16.101.146
[06:47:25.059] > local-server-1> Spawned ssh, pid=2099120
[06:47:25.063] stderr> OpenSSH_9.7p1, OpenSSL 3.3.0 9 Apr 2024
[06:47:25.177] stderr> debug1: Server host key: ssh-ed25519 SHA256:pbIcKtympyO6SUyPSKqX3TpXVgoyYlXPvC+ntKrY11I
[06:47:25.417] Got askpass request: {"request":" davidstevenromeroserrano@172.16.101.146's password:"}
[06:47:25.419] Showing password prompt
[06:47:25.420] Listening for interwindow password on /run/user/1000/vscode-ssh-askpass-280ed61c048b92d9261e04ef6bc600f46cec9a05.sock
[06:47:25.420] Writing password prompt to globalState
[06:47:43.680] Got password response
[06:47:43.681] Interactor gave response: *************
[06:47:43.683] Cleaning up other-window auth server
[06:47:43.792] stderr> Authenticated to 172.16.101.146 ([172.16.101.146]:22) using "password".
[06:47:43.899] > Welcome to Ubuntu 24.04 LTS (GNU/Linux 6.8.0-31-generic x86_64)
> 
>  * Documentation:  https://help.ubuntu.com
>  * Management:     https://landscape.canonical.com
>  * Support:        https://ubuntu.com/pro
> 
>  System information as of Tue May 21 11:46:58 AM UTC 2024
> 
>   System load:  0.56                Processes:              453
>   Usage of /:   12.3% of 194.71GB   Users logged in:        8
>   Memory usage: 28%                 IPv4 address for ens18: 172.16.101.146
>   Swap usage:   0%
> 
>  * Strictly confined Kubernetes makes edge and IoT secure. Learn how MicroK8s
>    just raised the bar for easy, resilient and secure K8s cluster deployment.
> 
>    https://ubuntu.com/engage/secure-kubernetes-at-the-edge
> 
> Expanded Security Maintenance for Applications is not enabled.
> 
> 0 updates can be applied immediately.
> 
> Enable ESM Apps to receive additional future security updates.
> See https://ubuntu.com/esm or run: sudo pro status
> 
[06:47:43.945] > ready: d8a148ae2374
[06:47:43.949] > Linux 6.8.0-31-generic #31-Ubuntu SMP PREEMPT_DYNAMIC Sat Apr 20 00:40:06 UTC 2024
[06:47:43.949] Platform: linux
[06:47:43.952] > /bin/bash
[06:47:43.953] Shell: bash
[06:47:43.953] Creating bash subshell inside "bash"
[06:47:43.957] > bash version:  5.2.21(1)-release
[06:47:43.967] > d8a148ae2374: running
[06:47:43.983] > Found existing installation at /home/davidstevenromeroserrano/.vscode-server...
> Starting VS Code CLI... "/home/davidstevenromeroserrano/.vscode-server/code-dc96b837cf6bb4af9cd736aa3af08cf8279f7685" command-shell --cli-data-dir "/home/davidstevenromeroserrano/.vscode-server/cli" --on-port --parent-process-id 60915 &> "/home/davidstevenromeroserrano/.vscode-server/.cli.dc96b837cf6bb4af9cd736aa3af08cf8279f7685.log" < /dev/null
> printenv:
[06:47:43.984] >     SHELL=/bin/bash
>     PWD=/home/davidstevenromeroserrano
>     LOGNAME=davidstevenromeroserrano
>     XDG_SESSION_TYPE=tty
>     HOME=/home/davidstevenromeroserrano
>     LANG=en_US.UTF-8
>     VSCODE_AGENT_FOLDER=/home/davidstevenromeroserrano/.vscode-server
>     SSH_CONNECTION=172.16.104.57 55068 172.16.101.146 22
>     XDG_SESSION_CLASS=user
>     USER=davidstevenromeroserrano
>     SHLVL=2
>     XDG_SESSION_ID=249
>     XDG_RUNTIME_DIR=/run/user/1062
>     SSH_CLIENT=172.16.104.57 55068 22
>     XDG_DATA_DIRS=/usr/local/share:/usr/share:/var/lib/snapd/desktop
>     PATH=/usr/local/sbin:/usr/local/bin:/usr/sbin:/usr/bin:/sbin:/bin:/usr/games:/usr/local/games:/snap/bin
>     DBUS_SESSION_BUS_ADDRESS=unix:path=/run/user/1062/bus
>     _=/usr/bin/printenv
[06:47:43.986] > Removing old logfile at /home/davidstevenromeroserrano/.vscode-server/.cli.dc96b837cf6bb4af9cd736aa3af08cf8279f7685.log
[06:47:43.987] > Spawned remote CLI: 60934
[06:47:44.009] > Waiting for server log...
[06:47:44.062] > Waiting for server log...
[06:47:44.115] > Waiting for server log...
[06:47:44.168] > Waiting for server log...
[06:47:44.221] > Waiting for server log...
[06:47:44.276] > Waiting for server log...
[06:47:44.330] > Waiting for server log...
[06:47:44.366] > d8a148ae2374: start
> SSH_AUTH_SOCK====
> DISPLAY====
> listeningOn==127.0.0.1:39341==
> osReleaseId==ubuntu==
> arch==x86_64==
> vscodeArch==x64==
> bitness==64==
> tmpDir==/run/user/1062==
> platform==linux==
> unpackResult====
> didLocalDownload==0==
> downloadTime====
> installTime====
> serverStartTime==380==
> execServerToken==11a11111-1a11-11aa-aa11-1a1aaaaa1111==
> d8a148ae2374: end
[06:47:44.366] Received install output: 
SSH_AUTH_SOCK====
DISPLAY====
listeningOn==127.0.0.1:39341==
osReleaseId==ubuntu==
arch==x86_64==
vscodeArch==x64==
bitness==64==
tmpDir==/run/user/1062==
platform==linux==
unpackResult====
didLocalDownload==0==
downloadTime====
installTime====
serverStartTime==380==
execServerToken==11a11111-1a11-11aa-aa11-1a1aaaaa1111==

[06:47:44.369] Remote server is listening on port 39341
[06:47:44.370] Parsed server configuration: {"serverConfiguration":{"remoteListeningOn":{"port":39341},"osReleaseId":"ubuntu","arch":"x86_64","sshAuthSock":"","display":"","tmpDir":"/run/user/1062","platform":"linux","execServerToken":"11a11111-1a11-11aa-aa11-1a1aaaaa1111"},"serverStartTime":380,"installUnpackCode":""}
[06:47:44.371] Persisting server connection details to /home/daro_ops/.config/Code/User/globalStorage/ms-vscode-remote.remote-ssh/vscode-ssh-host-66fb6ad3-dc96b837cf6bb4af9cd736aa3af08cf8279f7685-0.110.1-es/data.json
[06:47:44.382] Starting forwarding server. local port 34083 -> socksPort 40731 -> remotePort 39341
[06:47:44.383] Forwarding server listening on port 34083
[06:47:44.384] Waiting for ssh tunnel to be ready
[06:47:44.389] [Forwarding server port 34083] Got connection 0
[06:47:44.394] Tunneled port 39341 to local port 34083
[06:47:44.394] Resolved "ssh-remote+172.16.101.146" to "port 34083"
[06:47:44.440] Initizing new exec server for ssh-remote+172.16.101.146
[06:47:44.441] Resolving exec server at port 34083
[06:47:44.490] [Forwarding server port 34083] Got connection 1
[06:47:44.583] Exec server for ssh-remote+172.16.101.146 created and cached
[06:47:44.610] ------




[06:47:44.663] [server] Checking /home/davidstevenromeroserrano/.vscode-server/cli/servers/Stable-dc96b837cf6bb4af9cd736aa3af08cf8279f7685/log.txt and /home/davidstevenromeroserrano/.vscode-server/cli/servers/Stable-dc96b837cf6bb4af9cd736aa3af08cf8279f7685/pid.txt for a running server...
[06:47:44.676] [server] Installing and setting up Visual Studio Code Server...
[06:47:44.719] [server] Server setup complete
[06:47:44.720] [server] Starting server...
[06:47:44.721] [server] Starting server with command... Command { std: "/home/davidstevenromeroserrano/.vscode-server/cli/servers/Stable-dc96b837cf6bb4af9cd736aa3af08cf8279f7685/server/bin/code-server" "--connection-token=remotessh" "--accept-server-license-terms" "--start-server" "--enable-remote-auto-shutdown" "--socket-path=/tmp/code-577621eb-a3cf-4c21-878b-088d6ebf6efb", kill_on_drop: false }
[06:47:45.569] [server] *
[06:47:45.570] [server] * Visual Studio Code Server
[06:47:45.571] [server] *
[06:47:45.571] [server] * By using the software, you agree to
[06:47:45.573] [server] Server bound to /tmp/code-577621eb-a3cf-4c21-878b-088d6ebf6efb
[06:47:45.573] [server] Extension host agent listening on /tmp/code-577621eb-a3cf-4c21-878b-088d6ebf6efb
[06:47:45.574] [server] parsed location: "/tmp/code-577621eb-a3cf-4c21-878b-088d6ebf6efb"
[06:47:45.574] [server] 
[06:47:45.907] [server] [11:47:45] 
[06:47:45.953] [server] 
[06:47:45.953] [server] 
[06:47:45.953] [server] 
[06:47:45.954] [server] [11:47:45] Extension host agent started.
[06:47:46.073] [server] [11:47:46] [<unknown>][bd6f47ed][ManagementConnection] New connection established.
[06:47:46.083] [server] [11:47:46] [<unknown>][398bbf4a][ExtensionHostConnection] New connection established.
[06:47:46.335] [server] [11:47:46] [<unknown>][398bbf4a][ExtensionHostConnection] <61203> Launched Extension Host Process.
