2024-04-23 11:52:02 Loading main app package /usr/lib/obsidian/obsidian.asar
2024-04-23 11:52:02 Checking for update using Github
2024-04-23 11:52:05 Success.
2024-04-23 11:52:05 Latest version is 1.5.12
2024-04-23 11:52:05 App is up to date.
2024-04-23 15:42:48 Loading main app package /usr/lib/obsidian/obsidian.asar
2024-04-23 15:42:52 Checking for update using Github
2024-04-23 15:42:54 Success.
2024-04-23 15:42:54 Latest version is 1.5.12
2024-04-23 15:42:54 App is up to date.
2024-04-23 16:42:48 Checking for update using Github
2024-04-23 16:42:48 Success.
2024-04-23 16:42:48 Latest version is 1.5.12
2024-04-23 16:42:48 App is up to date.
2024-04-23 17:42:48 Checking for update using Github
2024-04-23 17:42:48 Success.
2024-04-23 17:42:48 Latest version is 1.5.12
2024-04-23 17:42:48 App is up to date.
2024-04-24 01:32:47 Checking for update using Github
2024-04-24 01:32:47 Success.
2024-04-24 01:32:47 Latest version is 1.5.12
2024-04-24 01:32:47 App is up to date.
2024-04-24 02:32:47 Checking for update using Github
2024-04-24 02:32:47 Success.
2024-04-24 02:32:47 Latest version is 1.5.12
2024-04-24 02:32:47 App is up to date.
