2024-05-21 07:20:57.781 [info] Invoking resolveAuthority(ssh-remote)...
2024-05-21 07:20:57.805 [info] [LocalProcess0][resolveAuthority(ssh-remote,1)][0ms] obtaining proxy...
2024-05-21 07:20:57.862 [info] Started local extension host with pid 2228345.
2024-05-21 07:20:58.443 [info] [LocalProcess0][resolveAuthority(ssh-remote,1)][638ms] invoking...
2024-05-21 07:20:59.443 [info] [LocalProcess0][resolveAuthority(ssh-remote,1)][1638ms] waiting...
2024-05-21 07:21:00.443 [info] [LocalProcess0][resolveAuthority(ssh-remote,1)][2638ms] waiting...
2024-05-21 07:21:01.129 [warning] [remote-ssh]: Couldn't find message for key setting.usseExecServer.description.
2024-05-21 07:21:01.543 [info] [LocalProcess0][resolveAuthority(ssh-remote,1)][3739ms] waiting...
2024-05-21 07:21:02.443 [info] [LocalProcess0][resolveAuthority(ssh-remote,1)][4638ms] waiting...
2024-05-21 07:21:03.443 [info] [LocalProcess0][resolveAuthority(ssh-remote,1)][5638ms] waiting...
2024-05-21 07:21:04.443 [info] [LocalProcess0][resolveAuthority(ssh-remote,1)][6638ms] waiting...
2024-05-21 07:21:05.443 [info] [LocalProcess0][resolveAuthority(ssh-remote,1)][7638ms] waiting...
2024-05-21 07:21:06.443 [info] [LocalProcess0][resolveAuthority(ssh-remote,1)][8638ms] waiting...
2024-05-21 07:21:07.443 [info] [LocalProcess0][resolveAuthority(ssh-remote,1)][9638ms] waiting...
2024-05-21 07:21:08.443 [info] [LocalProcess0][resolveAuthority(ssh-remote,1)][10638ms] waiting...
2024-05-21 07:21:09.443 [info] [LocalProcess0][resolveAuthority(ssh-remote,1)][11638ms] waiting...
2024-05-21 07:21:10.443 [info] [LocalProcess0][resolveAuthority(ssh-remote,1)][12638ms] waiting...
2024-05-21 07:21:11.443 [info] [LocalProcess0][resolveAuthority(ssh-remote,1)][13638ms] waiting...
2024-05-21 07:21:12.443 [info] [LocalProcess0][resolveAuthority(ssh-remote,1)][14638ms] waiting...
2024-05-21 07:21:13.446 [info] [LocalProcess0][resolveAuthority(ssh-remote,1)][15641ms] waiting...
2024-05-21 07:21:13.637 [info] [LocalProcess0][resolveAuthority(ssh-remote,1)][15832ms] returned Managed(1)
2024-05-21 07:21:13.638 [info] resolveAuthority(ssh-remote) returned 'Managed(1)' after 15858 ms
2024-05-21 07:21:13.641 [info] Creating a socket (renderer-Management-f44e001d-8b80-41c4-80a0-98ba77954a9b)...
2024-05-21 07:21:13.642 [info] Creating a socket (renderer-ExtensionHost-df2de6ff-ca83-429e-b8a6-65100c796418)...
2024-05-21 07:21:13.781 [info] Creating a socket (renderer-Management-f44e001d-8b80-41c4-80a0-98ba77954a9b) was successful after 120 ms.
2024-05-21 07:21:13.783 [info] Creating a socket (renderer-ExtensionHost-df2de6ff-ca83-429e-b8a6-65100c796418) was successful after 125 ms.
2024-05-21 07:21:15.542 [info] [perf] Render performance baseline is 73ms
2024-05-21 07:21:58.984 [info] Started local extension host with pid 2232390.
2024-05-21 07:21:59.845 [info] Invoking resolveAuthority(ssh-remote)...
2024-05-21 07:21:59.845 [info] [LocalProcess0][resolveAuthority(ssh-remote,1)][0ms] obtaining proxy...
2024-05-21 07:21:59.846 [info] [LocalProcess0][resolveAuthority(ssh-remote,1)][0ms] invoking...
2024-05-21 07:22:00.188 [info] [LocalProcess0][resolveAuthority(ssh-remote,1)][343ms] returned Managed(1)
2024-05-21 07:22:00.189 [info] resolveAuthority(ssh-remote) returned 'Managed(1)' after 343 ms
2024-05-21 07:22:00.191 [info] Creating a socket (renderer-Management-4ff9fa07-ac07-4d62-a550-5499165a195b)...
2024-05-21 07:22:00.192 [info] Creating a socket (renderer-ExtensionHost-1773bc13-a587-4c2f-8a12-6d8d2691a1a6)...
2024-05-21 07:22:00.268 [info] Creating a socket (renderer-Management-4ff9fa07-ac07-4d62-a550-5499165a195b) was successful after 77 ms.
2024-05-21 07:22:00.341 [info] Creating a socket (renderer-ExtensionHost-1773bc13-a587-4c2f-8a12-6d8d2691a1a6) was successful after 149 ms.
2024-05-21 07:22:02.326 [warning] [remote-ssh]: Couldn't find message for key setting.usseExecServer.description.
2024-05-21 07:22:03.328 [info] [perf] Render performance baseline is 97ms
2024-05-21 07:32:09.312 [info] Started local extension host with pid 2273224.
