2024-05-21 07:20:57.719 [info] Added views:workbench.panel.markers.view in workbench.panel.markers
2024-05-21 07:20:57.719 [info] Added views:workbench.panel.output in workbench.panel.output
2024-05-21 07:20:57.719 [info] Added views:terminal in terminal
2024-05-21 07:20:57.719 [info] Added views:outline in workbench.view.explorer
2024-05-21 07:20:57.719 [info] Added views:workbench.scm in workbench.view.scm
2024-05-21 07:20:57.719 [info] Added views:workbench.view.search in workbench.view.search
2024-05-21 07:20:57.719 [info] Added views:workbench.explorer.emptyView in workbench.view.explorer
2024-05-21 07:20:58.014 [info] Added views:workbench.debug.variablesView,workbench.debug.watchExpressionsView,workbench.debug.callStackView,workbench.debug.breakPointsView in workbench.view.debug
2024-05-21 07:20:58.590 [info] Added views:~remote.forwardedPorts in ~remote.forwardedPortsContainer
2024-05-21 07:21:14.174 [info] Added views:remoteTargets in workbench.view.remote
2024-05-21 07:21:14.576 [info] Removed views:workbench.debug.breakPointsView,workbench.debug.callStackView,workbench.debug.watchExpressionsView,workbench.debug.variablesView from workbench.view.debug
2024-05-21 07:21:14.577 [info] Added views:workbench.debug.welcome in workbench.view.debug
2024-05-21 07:21:15.001 [info] Added views:workbench.panel.repl.view in workbench.panel.repl
2024-05-21 07:21:58.797 [info] Added views:workbench.panel.markers.view in workbench.panel.markers
2024-05-21 07:21:58.797 [info] Added views:workbench.panel.output in workbench.panel.output
2024-05-21 07:21:58.797 [info] Added views:terminal in terminal
2024-05-21 07:21:58.797 [info] Added views:outline in workbench.view.explorer
2024-05-21 07:21:58.797 [info] Added views:workbench.scm in workbench.view.scm
2024-05-21 07:21:58.797 [info] Added views:workbench.view.search in workbench.view.search
2024-05-21 07:21:58.797 [info] Added views:workbench.explorer.fileView in workbench.view.explorer
2024-05-21 07:21:59.216 [info] Added views:workbench.debug.variablesView,workbench.debug.watchExpressionsView,workbench.debug.callStackView,workbench.debug.breakPointsView in workbench.view.debug
2024-05-21 07:21:59.860 [info] Added views:~remote.forwardedPorts in ~remote.forwardedPortsContainer
2024-05-21 07:22:00.735 [info] Added views:remoteTargets in workbench.view.remote
2024-05-21 07:22:01.217 [info] Removed views:workbench.debug.breakPointsView,workbench.debug.callStackView,workbench.debug.watchExpressionsView,workbench.debug.variablesView from workbench.view.debug
2024-05-21 07:22:01.219 [info] Added views:workbench.debug.welcome in workbench.view.debug
2024-05-21 07:22:01.860 [info] Added views:workbench.panel.repl.view in workbench.panel.repl
2024-05-21 07:32:09.152 [info] Added views:workbench.panel.markers.view in workbench.panel.markers
2024-05-21 07:32:09.152 [info] Added views:workbench.panel.output in workbench.panel.output
2024-05-21 07:32:09.152 [info] Added views:terminal in terminal
2024-05-21 07:32:09.152 [info] Added views:outline in workbench.view.explorer
2024-05-21 07:32:09.152 [info] Added views:workbench.scm in workbench.view.scm
2024-05-21 07:32:09.152 [info] Added views:workbench.view.search in workbench.view.search
2024-05-21 07:32:09.153 [info] Added views:workbench.explorer.emptyView in workbench.view.explorer
2024-05-21 07:32:09.548 [info] Added views:github-actions.empty-view in workbench.view.extension.github-actions
2024-05-21 07:32:09.550 [info] Added views:remoteTargets in workbench.view.remote
2024-05-21 07:32:09.554 [info] Added views:thunder-client-sidebar in workbench.view.extension.thunder-client
2024-05-21 07:32:09.914 [info] Added views:workbench.debug.variablesView,workbench.debug.watchExpressionsView,workbench.debug.callStackView,workbench.debug.breakPointsView in workbench.view.debug
2024-05-21 07:32:10.085 [info] Added views:workbench.panel.repl.view in workbench.panel.repl
2024-05-21 07:32:10.088 [info] Removed views:workbench.debug.breakPointsView,workbench.debug.callStackView,workbench.debug.watchExpressionsView,workbench.debug.variablesView from workbench.view.debug
2024-05-21 07:32:10.089 [info] Added views:workbench.debug.welcome in workbench.view.debug
2024-05-21 07:32:10.214 [info] Added views:~remote.forwardedPorts in ~remote.forwardedPortsContainer
