2024-05-15 10:24:35.846 [info] Reading sessions from keychain...
2024-05-15 10:24:35.846 [info] Getting sessions for all scopes...
2024-05-15 10:24:35.846 [info] Getting sessions for all scopes...
2024-05-15 10:24:35.846 [info] Got stored sessions!
2024-05-15 10:24:35.846 [info] Got 1 verified sessions.
2024-05-15 10:24:35.846 [info] Got 1 sessions for ...
2024-05-15 10:24:35.846 [info] Got 1 sessions for ...
2024-05-15 10:24:35.846 [info] Getting sessions for all scopes...
2024-05-15 10:24:35.846 [info] Got 1 sessions for ...
2024-05-15 10:24:35.846 [info] Getting sessions for read:user,repo,user:email,workflow...
2024-05-15 10:24:35.846 [info] Got 1 sessions for read:user,repo,user:email,workflow...
2024-05-15 10:24:36.169 [info] Getting sessions for read:user,repo,user:email,workflow...
2024-05-15 10:24:36.169 [info] Got 1 sessions for read:user,repo,user:email,workflow...
2024-05-16 19:48:12.852 [info] Reading sessions from keychain...
2024-05-16 19:48:12.852 [info] Getting sessions for all scopes...
2024-05-16 19:48:12.852 [info] Getting sessions for all scopes...
2024-05-16 19:48:12.852 [info] Got stored sessions!
2024-05-16 19:48:12.853 [info] Got 1 verified sessions.
2024-05-16 19:48:12.853 [info] Got 1 sessions for ...
2024-05-16 19:48:12.853 [info] Got 1 sessions for ...
2024-05-16 19:48:12.853 [info] Getting sessions for all scopes...
2024-05-16 19:48:12.853 [info] Got 1 sessions for ...
2024-05-16 19:48:13.127 [info] Getting sessions for read:user,repo,user:email,workflow...
2024-05-16 19:48:13.127 [info] Got 1 sessions for read:user,repo,user:email,workflow...
2024-05-16 19:48:13.640 [info] Getting sessions for read:user,repo,user:email,workflow...
2024-05-16 19:48:13.640 [info] Got 1 sessions for read:user,repo,user:email,workflow...
2024-05-17 16:58:34.084 [info] Getting sessions for read:org,user:email...
2024-05-17 16:58:34.096 [info] Got 0 sessions for read:org,user:email...
2024-05-17 16:58:35.757 [info] Logging in for the following scopes: read:org user:email
2024-05-17 16:58:35.789 [info] Trying without local server... (read:org user:email)
2024-05-17 16:58:43.756 [info] Exchanging code for token...
2024-05-17 16:58:44.230 [info] Token exchange success!
2024-05-17 16:58:44.234 [info] Getting user info...
2024-05-17 16:58:44.673 [info] Got account info!
2024-05-17 16:58:44.675 [info] Storing 2 sessions...
2024-05-17 16:58:44.685 [info] Reading sessions from keychain...
2024-05-17 16:58:44.686 [info] Stored 2 sessions!
2024-05-17 16:58:44.687 [info] Login success!
2024-05-17 16:58:44.835 [info] Got stored sessions!
2024-05-17 16:58:44.835 [info] Got 2 verified sessions.
2024-05-17 16:58:44.937 [info] Getting sessions for read:user,repo,user:email,workflow...
2024-05-17 16:58:44.938 [info] Got 1 sessions for read:user,repo,user:email,workflow...
2024-05-17 16:58:45.555 [info] Getting sessions for read:user,repo,user:email,workflow...
2024-05-17 16:58:45.556 [info] Got 1 sessions for read:user,repo,user:email,workflow...
2024-05-17 18:48:34.748 [info] Getting sessions for read:user,repo,user:email,workflow...
2024-05-17 18:48:34.748 [info] Got 1 sessions for read:user,repo,user:email,workflow...
2024-05-17 22:48:13.024 [info] Getting sessions for read:user,repo,user:email,workflow...
2024-05-17 22:48:13.024 [info] Got 1 sessions for read:user,repo,user:email,workflow...
2024-05-18 14:41:51.229 [info] Getting sessions for read:user,repo,user:email,workflow...
2024-05-18 14:41:51.229 [info] Got 1 sessions for read:user,repo,user:email,workflow...
2024-05-18 16:49:59.908 [info] Getting sessions for read:user,repo,user:email,workflow...
2024-05-18 16:49:59.919 [info] Got 1 sessions for read:user,repo,user:email,workflow...
2024-05-18 16:52:52.528 [info] Getting sessions for read:user,repo,user:email,workflow...
2024-05-18 16:52:52.528 [info] Got 1 sessions for read:user,repo,user:email,workflow...
2024-05-18 17:18:40.171 [info] Getting sessions for read:user,repo,user:email,workflow...
2024-05-18 17:18:40.171 [info] Got 1 sessions for read:user,repo,user:email,workflow...
2024-05-18 17:19:48.641 [info] Getting sessions for read:user,repo,user:email,workflow...
2024-05-18 17:19:48.641 [info] Got 1 sessions for read:user,repo,user:email,workflow...
2024-05-18 17:22:17.210 [info] Getting sessions for read:user,repo,user:email,workflow...
2024-05-18 17:22:17.210 [info] Got 1 sessions for read:user,repo,user:email,workflow...
2024-05-18 17:28:47.189 [info] Getting sessions for repo,workflow...
2024-05-18 17:28:47.189 [info] Got 0 sessions for repo,workflow...
2024-05-18 17:28:47.305 [info] Getting sessions for repo,workflow...
2024-05-18 17:28:47.306 [info] Got 0 sessions for repo,workflow...
2024-05-18 17:28:47.331 [info] Getting sessions for repo,workflow...
2024-05-18 17:28:47.331 [info] Got 0 sessions for repo,workflow...
2024-05-18 17:28:47.334 [info] Getting sessions for repo,workflow...
2024-05-18 17:28:47.334 [info] Got 0 sessions for repo,workflow...
2024-05-18 17:28:49.606 [info] Getting sessions for repo,workflow...
2024-05-18 17:28:49.606 [info] Got 0 sessions for repo,workflow...
2024-05-18 17:28:50.733 [info] Logging in for the following scopes: repo workflow
2024-05-18 17:28:50.742 [info] Trying without local server... (repo workflow)
2024-05-18 17:28:55.238 [info] Exchanging code for token...
2024-05-18 17:28:55.629 [info] Token exchange success!
2024-05-18 17:28:55.632 [info] Getting user info...
2024-05-18 17:28:56.017 [info] Got account info!
2024-05-18 17:28:56.018 [info] Storing 3 sessions...
2024-05-18 17:28:56.023 [info] Reading sessions from keychain...
2024-05-18 17:28:56.023 [info] Stored 3 sessions!
2024-05-18 17:28:56.023 [info] Login success!
2024-05-18 17:28:56.034 [info] Got stored sessions!
2024-05-18 17:28:56.034 [info] Got 3 verified sessions.
2024-05-18 17:28:56.050 [info] Getting sessions for read:user,repo,user:email,workflow...
2024-05-18 17:28:56.050 [info] Got 1 sessions for read:user,repo,user:email,workflow...
2024-05-18 17:28:56.412 [info] Getting sessions for read:user,repo,user:email,workflow...
2024-05-18 17:28:56.412 [info] Got 1 sessions for read:user,repo,user:email,workflow...
2024-05-18 17:29:10.851 [info] Getting sessions for repo,workflow...
2024-05-18 17:29:10.851 [info] Got 1 sessions for repo,workflow...
2024-05-18 17:29:11.220 [info] Getting sessions for repo,workflow...
2024-05-18 17:29:11.220 [info] Got 1 sessions for repo,workflow...
2024-05-18 17:29:11.254 [info] Getting sessions for repo,workflow...
2024-05-18 17:29:11.254 [info] Got 1 sessions for repo,workflow...
2024-05-18 17:29:11.555 [info] Getting sessions for repo,workflow...
2024-05-18 17:29:11.555 [info] Got 1 sessions for repo,workflow...
2024-05-18 17:29:11.578 [info] Getting sessions for repo,workflow...
2024-05-18 17:29:11.587 [info] Got 1 sessions for repo,workflow...
2024-05-18 17:29:29.767 [info] Getting sessions for repo,workflow...
2024-05-18 17:29:29.767 [info] Got 1 sessions for repo,workflow...
2024-05-18 17:29:29.904 [info] Getting sessions for repo,workflow...
2024-05-18 17:29:29.904 [info] Got 1 sessions for repo,workflow...
2024-05-18 17:29:29.909 [info] Getting sessions for repo,workflow...
2024-05-18 17:29:29.909 [info] Got 1 sessions for repo,workflow...
2024-05-18 17:30:19.830 [info] Getting sessions for repo,workflow...
2024-05-18 17:30:19.830 [info] Got 1 sessions for repo,workflow...
2024-05-18 17:30:19.971 [info] Getting sessions for repo,workflow...
2024-05-18 17:30:19.971 [info] Got 1 sessions for repo,workflow...
2024-05-18 17:30:19.983 [info] Getting sessions for repo,workflow...
2024-05-18 17:30:19.983 [info] Got 1 sessions for repo,workflow...
2024-05-18 17:32:21.403 [info] Getting sessions for read:user,repo,user:email,workflow...
2024-05-18 17:32:21.404 [info] Got 1 sessions for read:user,repo,user:email,workflow...
2024-05-18 17:32:35.311 [info] Getting sessions for read:user,repo,user:email,workflow...
2024-05-18 17:32:35.311 [info] Got 1 sessions for read:user,repo,user:email,workflow...
2024-05-18 18:20:45.774 [info] Getting sessions for read:user,repo,user:email,workflow...
2024-05-18 18:20:45.774 [info] Got 1 sessions for read:user,repo,user:email,workflow...
2024-05-18 18:26:10.509 [info] Getting sessions for read:user,repo,user:email,workflow...
2024-05-18 18:26:10.509 [info] Got 1 sessions for read:user,repo,user:email,workflow...
2024-05-18 18:39:17.190 [info] Getting sessions for read:user,repo,user:email,workflow...
2024-05-18 18:39:17.191 [info] Got 1 sessions for read:user,repo,user:email,workflow...
2024-05-18 18:43:10.204 [info] Getting sessions for read:user,repo,user:email,workflow...
2024-05-18 18:43:10.204 [info] Got 1 sessions for read:user,repo,user:email,workflow...
2024-05-18 18:49:24.113 [info] Getting sessions for read:user,repo,user:email,workflow...
2024-05-18 18:49:24.113 [info] Got 1 sessions for read:user,repo,user:email,workflow...
2024-05-18 18:51:31.267 [info] Getting sessions for read:user,repo,user:email,workflow...
2024-05-18 18:51:31.267 [info] Got 1 sessions for read:user,repo,user:email,workflow...
2024-05-18 18:55:41.422 [info] Getting sessions for read:user,repo,user:email,workflow...
2024-05-18 18:55:41.422 [info] Got 1 sessions for read:user,repo,user:email,workflow...
2024-05-18 19:21:09.295 [info] Getting sessions for read:user,repo,user:email,workflow...
2024-05-18 19:21:09.295 [info] Got 1 sessions for read:user,repo,user:email,workflow...
2024-05-18 19:21:10.082 [info] Getting sessions for read:user,repo,user:email,workflow...
2024-05-18 19:21:10.083 [info] Got 1 sessions for read:user,repo,user:email,workflow...
2024-05-18 19:24:55.760 [info] Getting sessions for read:user,repo,user:email,workflow...
2024-05-18 19:24:55.760 [info] Got 1 sessions for read:user,repo,user:email,workflow...
2024-05-18 19:28:31.732 [info] Getting sessions for read:user,repo,user:email,workflow...
2024-05-18 19:28:31.732 [info] Got 1 sessions for read:user,repo,user:email,workflow...
2024-05-18 19:29:08.344 [info] Getting sessions for read:user,repo,user:email,workflow...
2024-05-18 19:29:08.344 [info] Got 1 sessions for read:user,repo,user:email,workflow...
