2024-05-21 06:39:45.406 [info] Extension host with pid 2069717 started
2024-05-21 06:39:45.406 [info] Skipping acquiring lock for /home/daro_ops/.config/Code/User/workspaceStorage/49aa77dd964038eaf68a0d552f98442c.
2024-05-21 06:39:45.662 [info] ExtensionService#_doActivateExtension vscode.emmet, startup: false, activationEvent: 'onLanguage'
2024-05-21 06:39:45.673 [info] ExtensionService#_doActivateExtension vscode.typescript-language-features, startup: false, activationEvent: 'onLanguage:javascript'
2024-05-21 06:39:46.330 [info] ExtensionService#_doActivateExtension vscode.git-base, startup: true, activationEvent: '*', root cause: vscode.git
2024-05-21 06:39:46.333 [info] ExtensionService#_doActivateExtension dlasagno.wal-theme, startup: true, activationEvent: '*'
2024-05-21 06:39:46.371 [info] ExtensionService#_doActivateExtension mhutchie.git-graph, startup: true, activationEvent: '*'
2024-05-21 06:39:46.405 [info] ExtensionService#_doActivateExtension vscode.npm, startup: true, activationEvent: 'workspaceContains:package.json'
2024-05-21 06:39:47.433 [info] ExtensionService#_doActivateExtension vscode.git, startup: true, activationEvent: '*'
2024-05-21 06:39:47.493 [info] ExtensionService#_doActivateExtension vscode.github, startup: true, activationEvent: '*'
2024-05-21 06:39:47.681 [info] Eager extensions activated
2024-05-21 06:39:47.919 [info] ExtensionService#_doActivateExtension vscode.debug-auto-launch, startup: false, activationEvent: 'onStartupFinished'
2024-05-21 06:39:47.921 [info] ExtensionService#_doActivateExtension vscode.merge-conflict, startup: false, activationEvent: 'onStartupFinished'
2024-05-21 06:39:47.928 [info] ExtensionService#_doActivateExtension dbaeumer.vscode-eslint, startup: false, activationEvent: 'onStartupFinished'
2024-05-21 06:39:47.951 [info] ExtensionService#_doActivateExtension naumovs.color-highlight, startup: false, activationEvent: 'onStartupFinished'
2024-05-21 06:39:47.956 [info] ExtensionService#_doActivateExtension ritwickdey.LiveServer, startup: false, activationEvent: 'onStartupFinished'
2024-05-21 06:39:48.282 [info] ExtensionService#_doActivateExtension vscode.github-authentication, startup: false, activationEvent: 'onAuthenticationRequest:github'
2024-05-21 06:41:29.448 [info] Extension host terminating: renderer closed the MessagePort
2024-05-21 06:41:29.500 [error] Canceled: Canceled
	at new O (/opt/visual-studio-code/resources/app/out/vs/workbench/api/node/extensionHostProcess.js:143:47131)
	at c.U (/opt/visual-studio-code/resources/app/out/vs/workbench/api/node/extensionHostProcess.js:150:5542)
	at F.<computed>.z.charCodeAt.F.<computed> (/opt/visual-studio-code/resources/app/out/vs/workbench/api/node/extensionHostProcess.js:150:2993)
	at r.g (/opt/visual-studio-code/resources/app/out/vs/workbench/api/node/extensionHostProcess.js:153:188926)
	at r.executeCommand (/opt/visual-studio-code/resources/app/out/vs/workbench/api/node/extensionHostProcess.js:153:188364)
	at k.registerCommand.description (/opt/visual-studio-code/resources/app/out/vs/workbench/api/node/extensionHostProcess.js:153:187688)
	at r.h (/opt/visual-studio-code/resources/app/out/vs/workbench/api/node/extensionHostProcess.js:153:189465)
	at r.g (/opt/visual-studio-code/resources/app/out/vs/workbench/api/node/extensionHostProcess.js:153:188457)
	at r.executeCommand (/opt/visual-studio-code/resources/app/out/vs/workbench/api/node/extensionHostProcess.js:153:188364)
	at Object.executeCommand (/opt/visual-studio-code/resources/app/out/vs/workbench/api/node/extensionHostProcess.js:163:22673)
	at a.O [as value] (/opt/visual-studio-code/resources/app/extensions/git/dist/main.js:2:945138)
	at o.y (/opt/visual-studio-code/resources/app/out/vs/workbench/api/node/extensionHostProcess.js:82:660)
	at o.z (/opt/visual-studio-code/resources/app/out/vs/workbench/api/node/extensionHostProcess.js:82:730)
	at o.fire (/opt/visual-studio-code/resources/app/out/vs/workbench/api/node/extensionHostProcess.js:82:946)
	at Object.p [as dispose] (/opt/visual-studio-code/resources/app/extensions/git/dist/main.js:2:964222)
	at /opt/visual-studio-code/resources/app/extensions/git/dist/main.js:2:970260
	at Array.forEach (<anonymous>)
	at f.dispose (/opt/visual-studio-code/resources/app/extensions/git/dist/main.js:2:970246)
	at h.<anonymous> (/opt/visual-studio-code/resources/app/out/vs/workbench/api/node/extensionHostProcess.js:151:3955)
	at h.dispose (/opt/visual-studio-code/resources/app/out/vs/workbench/api/node/extensionHostProcess.js:151:4052)
	at h.<anonymous> (/opt/visual-studio-code/resources/app/extensions/git/dist/main.js:2:947395)
	at h.dispose (/opt/visual-studio-code/resources/app/out/vs/workbench/api/node/extensionHostProcess.js:151:4052)
	at a (/opt/visual-studio-code/resources/app/out/vs/workbench/api/node/extensionHostProcess.js:30:744)
	at f.eb (/opt/visual-studio-code/resources/app/out/vs/workbench/api/node/extensionHostProcess.js:159:9975)
	at /opt/visual-studio-code/resources/app/out/vs/workbench/api/node/extensionHostProcess.js:159:7824
	at Array.map (<anonymous>)
	at f.$ (/opt/visual-studio-code/resources/app/out/vs/workbench/api/node/extensionHostProcess.js:159:7811)
	at f.terminate (/opt/visual-studio-code/resources/app/out/vs/workbench/api/node/extensionHostProcess.js:159:8085)
	at a.terminate (/opt/visual-studio-code/resources/app/out/vs/workbench/api/node/extensionHostProcess.js:163:1513)
	at t (/opt/visual-studio-code/resources/app/out/vs/workbench/api/node/extensionHostProcess.js:176:9922)
	at MessagePortMain.<anonymous> (/opt/visual-studio-code/resources/app/out/vs/workbench/api/node/extensionHostProcess.js:176:6347)
	at MessagePortMain.emit (node:events:517:28)
	at MessagePortMain._internalPort.emit (node:electron/js2c/utility_init:2:2285) setContext undefined
2024-05-21 06:41:29.500 [error] Canceled: Canceled
	at new O (/opt/visual-studio-code/resources/app/out/vs/workbench/api/node/extensionHostProcess.js:143:47131)
	at c.U (/opt/visual-studio-code/resources/app/out/vs/workbench/api/node/extensionHostProcess.js:150:5542)
	at F.<computed>.z.charCodeAt.F.<computed> (/opt/visual-studio-code/resources/app/out/vs/workbench/api/node/extensionHostProcess.js:150:2993)
	at r.g (/opt/visual-studio-code/resources/app/out/vs/workbench/api/node/extensionHostProcess.js:153:188926)
	at r.executeCommand (/opt/visual-studio-code/resources/app/out/vs/workbench/api/node/extensionHostProcess.js:153:188364)
	at k.registerCommand.description (/opt/visual-studio-code/resources/app/out/vs/workbench/api/node/extensionHostProcess.js:153:187688)
	at r.h (/opt/visual-studio-code/resources/app/out/vs/workbench/api/node/extensionHostProcess.js:153:189465)
	at r.g (/opt/visual-studio-code/resources/app/out/vs/workbench/api/node/extensionHostProcess.js:153:188457)
	at r.executeCommand (/opt/visual-studio-code/resources/app/out/vs/workbench/api/node/extensionHostProcess.js:153:188364)
	at Object.executeCommand (/opt/visual-studio-code/resources/app/out/vs/workbench/api/node/extensionHostProcess.js:163:22673)
	at set hasGitHubRepositories [as hasGitHubRepositories] (/opt/visual-studio-code/resources/app/extensions/github/dist/extension.js:2:322969)
	at /opt/visual-studio-code/resources/app/extensions/github/dist/extension.js:2:323928
	at a.value (/opt/visual-studio-code/resources/app/extensions/git/dist/main.js:2:1050711)
	at o.y (/opt/visual-studio-code/resources/app/out/vs/workbench/api/node/extensionHostProcess.js:82:660)
	at o.z (/opt/visual-studio-code/resources/app/out/vs/workbench/api/node/extensionHostProcess.js:82:730)
	at o.fire (/opt/visual-studio-code/resources/app/out/vs/workbench/api/node/extensionHostProcess.js:82:946)
	at Object.p [as dispose] (/opt/visual-studio-code/resources/app/extensions/git/dist/main.js:2:964222)
	at /opt/visual-studio-code/resources/app/extensions/git/dist/main.js:2:970260
	at Array.forEach (<anonymous>)
	at f.dispose (/opt/visual-studio-code/resources/app/extensions/git/dist/main.js:2:970246)
	at h.<anonymous> (/opt/visual-studio-code/resources/app/out/vs/workbench/api/node/extensionHostProcess.js:151:3955)
	at h.dispose (/opt/visual-studio-code/resources/app/out/vs/workbench/api/node/extensionHostProcess.js:151:4052)
	at h.<anonymous> (/opt/visual-studio-code/resources/app/extensions/git/dist/main.js:2:947395)
	at h.dispose (/opt/visual-studio-code/resources/app/out/vs/workbench/api/node/extensionHostProcess.js:151:4052)
	at a (/opt/visual-studio-code/resources/app/out/vs/workbench/api/node/extensionHostProcess.js:30:744)
	at f.eb (/opt/visual-studio-code/resources/app/out/vs/workbench/api/node/extensionHostProcess.js:159:9975)
	at /opt/visual-studio-code/resources/app/out/vs/workbench/api/node/extensionHostProcess.js:159:7824
	at Array.map (<anonymous>)
	at f.$ (/opt/visual-studio-code/resources/app/out/vs/workbench/api/node/extensionHostProcess.js:159:7811)
	at f.terminate (/opt/visual-studio-code/resources/app/out/vs/workbench/api/node/extensionHostProcess.js:159:8085)
	at a.terminate (/opt/visual-studio-code/resources/app/out/vs/workbench/api/node/extensionHostProcess.js:163:1513)
	at t (/opt/visual-studio-code/resources/app/out/vs/workbench/api/node/extensionHostProcess.js:176:9922)
	at MessagePortMain.<anonymous> (/opt/visual-studio-code/resources/app/out/vs/workbench/api/node/extensionHostProcess.js:176:6347)
	at MessagePortMain.emit (node:events:517:28)
	at MessagePortMain._internalPort.emit (node:electron/js2c/utility_init:2:2285) setContext undefined
2024-05-21 06:41:29.502 [info] Extension host with pid 2069717 exiting with code 0
