2024-05-21 06:47:24.200 [info] Invoking resolveAuthority(ssh-remote)...
2024-05-21 06:47:24.227 [info] [LocalProcess0][resolveAuthority(ssh-remote,1)][0ms] obtaining proxy...
2024-05-21 06:47:24.257 [info] Started local extension host with pid 2099035.
2024-05-21 06:47:24.346 [warning] [remote-ssh]: Couldn't find message for key setting.usseExecServer.description.
2024-05-21 06:47:24.739 [info] [LocalProcess0][resolveAuthority(ssh-remote,1)][513ms] invoking...
2024-05-21 06:47:25.740 [info] [LocalProcess0][resolveAuthority(ssh-remote,1)][1513ms] waiting...
2024-05-21 06:47:26.739 [info] [LocalProcess0][resolveAuthority(ssh-remote,1)][2513ms] waiting...
2024-05-21 06:47:27.740 [info] [LocalProcess0][resolveAuthority(ssh-remote,1)][3513ms] waiting...
2024-05-21 06:47:28.740 [info] [LocalProcess0][resolveAuthority(ssh-remote,1)][4513ms] waiting...
2024-05-21 06:47:29.740 [info] [LocalProcess0][resolveAuthority(ssh-remote,1)][5513ms] waiting...
2024-05-21 06:47:30.740 [info] [LocalProcess0][resolveAuthority(ssh-remote,1)][6513ms] waiting...
2024-05-21 06:47:31.740 [info] [LocalProcess0][resolveAuthority(ssh-remote,1)][7513ms] waiting...
2024-05-21 06:47:32.740 [info] [LocalProcess0][resolveAuthority(ssh-remote,1)][8513ms] waiting...
2024-05-21 06:47:33.740 [info] [LocalProcess0][resolveAuthority(ssh-remote,1)][9513ms] waiting...
2024-05-21 06:47:34.740 [info] [LocalProcess0][resolveAuthority(ssh-remote,1)][10513ms] waiting...
2024-05-21 06:47:35.740 [info] [LocalProcess0][resolveAuthority(ssh-remote,1)][11513ms] waiting...
2024-05-21 06:47:36.740 [info] [LocalProcess0][resolveAuthority(ssh-remote,1)][12513ms] waiting...
2024-05-21 06:47:37.741 [info] [LocalProcess0][resolveAuthority(ssh-remote,1)][13513ms] waiting...
2024-05-21 06:47:38.740 [info] [LocalProcess0][resolveAuthority(ssh-remote,1)][14513ms] waiting...
2024-05-21 06:47:39.740 [info] [LocalProcess0][resolveAuthority(ssh-remote,1)][15513ms] waiting...
2024-05-21 06:47:40.740 [info] [LocalProcess0][resolveAuthority(ssh-remote,1)][16513ms] waiting...
2024-05-21 06:47:41.740 [info] [LocalProcess0][resolveAuthority(ssh-remote,1)][17513ms] waiting...
2024-05-21 06:47:42.741 [info] [LocalProcess0][resolveAuthority(ssh-remote,1)][18514ms] waiting...
2024-05-21 06:47:43.740 [info] [LocalProcess0][resolveAuthority(ssh-remote,1)][19513ms] waiting...
2024-05-21 06:47:44.647 [info] [LocalProcess0][resolveAuthority(ssh-remote,1)][20419ms] returned Managed(1)
2024-05-21 06:47:44.648 [info] resolveAuthority(ssh-remote) returned 'Managed(1)' after 20447 ms
2024-05-21 06:47:44.656 [info] Creating a socket (renderer-Management-bd6f47ed-88eb-4985-b62b-71821699d9d6)...
2024-05-21 06:47:44.657 [info] Creating a socket (renderer-ExtensionHost-398bbf4a-ba44-4958-8476-e3822a697ef4)...
2024-05-21 06:47:46.017 [info] Creating a socket (renderer-Management-bd6f47ed-88eb-4985-b62b-71821699d9d6) was successful after 1363 ms.
2024-05-21 06:47:46.025 [info] Creating a socket (renderer-ExtensionHost-398bbf4a-ba44-4958-8476-e3822a697ef4) was successful after 1370 ms.
2024-05-21 06:47:47.931 [info] [perf] Render performance baseline is 48ms
2024-05-21 06:48:42.362 [info] Started local extension host with pid 2103979.
2024-05-21 06:48:42.731 [info] Invoking resolveAuthority(ssh-remote)...
2024-05-21 06:48:42.731 [info] [LocalProcess0][resolveAuthority(ssh-remote,1)][0ms] obtaining proxy...
2024-05-21 06:48:42.731 [info] [LocalProcess0][resolveAuthority(ssh-remote,1)][0ms] invoking...
2024-05-21 06:48:42.910 [info] [LocalProcess0][resolveAuthority(ssh-remote,1)][178ms] returned Managed(1)
2024-05-21 06:48:42.910 [info] resolveAuthority(ssh-remote) returned 'Managed(1)' after 179 ms
2024-05-21 06:48:42.911 [info] Creating a socket (renderer-Management-94a8d768-db1d-4ba0-987b-3d2a6f3a533e)...
2024-05-21 06:48:42.912 [info] Creating a socket (renderer-ExtensionHost-f0ab7ecc-36de-4011-9121-6b80d86e4106)...
2024-05-21 06:48:42.972 [info] Creating a socket (renderer-Management-94a8d768-db1d-4ba0-987b-3d2a6f3a533e) was successful after 60 ms.
2024-05-21 06:48:42.984 [info] Creating a socket (renderer-ExtensionHost-f0ab7ecc-36de-4011-9121-6b80d86e4106) was successful after 72 ms.
2024-05-21 06:48:45.685 [warning] [remote-ssh]: Couldn't find message for key setting.usseExecServer.description.
2024-05-21 06:48:47.180 [info] [perf] Render performance baseline is 47ms
2024-05-21 06:56:07.652 [info] Started local extension host with pid 2132316.
2024-05-21 06:56:10.792 [warning] [remote-ssh]: Couldn't find message for key setting.usseExecServer.description.
2024-05-21 06:56:10.952 [info] [perf] Render performance baseline is 49ms
