2024-05-21 06:47:24.140 [info] Added views:workbench.panel.markers.view in workbench.panel.markers
2024-05-21 06:47:24.140 [info] Added views:workbench.panel.output in workbench.panel.output
2024-05-21 06:47:24.140 [info] Added views:terminal in terminal
2024-05-21 06:47:24.140 [info] Added views:outline in workbench.view.explorer
2024-05-21 06:47:24.140 [info] Added views:workbench.scm in workbench.view.scm
2024-05-21 06:47:24.140 [info] Added views:workbench.view.search in workbench.view.search
2024-05-21 06:47:24.140 [info] Added views:workbench.explorer.emptyView in workbench.view.explorer
2024-05-21 06:47:24.414 [info] Added views:workbench.debug.variablesView,workbench.debug.watchExpressionsView,workbench.debug.callStackView,workbench.debug.breakPointsView in workbench.view.debug
2024-05-21 06:47:24.829 [info] Added views:~remote.forwardedPorts in ~remote.forwardedPortsContainer
2024-05-21 06:47:46.654 [info] Added views:remoteTargets in workbench.view.remote
2024-05-21 06:47:46.940 [info] Removed views:workbench.debug.breakPointsView,workbench.debug.callStackView,workbench.debug.watchExpressionsView,workbench.debug.variablesView from workbench.view.debug
2024-05-21 06:47:46.940 [info] Added views:workbench.debug.welcome in workbench.view.debug
2024-05-21 06:47:47.263 [info] Added views:workbench.panel.repl.view in workbench.panel.repl
2024-05-21 06:48:42.245 [info] Added views:workbench.panel.markers.view in workbench.panel.markers
2024-05-21 06:48:42.245 [info] Added views:workbench.panel.output in workbench.panel.output
2024-05-21 06:48:42.245 [info] Added views:terminal in terminal
2024-05-21 06:48:42.245 [info] Added views:outline in workbench.view.explorer
2024-05-21 06:48:42.245 [info] Added views:workbench.scm in workbench.view.scm
2024-05-21 06:48:42.245 [info] Added views:workbench.view.search in workbench.view.search
2024-05-21 06:48:42.245 [info] Added views:workbench.explorer.fileView in workbench.view.explorer
2024-05-21 06:48:42.440 [info] Added views:workbench.debug.welcome in workbench.view.debug
2024-05-21 06:48:43.312 [info] Added views:remoteTargets in workbench.view.remote
2024-05-21 06:48:43.987 [info] Added views:workbench.panel.repl.view in workbench.panel.repl
2024-05-21 06:48:45.871 [info] Added views:~remote.forwardedPorts in ~remote.forwardedPortsContainer
2024-05-21 06:56:07.531 [info] Added views:workbench.panel.markers.view in workbench.panel.markers
2024-05-21 06:56:07.531 [info] Added views:workbench.panel.output in workbench.panel.output
2024-05-21 06:56:07.531 [info] Added views:terminal in terminal
2024-05-21 06:56:07.531 [info] Added views:outline in workbench.view.explorer
2024-05-21 06:56:07.531 [info] Added views:workbench.scm in workbench.view.scm
2024-05-21 06:56:07.531 [info] Added views:workbench.view.search in workbench.view.search
2024-05-21 06:56:07.531 [info] Added views:workbench.explorer.emptyView in workbench.view.explorer
2024-05-21 06:56:07.840 [info] Added views:github-actions.empty-view in workbench.view.extension.github-actions
2024-05-21 06:56:07.841 [info] Added views:remoteTargets in workbench.view.remote
2024-05-21 06:56:07.843 [info] Added views:thunder-client-sidebar in workbench.view.extension.thunder-client
2024-05-21 06:56:08.159 [info] Added views:workbench.debug.variablesView,workbench.debug.watchExpressionsView,workbench.debug.callStackView,workbench.debug.breakPointsView in workbench.view.debug
2024-05-21 06:56:08.185 [info] Added views:workbench.panel.repl.view in workbench.panel.repl
2024-05-21 06:56:08.187 [info] Removed views:workbench.debug.breakPointsView,workbench.debug.callStackView,workbench.debug.watchExpressionsView,workbench.debug.variablesView from workbench.view.debug
2024-05-21 06:56:08.187 [info] Added views:workbench.debug.welcome in workbench.view.debug
2024-05-21 06:56:08.451 [info] Added views:~remote.forwardedPorts in ~remote.forwardedPortsContainer
