2024-05-21 07:20:58.515 [info] Extension host with pid 2228345 started
2024-05-21 07:20:58.515 [info] [resolveAuthority(ssh-remote,1)][0ms] activating remote resolvers ssh-remote+172.16.101.146
2024-05-21 07:20:58.515 [info] [resolveAuthority(ssh-remote,1)][0ms] activating resolver for ssh-remote+172.16.101.146...
2024-05-21 07:20:58.525 [info] ExtensionService#_doActivateExtension ms-vscode-remote.remote-ssh, startup: false, activationEvent: 'onResolveRemoteAuthority:ssh-remote'
2024-05-21 07:20:58.571 [info] [resolveAuthority(ssh-remote,1)][125ms] invoking final resolve()...
2024-05-21 07:20:59.572 [info] [resolveAuthority(ssh-remote,1)][1126ms] waiting...
2024-05-21 07:21:00.574 [info] [resolveAuthority(ssh-remote,1)][2128ms] waiting...
2024-05-21 07:21:01.575 [info] [resolveAuthority(ssh-remote,1)][3129ms] waiting...
2024-05-21 07:21:02.576 [info] [resolveAuthority(ssh-remote,1)][4130ms] waiting...
2024-05-21 07:21:03.576 [info] [resolveAuthority(ssh-remote,1)][5130ms] waiting...
2024-05-21 07:21:04.576 [info] [resolveAuthority(ssh-remote,1)][6130ms] waiting...
2024-05-21 07:21:05.577 [info] [resolveAuthority(ssh-remote,1)][7131ms] waiting...
2024-05-21 07:21:06.578 [info] [resolveAuthority(ssh-remote,1)][8132ms] waiting...
2024-05-21 07:21:07.578 [info] [resolveAuthority(ssh-remote,1)][9132ms] waiting...
2024-05-21 07:21:08.577 [info] [resolveAuthority(ssh-remote,1)][10131ms] waiting...
2024-05-21 07:21:09.578 [info] [resolveAuthority(ssh-remote,1)][11132ms] waiting...
2024-05-21 07:21:10.580 [info] [resolveAuthority(ssh-remote,1)][12134ms] waiting...
2024-05-21 07:21:11.580 [info] [resolveAuthority(ssh-remote,1)][13134ms] waiting...
2024-05-21 07:21:12.581 [info] [resolveAuthority(ssh-remote,1)][14135ms] waiting...
2024-05-21 07:21:13.582 [info] [resolveAuthority(ssh-remote,1)][15136ms] waiting...
2024-05-21 07:21:13.614 [info] [resolveAuthority(ssh-remote,1)][15167ms] setting tunnel factory...
2024-05-21 07:21:13.616 [info] [resolveAuthority(ssh-remote,1)][15170ms] returned managed authority
2024-05-21 07:21:14.578 [info] ExtensionService#_doActivateExtension dlasagno.wal-theme, startup: true, activationEvent: '*'
2024-05-21 07:21:14.777 [info] Eager extensions activated
2024-05-21 07:21:57.419 [info] Extension host terminating: renderer closed the MessagePort
2024-05-21 07:21:57.444 [error] Canceled: Canceled
	at new O (/opt/visual-studio-code/resources/app/out/vs/workbench/api/node/extensionHostProcess.js:143:47131)
	at c.U (/opt/visual-studio-code/resources/app/out/vs/workbench/api/node/extensionHostProcess.js:150:5542)
	at F.<computed>.z.charCodeAt.F.<computed> (/opt/visual-studio-code/resources/app/out/vs/workbench/api/node/extensionHostProcess.js:150:2993)
	at r.g (/opt/visual-studio-code/resources/app/out/vs/workbench/api/node/extensionHostProcess.js:153:188926)
	at r.executeCommand (/opt/visual-studio-code/resources/app/out/vs/workbench/api/node/extensionHostProcess.js:153:188364)
	at k.registerCommand.description (/opt/visual-studio-code/resources/app/out/vs/workbench/api/node/extensionHostProcess.js:153:187688)
	at r.h (/opt/visual-studio-code/resources/app/out/vs/workbench/api/node/extensionHostProcess.js:153:189465)
	at r.g (/opt/visual-studio-code/resources/app/out/vs/workbench/api/node/extensionHostProcess.js:153:188457)
	at r.executeCommand (/opt/visual-studio-code/resources/app/out/vs/workbench/api/node/extensionHostProcess.js:153:188364)
	at Object.executeCommand (/opt/visual-studio-code/resources/app/out/vs/workbench/api/node/extensionHostProcess.js:163:22673)
	at t.shutdown (/home/daro_ops/.vscode/extensions/ms-vscode-remote.remote-ssh-0.110.1/out/extension.js:2:582708)
	at e.deactivate (/home/daro_ops/.vscode/extensions/ms-vscode-remote.remote-ssh-0.110.1/out/extension.js:2:849844)
	at f.eb (/opt/visual-studio-code/resources/app/out/vs/workbench/api/node/extensionHostProcess.js:159:9780)
	at /opt/visual-studio-code/resources/app/out/vs/workbench/api/node/extensionHostProcess.js:159:7824
	at Array.map (<anonymous>)
	at f.$ (/opt/visual-studio-code/resources/app/out/vs/workbench/api/node/extensionHostProcess.js:159:7811)
	at f.terminate (/opt/visual-studio-code/resources/app/out/vs/workbench/api/node/extensionHostProcess.js:159:8085)
	at a.terminate (/opt/visual-studio-code/resources/app/out/vs/workbench/api/node/extensionHostProcess.js:163:1513)
	at t (/opt/visual-studio-code/resources/app/out/vs/workbench/api/node/extensionHostProcess.js:176:9922)
	at MessagePortMain.<anonymous> (/opt/visual-studio-code/resources/app/out/vs/workbench/api/node/extensionHostProcess.js:176:6347)
	at MessagePortMain.emit (node:events:517:28)
	at MessagePortMain._internalPort.emit (node:electron/js2c/utility_init:2:2285) setContext undefined
2024-05-21 07:21:57.490 [info] Extension host with pid 2228345 exiting with code 0
2024-05-21 07:21:59.774 [info] Extension host with pid 2232390 started
2024-05-21 07:21:59.774 [info] Skipping acquiring lock for /home/daro_ops/.config/Code/User/workspaceStorage/143073137e19e8e54042212b6a275e88.
2024-05-21 07:21:59.774 [info] $getCanonicalURI invoked for authority (ssh-remote)
2024-05-21 07:21:59.779 [info] ExtensionService#_doActivateExtension ms-vscode-remote.remote-ssh, startup: false, activationEvent: 'onResolveRemoteAuthority:ssh-remote'
2024-05-21 07:21:59.853 [info] [resolveAuthority(ssh-remote,1)][0ms] activating remote resolvers ssh-remote+172.16.101.146
2024-05-21 07:21:59.854 [info] [resolveAuthority(ssh-remote,1)][1ms] activating resolver for ssh-remote+172.16.101.146...
2024-05-21 07:21:59.855 [info] [resolveAuthority(ssh-remote,1)][2ms] invoking final resolve()...
2024-05-21 07:22:00.111 [info] [resolveAuthority(ssh-remote,1)][258ms] setting tunnel factory...
2024-05-21 07:22:00.112 [info] [resolveAuthority(ssh-remote,1)][259ms] returned managed authority
2024-05-21 07:22:00.804 [info] Eager extensions activated
2024-05-21 07:22:01.284 [info] ExtensionService#_doActivateExtension ms-vscode.remote-explorer, startup: false, activationEvent: 'onCommand:remote-internal.setActiveFolders'
2024-05-21 07:22:05.768 [info] ExtensionService#_doActivateExtension dlasagno.wal-theme, startup: false, activationEvent: '*'
2024-05-21 07:22:05.951 [info] ExtensionService#_doActivateExtension vscode.github-authentication, startup: false, activationEvent: 'onAuthenticationRequest:github'
2024-05-21 07:32:07.628 [info] Extension host terminating: renderer closed the MessagePort
2024-05-21 07:32:07.657 [error] Canceled: Canceled
	at new O (/opt/visual-studio-code/resources/app/out/vs/workbench/api/node/extensionHostProcess.js:143:47131)
	at c.U (/opt/visual-studio-code/resources/app/out/vs/workbench/api/node/extensionHostProcess.js:150:5542)
	at F.<computed>.z.charCodeAt.F.<computed> (/opt/visual-studio-code/resources/app/out/vs/workbench/api/node/extensionHostProcess.js:150:2993)
	at r.g (/opt/visual-studio-code/resources/app/out/vs/workbench/api/node/extensionHostProcess.js:153:188926)
	at r.executeCommand (/opt/visual-studio-code/resources/app/out/vs/workbench/api/node/extensionHostProcess.js:153:188364)
	at k.registerCommand.description (/opt/visual-studio-code/resources/app/out/vs/workbench/api/node/extensionHostProcess.js:153:187688)
	at r.h (/opt/visual-studio-code/resources/app/out/vs/workbench/api/node/extensionHostProcess.js:153:189465)
	at r.g (/opt/visual-studio-code/resources/app/out/vs/workbench/api/node/extensionHostProcess.js:153:188457)
	at r.executeCommand (/opt/visual-studio-code/resources/app/out/vs/workbench/api/node/extensionHostProcess.js:153:188364)
	at Object.executeCommand (/opt/visual-studio-code/resources/app/out/vs/workbench/api/node/extensionHostProcess.js:163:22673)
	at t.shutdown (/home/daro_ops/.vscode/extensions/ms-vscode-remote.remote-ssh-0.110.1/out/extension.js:2:582708)
	at e.deactivate (/home/daro_ops/.vscode/extensions/ms-vscode-remote.remote-ssh-0.110.1/out/extension.js:2:849844)
	at f.eb (/opt/visual-studio-code/resources/app/out/vs/workbench/api/node/extensionHostProcess.js:159:9780)
	at /opt/visual-studio-code/resources/app/out/vs/workbench/api/node/extensionHostProcess.js:159:7824
	at Array.map (<anonymous>)
	at f.$ (/opt/visual-studio-code/resources/app/out/vs/workbench/api/node/extensionHostProcess.js:159:7811)
	at f.terminate (/opt/visual-studio-code/resources/app/out/vs/workbench/api/node/extensionHostProcess.js:159:8085)
	at a.terminate (/opt/visual-studio-code/resources/app/out/vs/workbench/api/node/extensionHostProcess.js:163:1513)
	at t (/opt/visual-studio-code/resources/app/out/vs/workbench/api/node/extensionHostProcess.js:176:9922)
	at MessagePortMain.<anonymous> (/opt/visual-studio-code/resources/app/out/vs/workbench/api/node/extensionHostProcess.js:176:6347)
	at MessagePortMain.emit (node:events:517:28)
	at MessagePortMain._internalPort.emit (node:electron/js2c/utility_init:2:2285) setContext undefined
2024-05-21 07:32:07.657 [info] Extension host with pid 2232390 exiting with code 0
2024-05-21 07:32:10.055 [info] Extension host with pid 2273224 started
2024-05-21 07:32:10.090 [info] ExtensionService#_doActivateExtension vscode.git-base, startup: true, activationEvent: '*', root cause: vscode.git
2024-05-21 07:32:10.097 [info] ExtensionService#_doActivateExtension dlasagno.wal-theme, startup: true, activationEvent: '*'
2024-05-21 07:32:10.145 [info] ExtensionService#_doActivateExtension mhutchie.git-graph, startup: true, activationEvent: '*'
2024-05-21 07:32:10.278 [info] ExtensionService#_doActivateExtension vscode.git, startup: true, activationEvent: '*'
2024-05-21 07:32:10.321 [info] ExtensionService#_doActivateExtension vscode.github, startup: true, activationEvent: '*'
2024-05-21 07:32:10.466 [info] Eager extensions activated
2024-05-21 07:32:10.468 [info] Extension host terminating: renderer closed the MessagePort
2024-05-21 07:32:10.520 [error] Canceled: Canceled
	at Object.P [as $6] (/opt/visual-studio-code/resources/app/out/vs/workbench/api/node/extensionHostProcess.js:10:967)
	at /opt/visual-studio-code/resources/app/out/vs/workbench/api/node/extensionHostProcess.js:150:2335
	at Array.forEach (<anonymous>)
	at c.dispose (/opt/visual-studio-code/resources/app/out/vs/workbench/api/node/extensionHostProcess.js:150:2273)
	at f.terminate (/opt/visual-studio-code/resources/app/out/vs/workbench/api/node/extensionHostProcess.js:159:8061)
	at a.terminate (/opt/visual-studio-code/resources/app/out/vs/workbench/api/node/extensionHostProcess.js:163:1513)
	at t (/opt/visual-studio-code/resources/app/out/vs/workbench/api/node/extensionHostProcess.js:176:9922)
	at MessagePortMain.<anonymous> (/opt/visual-studio-code/resources/app/out/vs/workbench/api/node/extensionHostProcess.js:176:6347)
	at MessagePortMain.emit (node:events:517:28)
	at MessagePortMain._internalPort.emit (node:electron/js2c/utility_init:2:2285) setContext undefined
2024-05-21 07:32:10.520 [error] Canceled: Canceled
	at Object.P [as $6] (/opt/visual-studio-code/resources/app/out/vs/workbench/api/node/extensionHostProcess.js:10:967)
	at /opt/visual-studio-code/resources/app/out/vs/workbench/api/node/extensionHostProcess.js:150:2335
	at Array.forEach (<anonymous>)
	at c.dispose (/opt/visual-studio-code/resources/app/out/vs/workbench/api/node/extensionHostProcess.js:150:2273)
	at f.terminate (/opt/visual-studio-code/resources/app/out/vs/workbench/api/node/extensionHostProcess.js:159:8061)
	at a.terminate (/opt/visual-studio-code/resources/app/out/vs/workbench/api/node/extensionHostProcess.js:163:1513)
	at t (/opt/visual-studio-code/resources/app/out/vs/workbench/api/node/extensionHostProcess.js:176:9922)
	at MessagePortMain.<anonymous> (/opt/visual-studio-code/resources/app/out/vs/workbench/api/node/extensionHostProcess.js:176:6347)
	at MessagePortMain.emit (node:events:517:28)
	at MessagePortMain._internalPort.emit (node:electron/js2c/utility_init:2:2285) setContext undefined
2024-05-21 07:32:10.520 [error] Canceled: Canceled
	at Object.P [as $6] (/opt/visual-studio-code/resources/app/out/vs/workbench/api/node/extensionHostProcess.js:10:967)
	at /opt/visual-studio-code/resources/app/out/vs/workbench/api/node/extensionHostProcess.js:150:2335
	at Array.forEach (<anonymous>)
	at c.dispose (/opt/visual-studio-code/resources/app/out/vs/workbench/api/node/extensionHostProcess.js:150:2273)
	at f.terminate (/opt/visual-studio-code/resources/app/out/vs/workbench/api/node/extensionHostProcess.js:159:8061)
	at a.terminate (/opt/visual-studio-code/resources/app/out/vs/workbench/api/node/extensionHostProcess.js:163:1513)
	at t (/opt/visual-studio-code/resources/app/out/vs/workbench/api/node/extensionHostProcess.js:176:9922)
	at MessagePortMain.<anonymous> (/opt/visual-studio-code/resources/app/out/vs/workbench/api/node/extensionHostProcess.js:176:6347)
	at MessagePortMain.emit (node:events:517:28)
	at MessagePortMain._internalPort.emit (node:electron/js2c/utility_init:2:2285) setContext undefined
2024-05-21 07:32:10.520 [error] Canceled: Canceled
	at Object.P [as $6] (/opt/visual-studio-code/resources/app/out/vs/workbench/api/node/extensionHostProcess.js:10:967)
	at /opt/visual-studio-code/resources/app/out/vs/workbench/api/node/extensionHostProcess.js:150:2335
	at Array.forEach (<anonymous>)
	at c.dispose (/opt/visual-studio-code/resources/app/out/vs/workbench/api/node/extensionHostProcess.js:150:2273)
	at f.terminate (/opt/visual-studio-code/resources/app/out/vs/workbench/api/node/extensionHostProcess.js:159:8061)
	at a.terminate (/opt/visual-studio-code/resources/app/out/vs/workbench/api/node/extensionHostProcess.js:163:1513)
	at t (/opt/visual-studio-code/resources/app/out/vs/workbench/api/node/extensionHostProcess.js:176:9922)
	at MessagePortMain.<anonymous> (/opt/visual-studio-code/resources/app/out/vs/workbench/api/node/extensionHostProcess.js:176:6347)
	at MessagePortMain.emit (node:events:517:28)
	at MessagePortMain._internalPort.emit (node:electron/js2c/utility_init:2:2285) setContext undefined
2024-05-21 07:32:10.521 [error] Canceled: Canceled
	at Object.P [as $6] (/opt/visual-studio-code/resources/app/out/vs/workbench/api/node/extensionHostProcess.js:10:967)
	at /opt/visual-studio-code/resources/app/out/vs/workbench/api/node/extensionHostProcess.js:150:2335
	at Array.forEach (<anonymous>)
	at c.dispose (/opt/visual-studio-code/resources/app/out/vs/workbench/api/node/extensionHostProcess.js:150:2273)
	at f.terminate (/opt/visual-studio-code/resources/app/out/vs/workbench/api/node/extensionHostProcess.js:159:8061)
	at a.terminate (/opt/visual-studio-code/resources/app/out/vs/workbench/api/node/extensionHostProcess.js:163:1513)
	at t (/opt/visual-studio-code/resources/app/out/vs/workbench/api/node/extensionHostProcess.js:176:9922)
	at MessagePortMain.<anonymous> (/opt/visual-studio-code/resources/app/out/vs/workbench/api/node/extensionHostProcess.js:176:6347)
	at MessagePortMain.emit (node:events:517:28)
	at MessagePortMain._internalPort.emit (node:electron/js2c/utility_init:2:2285) setContext undefined
2024-05-21 07:32:10.521 [error] Canceled: Canceled
	at Object.P [as $6] (/opt/visual-studio-code/resources/app/out/vs/workbench/api/node/extensionHostProcess.js:10:967)
	at /opt/visual-studio-code/resources/app/out/vs/workbench/api/node/extensionHostProcess.js:150:2335
	at Array.forEach (<anonymous>)
	at c.dispose (/opt/visual-studio-code/resources/app/out/vs/workbench/api/node/extensionHostProcess.js:150:2273)
	at f.terminate (/opt/visual-studio-code/resources/app/out/vs/workbench/api/node/extensionHostProcess.js:159:8061)
	at a.terminate (/opt/visual-studio-code/resources/app/out/vs/workbench/api/node/extensionHostProcess.js:163:1513)
	at t (/opt/visual-studio-code/resources/app/out/vs/workbench/api/node/extensionHostProcess.js:176:9922)
	at MessagePortMain.<anonymous> (/opt/visual-studio-code/resources/app/out/vs/workbench/api/node/extensionHostProcess.js:176:6347)
	at MessagePortMain.emit (node:events:517:28)
	at MessagePortMain._internalPort.emit (node:electron/js2c/utility_init:2:2285) setContext undefined
2024-05-21 07:32:10.521 [error] Canceled: Canceled
	at Object.P [as $6] (/opt/visual-studio-code/resources/app/out/vs/workbench/api/node/extensionHostProcess.js:10:967)
	at /opt/visual-studio-code/resources/app/out/vs/workbench/api/node/extensionHostProcess.js:150:2335
	at Array.forEach (<anonymous>)
	at c.dispose (/opt/visual-studio-code/resources/app/out/vs/workbench/api/node/extensionHostProcess.js:150:2273)
	at f.terminate (/opt/visual-studio-code/resources/app/out/vs/workbench/api/node/extensionHostProcess.js:159:8061)
	at a.terminate (/opt/visual-studio-code/resources/app/out/vs/workbench/api/node/extensionHostProcess.js:163:1513)
	at t (/opt/visual-studio-code/resources/app/out/vs/workbench/api/node/extensionHostProcess.js:176:9922)
	at MessagePortMain.<anonymous> (/opt/visual-studio-code/resources/app/out/vs/workbench/api/node/extensionHostProcess.js:176:6347)
	at MessagePortMain.emit (node:events:517:28)
	at MessagePortMain._internalPort.emit (node:electron/js2c/utility_init:2:2285) setContext undefined
2024-05-21 07:32:10.521 [error] Canceled: Canceled
	at Object.P [as $6] (/opt/visual-studio-code/resources/app/out/vs/workbench/api/node/extensionHostProcess.js:10:967)
	at /opt/visual-studio-code/resources/app/out/vs/workbench/api/node/extensionHostProcess.js:150:2335
	at Array.forEach (<anonymous>)
	at c.dispose (/opt/visual-studio-code/resources/app/out/vs/workbench/api/node/extensionHostProcess.js:150:2273)
	at f.terminate (/opt/visual-studio-code/resources/app/out/vs/workbench/api/node/extensionHostProcess.js:159:8061)
	at a.terminate (/opt/visual-studio-code/resources/app/out/vs/workbench/api/node/extensionHostProcess.js:163:1513)
	at t (/opt/visual-studio-code/resources/app/out/vs/workbench/api/node/extensionHostProcess.js:176:9922)
	at MessagePortMain.<anonymous> (/opt/visual-studio-code/resources/app/out/vs/workbench/api/node/extensionHostProcess.js:176:6347)
	at MessagePortMain.emit (node:events:517:28)
	at MessagePortMain._internalPort.emit (node:electron/js2c/utility_init:2:2285) setContext undefined
2024-05-21 07:32:10.532 [error] ProxyResolver#addCertificatesV1 Canceled: Canceled
	at new O (/opt/visual-studio-code/resources/app/out/vs/workbench/api/node/extensionHostProcess.js:143:47131)
	at c.U (/opt/visual-studio-code/resources/app/out/vs/workbench/api/node/extensionHostProcess.js:150:5542)
	at F.<computed>.z.charCodeAt.F.<computed> (/opt/visual-studio-code/resources/app/out/vs/workbench/api/node/extensionHostProcess.js:150:2993)
	at C.loadCertificates (/opt/visual-studio-code/resources/app/out/vs/workbench/api/node/extensionHostProcess.js:156:41276)
	at Object.loadAdditionalCertificates (/opt/visual-studio-code/resources/app/out/vs/workbench/api/node/extensionHostProcess.js:138:34340)
	at /opt/visual-studio-code/resources/app/node_modules.asar/@vscode/proxy-agent/out/index.js:475:53
	at Generator.next (<anonymous>)
	at /opt/visual-studio-code/resources/app/node_modules.asar/@vscode/proxy-agent/out/index.js:35:71
	at new Promise (<anonymous>)
	at __awaiter (/opt/visual-studio-code/resources/app/node_modules.asar/@vscode/proxy-agent/out/index.js:31:12)
	at /opt/visual-studio-code/resources/app/node_modules.asar/@vscode/proxy-agent/out/index.js:474:43
	at /opt/visual-studio-code/resources/app/node_modules.asar/@vscode/proxy-agent/out/index.js:476:16
	at Generator.next (<anonymous>)
	at /opt/visual-studio-code/resources/app/node_modules.asar/@vscode/proxy-agent/out/index.js:35:71
	at new Promise (<anonymous>)
	at __awaiter (/opt/visual-studio-code/resources/app/node_modules.asar/@vscode/proxy-agent/out/index.js:31:12)
	at getOrLoadAdditionalCertificates (/opt/visual-studio-code/resources/app/node_modules.asar/@vscode/proxy-agent/out/index.js:472:12)
	at addCertificatesV1 (/opt/visual-studio-code/resources/app/node_modules.asar/@vscode/proxy-agent/out/index.js:456:9)
	at resolveProxy (/opt/visual-studio-code/resources/app/node_modules.asar/@vscode/proxy-agent/out/index.js:112:9)
	at /opt/visual-studio-code/resources/app/node_modules.asar/@vscode/proxy-agent/out/index.js:303:77
	at new Promise (<anonymous>)
	at _PacProxyAgent.resolveP [as resolver] (/opt/visual-studio-code/resources/app/node_modules.asar/@vscode/proxy-agent/out/index.js:303:54)
	at _PacProxyAgent.<anonymous> (/opt/visual-studio-code/resources/app/node_modules.asar/@vscode/proxy-agent/out/agent.js:70:37)
	at Generator.next (<anonymous>)
	at /opt/visual-studio-code/resources/app/node_modules.asar/@vscode/proxy-agent/out/agent.js:8:71
	at new Promise (<anonymous>)
	at __awaiter (/opt/visual-studio-code/resources/app/node_modules.asar/@vscode/proxy-agent/out/agent.js:4:12)
	at _PacProxyAgent.connect (/opt/visual-studio-code/resources/app/node_modules.asar/@vscode/proxy-agent/out/agent.js:52:16)
	at /opt/visual-studio-code/resources/app/node_modules.asar/agent-base/dist/index.js:73:30
	at process.processTicksAndRejections (node:internal/process/task_queues:95:5)
2024-05-21 07:32:10.532 [info] Extension host with pid 2273224 exiting with code 0
