[07:20:58.555] Log Level: 2
[07:20:58.572] SSH Resolver called for "ssh-remote+172.16.101.146", attempt 1
[07:20:58.579] "remote.SSH.useLocalServer": true
[07:20:58.581] "remote.SSH.useExecServer": true
[07:20:58.582] "remote.SSH.path": undefined
[07:20:58.582] "remote.SSH.configFile": undefined
[07:20:58.583] "remote.SSH.useFlock": true
[07:20:58.583] "remote.SSH.lockfilesInTmp": false
[07:20:58.584] "remote.SSH.localServerDownload": auto
[07:20:58.584] "remote.SSH.remoteServerListenOnSocket": false
[07:20:58.584] "remote.SSH.showLoginTerminal": false
[07:20:58.584] "remote.SSH.defaultExtensions": []
[07:20:58.584] "remote.SSH.loglevel": 2
[07:20:58.585] "remote.SSH.enableDynamicForwarding": true
[07:20:58.585] "remote.SSH.enableRemoteCommand": false
[07:20:58.585] "remote.SSH.serverPickPortsFromRange": {}
[07:20:58.585] "remote.SSH.serverInstallPath": {}
[07:20:58.594] VS Code version: 1.89.1
[07:20:58.594] Remote-SSH version: remote-ssh@0.110.1
[07:20:58.594] linux x64
[07:20:58.596] SSH Resolver called for host: 172.16.101.146
[07:20:58.596] Setting up SSH remote "172.16.101.146"
[07:20:58.607] Acquiring local install lock: /tmp/vscode-remote-ssh-66fb6ad3-install.lock
[07:20:58.610] Looking for existing server data file at /home/daro_ops/.config/Code/User/globalStorage/ms-vscode-remote.remote-ssh/vscode-ssh-host-66fb6ad3-dc96b837cf6bb4af9cd736aa3af08cf8279f7685-0.110.1-es/data.json
[07:20:58.612] Using commit id "dc96b837cf6bb4af9cd736aa3af08cf8279f7685" and quality "stable" for server
[07:20:58.624] Install and start server if needed
[07:20:58.639] PATH: /home/daro_ops/.nvm/versions/node/v20.12.2/bin:/usr/local/sbin:/usr/local/bin:/usr/bin:/usr/bin/site_perl:/usr/bin/vendor_perl:/usr/bin/core_perl
[07:20:58.640] Checking ssh with "ssh -V"
[07:20:58.659] > OpenSSH_9.7p1, OpenSSL 3.3.0 9 Apr 2024

[07:20:58.671] askpass server listening on /run/user/1000/vscode-ssh-askpass-a2f1a5423dce236d5dac827b0214e415af593636.sock
[07:20:58.672] Spawning local server with {"serverId":1,"ipcHandlePath":"/run/user/1000/vscode-ssh-askpass-ca56bd9ae979bb4a7e7ed1c47c76edf85d8d6d55.sock","sshCommand":"ssh","sshArgs":["-v","-T","-D","42949","-o","ConnectTimeout=15","172.16.101.146"],"serverDataFolderName":".vscode-server","dataFilePath":"/home/daro_ops/.config/Code/User/globalStorage/ms-vscode-remote.remote-ssh/vscode-ssh-host-66fb6ad3-dc96b837cf6bb4af9cd736aa3af08cf8279f7685-0.110.1-es/data.json"}
[07:20:58.672] Local server env: {"SHELL":"/usr/bin/bash","DISPLAY":":0","ELECTRON_RUN_AS_NODE":"1","SSH_ASKPASS":"/home/daro_ops/.vscode/extensions/ms-vscode-remote.remote-ssh-0.110.1/out/local-server/askpass.sh","VSCODE_SSH_ASKPASS_NODE":"/opt/visual-studio-code/code","VSCODE_SSH_ASKPASS_EXTRA_ARGS":"","VSCODE_SSH_ASKPASS_MAIN":"/home/daro_ops/.vscode/extensions/ms-vscode-remote.remote-ssh-0.110.1/out/askpass-main.js","VSCODE_SSH_ASKPASS_HANDLE":"/run/user/1000/vscode-ssh-askpass-a2f1a5423dce236d5dac827b0214e415af593636.sock"}
[07:20:58.678] Spawned 2228425
[07:20:58.950] > local-server-1> Running ssh connection command: ssh -v -T -D 42949 -o ConnectTimeout=15 172.16.101.146
[07:20:58.957] > local-server-1> Spawned ssh, pid=2228453
[07:20:58.962] stderr> OpenSSH_9.7p1, OpenSSL 3.3.0 9 Apr 2024
[07:20:59.096] stderr> debug1: Server host key: ssh-ed25519 SHA256:pbIcKtympyO6SUyPSKqX3TpXVgoyYlXPvC+ntKrY11I
[07:20:59.505] Got askpass request: {"request":" davidstevenromeroserrano@172.16.101.146's password:"}
[07:20:59.506] Showing password prompt
[07:20:59.508] Listening for interwindow password on /run/user/1000/vscode-ssh-askpass-4b1e8b2f2529c2c0c29164fd0079fbda83dd9a24.sock
[07:20:59.508] Writing password prompt to globalState
[07:21:12.820] Got password response
[07:21:12.820] Interactor gave response: *************
[07:21:12.821] Cleaning up other-window auth server
[07:21:12.911] stderr> Authenticated to 172.16.101.146 ([172.16.101.146]:22) using "password".
[07:21:13.302] > Welcome to Ubuntu 24.04 LTS (GNU/Linux 6.8.0-31-generic x86_64)
> 
>  * Documentation:  https://help.ubuntu.com
>  * Management:     https://landscape.canonical.com
>  * Support:        https://ubuntu.com/pro
> 
>  System information as of Tue May 21 12:21:12 PM UTC 2024
> 
>   System load:  0.65                Processes:              566
>   Usage of /:   12.4% of 194.71GB   Users logged in:        7
>   Memory usage: 42%                 IPv4 address for ens18: 172.16.101.146
>   Swap usage:   0%
> 
>  * Strictly confined Kubernetes makes edge and IoT secure. Learn how MicroK8s
>    just raised the bar for easy, resilient and secure K8s cluster deployment.
> 
>    https://ubuntu.com/engage/secure-kubernetes-at-the-edge
> 
> Expanded Security Maintenance for Applications is not enabled.
> 
> 0 updates can be applied immediately.
> 
> Enable ESM Apps to receive additional future security updates.
> See https://ubuntu.com/esm or run: sudo pro status
> 
[07:21:13.307] > ready: 81768b9dfc8b
[07:21:13.311] > Linux 6.8.0-31-generic #31-Ubuntu SMP PREEMPT_DYNAMIC Sat Apr 20 00:40:06 UTC 2024
[07:21:13.313] Platform: linux
[07:21:13.315] > /bin/bash
[07:21:13.317] Shell: bash
[07:21:13.317] Creating bash subshell inside "bash"
[07:21:13.321] > bash version:  5.2.21(1)-release
[07:21:13.332] > 81768b9dfc8b: running
[07:21:13.340] > Found existing installation at /home/davidstevenromeroserrano/.vscode-server...
> Starting VS Code CLI... "/home/davidstevenromeroserrano/.vscode-server/code-dc96b837cf6bb4af9cd736aa3af08cf8279f7685" command-shell --cli-data-dir "/home/davidstevenromeroserrano/.vscode-server/cli" --on-port --parent-process-id 77264 &> "/home/davidstevenromeroserrano/.vscode-server/.cli.dc96b837cf6bb4af9cd736aa3af08cf8279f7685.log" < /dev/null
> printenv:
[07:21:13.341] >     SHELL=/bin/bash
>     PWD=/home/davidstevenromeroserrano
>     LOGNAME=davidstevenromeroserrano
>     XDG_SESSION_TYPE=tty
>     HOME=/home/davidstevenromeroserrano
>     LANG=en_US.UTF-8
>     VSCODE_AGENT_FOLDER=/home/davidstevenromeroserrano/.vscode-server
>     SSH_CONNECTION=172.16.104.57 40370 172.16.101.146 22
>     XDG_SESSION_CLASS=user
>     USER=davidstevenromeroserrano
>     SHLVL=2
>     XDG_SESSION_ID=279
>     XDG_RUNTIME_DIR=/run/user/1062
>     SSH_CLIENT=172.16.104.57 40370 22
>     XDG_DATA_DIRS=/usr/local/share:/usr/share:/var/lib/snapd/desktop
>     PATH=/usr/local/sbin:/usr/local/bin:/usr/sbin:/usr/bin:/sbin:/bin:/usr/games:/usr/local/games:/snap/bin
>     DBUS_SESSION_BUS_ADDRESS=unix:path=/run/user/1062/bus
>     _=/usr/bin/printenv
[07:21:13.342] > Removing old logfile at /home/davidstevenromeroserrano/.vscode-server/.cli.dc96b837cf6bb4af9cd736aa3af08cf8279f7685.log
[07:21:13.343] > Spawned remote CLI: 77283
[07:21:13.373] > Waiting for server log...
[07:21:13.409] > 81768b9dfc8b: start
> SSH_AUTH_SOCK====
> DISPLAY====
> listeningOn==127.0.0.1:37185==
> osReleaseId==ubuntu==
> arch==x86_64==
> vscodeArch==x64==
> bitness==64==
> tmpDir==/run/user/1062==
> platform==linux==
> unpackResult====
> didLocalDownload==0==
> downloadTime====
> installTime====
> serverStartTime==65==
> execServerToken==111a111a-11a1-1111-1111-1a111111a11a==
> 81768b9dfc8b: end
[07:21:13.410] Received install output: 
SSH_AUTH_SOCK====
DISPLAY====
listeningOn==127.0.0.1:37185==
osReleaseId==ubuntu==
arch==x86_64==
vscodeArch==x64==
bitness==64==
tmpDir==/run/user/1062==
platform==linux==
unpackResult====
didLocalDownload==0==
downloadTime====
installTime====
serverStartTime==65==
execServerToken==111a111a-11a1-1111-1111-1a111111a11a==

[07:21:13.413] Remote server is listening on port 37185
[07:21:13.413] Parsed server configuration: {"serverConfiguration":{"remoteListeningOn":{"port":37185},"osReleaseId":"ubuntu","arch":"x86_64","sshAuthSock":"","display":"","tmpDir":"/run/user/1062","platform":"linux","execServerToken":"111a111a-11a1-1111-1111-1a111111a11a"},"serverStartTime":65,"installUnpackCode":""}
[07:21:13.415] Persisting server connection details to /home/daro_ops/.config/Code/User/globalStorage/ms-vscode-remote.remote-ssh/vscode-ssh-host-66fb6ad3-dc96b837cf6bb4af9cd736aa3af08cf8279f7685-0.110.1-es/data.json
[07:21:13.425] Starting forwarding server. local port 34827 -> socksPort 42949 -> remotePort 37185
[07:21:13.426] Forwarding server listening on port 34827
[07:21:13.428] Waiting for ssh tunnel to be ready
[07:21:13.434] [Forwarding server port 34827] Got connection 0
[07:21:13.439] Tunneled port 37185 to local port 34827
[07:21:13.439] Resolved "ssh-remote+172.16.101.146" to "port 34827"
[07:21:13.480] Initizing new exec server for ssh-remote+172.16.101.146
[07:21:13.480] Resolving exec server at port 34827
[07:21:13.537] [Forwarding server port 34827] Got connection 1
[07:21:13.600] Exec server for ssh-remote+172.16.101.146 created and cached
[07:21:13.613] ------




[07:21:13.646] [server] Checking /home/davidstevenromeroserrano/.vscode-server/cli/servers/Stable-dc96b837cf6bb4af9cd736aa3af08cf8279f7685/log.txt and /home/davidstevenromeroserrano/.vscode-server/cli/servers/Stable-dc96b837cf6bb4af9cd736aa3af08cf8279f7685/pid.txt for a running server...
[07:21:13.647] [server] Found running server (pid=61002)
