[07:38:01.392] Log Level: 2
[07:38:01.409] SSH Resolver called for "ssh-remote+172.16.101.146", attempt 1
[07:38:01.411] "remote.SSH.useLocalServer": true
[07:38:01.411] "remote.SSH.useExecServer": true
[07:38:01.412] "remote.SSH.path": undefined
[07:38:01.412] "remote.SSH.configFile": undefined
[07:38:01.412] "remote.SSH.useFlock": true
[07:38:01.413] "remote.SSH.lockfilesInTmp": false
[07:38:01.413] "remote.SSH.localServerDownload": auto
[07:38:01.413] "remote.SSH.remoteServerListenOnSocket": false
[07:38:01.413] "remote.SSH.showLoginTerminal": false
[07:38:01.413] "remote.SSH.defaultExtensions": []
[07:38:01.413] "remote.SSH.loglevel": 2
[07:38:01.414] "remote.SSH.enableDynamicForwarding": true
[07:38:01.414] "remote.SSH.enableRemoteCommand": false
[07:38:01.414] "remote.SSH.serverPickPortsFromRange": {}
[07:38:01.417] "remote.SSH.serverInstallPath": {}
[07:38:01.425] VS Code version: 1.89.1
[07:38:01.425] Remote-SSH version: remote-ssh@0.110.1
[07:38:01.425] linux x64
[07:38:01.427] SSH Resolver called for host: 172.16.101.146
[07:38:01.427] Setting up SSH remote "172.16.101.146"
[07:38:01.431] Acquiring local install lock: /tmp/vscode-remote-ssh-66fb6ad3-install.lock
[07:38:01.433] Looking for existing server data file at /home/daro_ops/.config/Code/User/globalStorage/ms-vscode-remote.remote-ssh/vscode-ssh-host-66fb6ad3-dc96b837cf6bb4af9cd736aa3af08cf8279f7685-0.110.1-es/data.json
[07:38:01.435] Using commit id "dc96b837cf6bb4af9cd736aa3af08cf8279f7685" and quality "stable" for server
[07:38:01.440] Install and start server if needed
[07:38:01.445] PATH: /usr/local/sbin:/usr/local/bin:/usr/bin:/usr/bin/site_perl:/usr/bin/vendor_perl:/usr/bin/core_perl
[07:38:01.445] Checking ssh with "ssh -V"
[07:38:01.459] > OpenSSH_9.7p1, OpenSSL 3.3.0 9 Apr 2024

[07:38:01.468] askpass server listening on /run/user/1000/vscode-ssh-askpass-48e11c2712681e020ff612792afed30190526a0f.sock
[07:38:01.468] Spawning local server with {"serverId":1,"ipcHandlePath":"/run/user/1000/vscode-ssh-askpass-36cf7f3aa9f5d0d781ac5b00162b9dde1bde1001.sock","sshCommand":"ssh","sshArgs":["-v","-T","-D","41247","-o","ConnectTimeout=15","172.16.101.146"],"serverDataFolderName":".vscode-server","dataFilePath":"/home/daro_ops/.config/Code/User/globalStorage/ms-vscode-remote.remote-ssh/vscode-ssh-host-66fb6ad3-dc96b837cf6bb4af9cd736aa3af08cf8279f7685-0.110.1-es/data.json"}
[07:38:01.468] Local server env: {"SHELL":"/usr/bin/bash","DISPLAY":":0","ELECTRON_RUN_AS_NODE":"1","SSH_ASKPASS":"/home/daro_ops/.vscode/extensions/ms-vscode-remote.remote-ssh-0.110.1/out/local-server/askpass.sh","VSCODE_SSH_ASKPASS_NODE":"/opt/visual-studio-code/code","VSCODE_SSH_ASKPASS_EXTRA_ARGS":"","VSCODE_SSH_ASKPASS_MAIN":"/home/daro_ops/.vscode/extensions/ms-vscode-remote.remote-ssh-0.110.1/out/askpass-main.js","VSCODE_SSH_ASKPASS_HANDLE":"/run/user/1000/vscode-ssh-askpass-48e11c2712681e020ff612792afed30190526a0f.sock"}
[07:38:01.475] Spawned 2296902
[07:38:01.721] > local-server-1> Running ssh connection command: ssh -v -T -D 41247 -o ConnectTimeout=15 172.16.101.146
[07:38:01.726] > local-server-1> Spawned ssh, pid=2296926
[07:38:01.731] stderr> OpenSSH_9.7p1, OpenSSL 3.3.0 9 Apr 2024
[07:38:01.873] stderr> debug1: Server host key: ssh-ed25519 SHA256:pbIcKtympyO6SUyPSKqX3TpXVgoyYlXPvC+ntKrY11I
[07:38:02.171] Got askpass request: {"request":" davidstevenromeroserrano@172.16.101.146's password:"}
[07:38:02.173] Showing password prompt
[07:38:02.174] Listening for interwindow password on /run/user/1000/vscode-ssh-askpass-69c03bf0ee1b5d2ae31a35eedd92527fc3b79f21.sock
[07:38:02.174] Writing password prompt to globalState
[07:38:10.975] Got password response
[07:38:10.976] Interactor gave response: *************
[07:38:10.977] Cleaning up other-window auth server
[07:38:11.089] stderr> Authenticated to 172.16.101.146 ([172.16.101.146]:22) using "password".
[07:38:11.473] > Welcome to Ubuntu 24.04 LTS (GNU/Linux 6.8.0-31-generic x86_64)
> 
>  * Documentation:  https://help.ubuntu.com
>  * Management:     https://landscape.canonical.com
>  * Support:        https://ubuntu.com/pro
> 
>  System information as of Tue May 21 12:38:11 PM UTC 2024
> 
>   System load:  0.17                Processes:              584
>   Usage of /:   12.4% of 194.71GB   Users logged in:        5
>   Memory usage: 44%                 IPv4 address for ens18: 172.16.101.146
>   Swap usage:   0%
> 
>  * Strictly confined Kubernetes makes edge and IoT secure. Learn how MicroK8s
>    just raised the bar for easy, resilient and secure K8s cluster deployment.
> 
>    https://ubuntu.com/engage/secure-kubernetes-at-the-edge
> 
> Expanded Security Maintenance for Applications is not enabled.
> 
> 0 updates can be applied immediately.
> 
> Enable ESM Apps to receive additional future security updates.
> See https://ubuntu.com/esm or run: sudo pro status
> 
[07:38:11.477] > ready: 36132a778d12
[07:38:11.480] > Linux 6.8.0-31-generic #31-Ubuntu SMP PREEMPT_DYNAMIC Sat Apr 20 00:40:06 UTC 2024
[07:38:11.481] Platform: linux
[07:38:11.484] > /bin/bash
[07:38:11.484] Shell: bash
[07:38:11.485] Creating bash subshell inside "bash"
[07:38:11.488] > bash version:  5.2.21(1)-release
[07:38:11.499] > 36132a778d12: running
[07:38:11.506] > Found existing installation at /home/davidstevenromeroserrano/.vscode-server...
> Starting VS Code CLI... "/home/davidstevenromeroserrano/.vscode-server/code-dc96b837cf6bb4af9cd736aa3af08cf8279f7685" command-shell --cli-data-dir "/home/davidstevenromeroserrano/.vscode-server/cli" --on-port --parent-process-id 83634 &> "/home/davidstevenromeroserrano/.vscode-server/.cli.dc96b837cf6bb4af9cd736aa3af08cf8279f7685.log" < /dev/null
> printenv:
[07:38:11.508] >     SHELL=/bin/bash
>     PWD=/home/davidstevenromeroserrano
>     LOGNAME=davidstevenromeroserrano
>     XDG_SESSION_TYPE=tty
>     HOME=/home/davidstevenromeroserrano
>     LANG=en_US.UTF-8
>     VSCODE_AGENT_FOLDER=/home/davidstevenromeroserrano/.vscode-server
>     SSH_CONNECTION=172.16.104.57 60918 172.16.101.146 22
>     XDG_SESSION_CLASS=user
>     USER=davidstevenromeroserrano
>     SHLVL=2
>     XDG_SESSION_ID=283
>     XDG_RUNTIME_DIR=/run/user/1062
>     SSH_CLIENT=172.16.104.57 60918 22
>     XDG_DATA_DIRS=/usr/local/share:/usr/share:/var/lib/snapd/desktop
>     PATH=/usr/local/sbin:/usr/local/bin:/usr/sbin:/usr/bin:/sbin:/bin:/usr/games:/usr/local/games:/snap/bin
>     DBUS_SESSION_BUS_ADDRESS=unix:path=/run/user/1062/bus
>     _=/usr/bin/printenv
[07:38:11.509] > Removing old logfile at /home/davidstevenromeroserrano/.vscode-server/.cli.dc96b837cf6bb4af9cd736aa3af08cf8279f7685.log
[07:38:11.511] > Spawned remote CLI: 83653
[07:38:11.541] > Waiting for server log...
[07:38:11.578] > 36132a778d12: start
> SSH_AUTH_SOCK====
> DISPLAY====
> listeningOn==127.0.0.1:43017==
> osReleaseId==ubuntu==
> arch==x86_64==
> vscodeArch==x64==
> bitness==64==
> tmpDir==/run/user/1062==
> platform==linux==
> unpackResult====
> didLocalDownload==0==
> downloadTime====
> installTime====
> serverStartTime==67==
> execServerToken==11a111a1-11a1-1a11-1aaa-aa1111a11a11==
> 36132a778d12: end
[07:38:11.579] Received install output: 
SSH_AUTH_SOCK====
DISPLAY====
listeningOn==127.0.0.1:43017==
osReleaseId==ubuntu==
arch==x86_64==
vscodeArch==x64==
bitness==64==
tmpDir==/run/user/1062==
platform==linux==
unpackResult====
didLocalDownload==0==
downloadTime====
installTime====
serverStartTime==67==
execServerToken==11a111a1-11a1-1a11-1aaa-aa1111a11a11==

[07:38:11.582] Remote server is listening on port 43017
[07:38:11.583] Parsed server configuration: {"serverConfiguration":{"remoteListeningOn":{"port":43017},"osReleaseId":"ubuntu","arch":"x86_64","sshAuthSock":"","display":"","tmpDir":"/run/user/1062","platform":"linux","execServerToken":"11a111a1-11a1-1a11-1aaa-aa1111a11a11"},"serverStartTime":67,"installUnpackCode":""}
[07:38:11.586] Persisting server connection details to /home/daro_ops/.config/Code/User/globalStorage/ms-vscode-remote.remote-ssh/vscode-ssh-host-66fb6ad3-dc96b837cf6bb4af9cd736aa3af08cf8279f7685-0.110.1-es/data.json
[07:38:11.597] Starting forwarding server. local port 33597 -> socksPort 41247 -> remotePort 43017
[07:38:11.598] Forwarding server listening on port 33597
[07:38:11.600] Waiting for ssh tunnel to be ready
[07:38:11.605] [Forwarding server port 33597] Got connection 0
[07:38:11.610] Tunneled port 43017 to local port 33597
[07:38:11.611] Resolved "ssh-remote+172.16.101.146" to "port 33597"
[07:38:11.660] Initizing new exec server for ssh-remote+172.16.101.146
[07:38:11.661] Resolving exec server at port 33597
[07:38:11.712] [Forwarding server port 33597] Got connection 1
[07:38:11.773] Exec server for ssh-remote+172.16.101.146 created and cached
[07:38:11.783] ------




[07:38:11.809] [server] Checking /home/davidstevenromeroserrano/.vscode-server/cli/servers/Stable-dc96b837cf6bb4af9cd736aa3af08cf8279f7685/log.txt and /home/davidstevenromeroserrano/.vscode-server/cli/servers/Stable-dc96b837cf6bb4af9cd736aa3af08cf8279f7685/pid.txt for a running server...
[07:38:11.811] [server] Found running server (pid=61002)
