2024-05-19 16:09:36.834 [info] Deleted uninstalled extension from disk esbenp.prettier-vscode /home/daro_ops/.vscode/extensions/esbenp.prettier-vscode-10.4.0
2024-05-19 16:09:36.972 [info] Deleted uninstalled extension from disk rangav.vscode-thunder-client /home/daro_ops/.vscode/extensions/rangav.vscode-thunder-client-2.23.0
2024-05-19 16:09:37.040 [info] Deleted uninstalled extension from disk rangav.vscode-thunder-client /home/daro_ops/.vscode/extensions/rangav.vscode-thunder-client-2.23.4
2024-05-20 11:52:14.968 [info] Getting Manifest... ms-vscode-remote.remote-ssh
2024-05-20 11:52:14.976 [info] Installing extension: ms-vscode-remote.remote-ssh
2024-05-20 11:52:15.456 [info] Getting Manifest... ms-vscode-remote.remote-ssh-edit
2024-05-20 11:52:15.651 [info] Getting Manifest... ms-vscode.remote-explorer
2024-05-20 11:52:15.993 [info] Installing extension: ms-vscode-remote.remote-ssh-edit
2024-05-20 11:52:15.993 [info] Installing extension: ms-vscode.remote-explorer
2024-05-20 11:52:17.685 [info] Extension signature verification result for ms-vscode-remote.remote-ssh: UnknownError. Duration: 215ms.
2024-05-20 11:52:17.687 [info] Extension signature verification result for ms-vscode-remote.remote-ssh-edit: UnknownError. Duration: 544ms.
2024-05-20 11:52:17.689 [info] Extension signature verification result for ms-vscode.remote-explorer: UnknownError. Duration: 291ms.
2024-05-20 11:52:17.934 [info] Extracted extension to file:///home/daro_ops/.vscode/extensions/ms-vscode.remote-explorer-0.4.3: ms-vscode.remote-explorer
2024-05-20 11:52:17.983 [info] Extracted extension to file:///home/daro_ops/.vscode/extensions/ms-vscode-remote.remote-ssh-edit-0.86.0: ms-vscode-remote.remote-ssh-edit
2024-05-20 11:52:17.996 [info] Extracted extension to file:///home/daro_ops/.vscode/extensions/ms-vscode-remote.remote-ssh-0.110.1: ms-vscode-remote.remote-ssh
2024-05-20 11:52:18.101 [info] Renamed to /home/daro_ops/.vscode/extensions/ms-vscode.remote-explorer-0.4.3
2024-05-20 11:52:18.110 [info] Extracting extension completed. ms-vscode.remote-explorer
2024-05-20 11:52:18.127 [info] Renamed to /home/daro_ops/.vscode/extensions/ms-vscode-remote.remote-ssh-edit-0.86.0
2024-05-20 11:52:18.128 [info] Renamed to /home/daro_ops/.vscode/extensions/ms-vscode-remote.remote-ssh-0.110.1
2024-05-20 11:52:18.141 [warning] [remote-ssh]: Couldn't find message for key setting.usseExecServer.description.
2024-05-20 11:52:18.145 [info] Extracting extension completed. ms-vscode-remote.remote-ssh-edit
2024-05-20 11:52:18.147 [info] Extracting extension completed. ms-vscode-remote.remote-ssh
2024-05-20 11:52:18.226 [error] [uncaught exception in sharedProcess]: Error: ENOENT: no such file or directory, stat '/home/daro_ops/.vscode/extensions/extensions.json.vsctmp': EntryNotFound (FileSystemError): Error: ENOENT: no such file or directory, stat '/home/daro_ops/.vscode/extensions/extensions.json.vsctmp'
    at a.create (/opt/visual-studio-code/resources/app/out/vs/code/node/sharedProcess/sharedProcessMain.js:53:30019)
    at b (/opt/visual-studio-code/resources/app/out/vs/code/node/sharedProcess/sharedProcessMain.js:53:30130)
    at t.hb (/opt/visual-studio-code/resources/app/out/vs/code/node/sharedProcess/sharedProcessMain.js:58:36600)
    at t.stat (/opt/visual-studio-code/resources/app/out/vs/code/node/sharedProcess/sharedProcessMain.js:58:29040)
    at async $.stat (/opt/visual-studio-code/resources/app/out/vs/code/node/sharedProcess/sharedProcessMain.js:58:16186)
    at async J.sb (/opt/visual-studio-code/resources/app/out/vs/code/node/sharedProcess/sharedProcessMain.js:104:109501)
2024-05-20 11:52:18.402 [info] Extension installed successfully: ms-vscode.remote-explorer
2024-05-20 11:52:18.402 [info] Extension installed successfully: ms-vscode-remote.remote-ssh-edit
2024-05-20 11:52:18.402 [info] Extension installed successfully: ms-vscode-remote.remote-ssh
2024-05-20 11:53:29.170 [warning] [remote-ssh]: Couldn't find message for key setting.usseExecServer.description.
2024-05-20 11:53:29.180 [warning] [remote-ssh]: Couldn't find message for key setting.usseExecServer.description.
2024-05-20 11:53:29.527 [warning] [remote-ssh]: Couldn't find message for key setting.usseExecServer.description.
2024-05-20 11:53:29.548 [warning] [remote-ssh]: Couldn't find message for key setting.usseExecServer.description.
2024-05-20 11:53:29.555 [warning] [remote-ssh]: Couldn't find message for key setting.usseExecServer.description.
2024-05-20 11:53:31.421 [warning] [remote-ssh]: Couldn't find message for key setting.usseExecServer.description.
2024-05-20 11:53:31.429 [warning] [remote-ssh]: Couldn't find message for key setting.usseExecServer.description.
2024-05-20 11:53:57.554 [warning] [remote-ssh]: Couldn't find message for key setting.usseExecServer.description.
2024-05-20 11:53:57.687 [warning] [remote-ssh]: Couldn't find message for key setting.usseExecServer.description.
2024-05-20 11:53:57.814 [warning] [remote-ssh]: Couldn't find message for key setting.usseExecServer.description.
2024-05-20 11:53:58.095 [warning] [remote-ssh]: Couldn't find message for key setting.usseExecServer.description.
2024-05-20 11:53:58.207 [warning] [remote-ssh]: Couldn't find message for key setting.usseExecServer.description.
2024-05-20 11:53:58.343 [warning] [remote-ssh]: Couldn't find message for key setting.usseExecServer.description.
2024-05-20 11:53:58.460 [warning] [remote-ssh]: Couldn't find message for key setting.usseExecServer.description.
2024-05-20 11:53:58.563 [warning] [remote-ssh]: Couldn't find message for key setting.usseExecServer.description.
2024-05-20 11:54:14.168 [warning] [remote-ssh]: Couldn't find message for key setting.usseExecServer.description.
2024-05-20 11:55:07.502 [warning] [remote-ssh]: Couldn't find message for key setting.usseExecServer.description.
2024-05-20 11:55:07.638 [warning] [remote-ssh]: Couldn't find message for key setting.usseExecServer.description.
2024-05-20 11:55:07.934 [warning] [remote-ssh]: Couldn't find message for key setting.usseExecServer.description.
2024-05-20 11:55:07.943 [warning] [remote-ssh]: Couldn't find message for key setting.usseExecServer.description.
2024-05-20 11:55:07.957 [warning] [remote-ssh]: Couldn't find message for key setting.usseExecServer.description.
2024-05-20 11:55:08.727 [warning] [remote-ssh]: Couldn't find message for key setting.usseExecServer.description.
2024-05-20 11:55:08.816 [warning] [remote-ssh]: Couldn't find message for key setting.usseExecServer.description.
2024-05-20 11:55:09.131 [warning] [remote-ssh]: Couldn't find message for key setting.usseExecServer.description.
2024-05-20 11:55:09.354 [warning] [remote-ssh]: Couldn't find message for key setting.usseExecServer.description.
2024-05-20 11:55:09.498 [warning] [remote-ssh]: Couldn't find message for key setting.usseExecServer.description.
2024-05-20 11:55:09.637 [warning] [remote-ssh]: Couldn't find message for key setting.usseExecServer.description.
2024-05-20 11:55:09.832 [warning] [remote-ssh]: Couldn't find message for key setting.usseExecServer.description.
2024-05-20 11:55:09.906 [warning] [remote-ssh]: Couldn't find message for key setting.usseExecServer.description.
2024-05-20 11:55:09.921 [warning] [remote-ssh]: Couldn't find message for key setting.usseExecServer.description.
2024-05-20 11:55:10.046 [warning] [remote-ssh]: Couldn't find message for key setting.usseExecServer.description.
2024-05-20 11:59:14.250 [warning] [remote-ssh]: Couldn't find message for key setting.usseExecServer.description.
2024-05-20 12:00:09.963 [warning] [remote-ssh]: Couldn't find message for key setting.usseExecServer.description.
2024-05-20 12:04:14.322 [warning] [remote-ssh]: Couldn't find message for key setting.usseExecServer.description.
2024-05-20 12:05:10.017 [warning] [remote-ssh]: Couldn't find message for key setting.usseExecServer.description.
2024-05-20 12:09:14.385 [warning] [remote-ssh]: Couldn't find message for key setting.usseExecServer.description.
2024-05-20 12:10:10.047 [warning] [remote-ssh]: Couldn't find message for key setting.usseExecServer.description.
2024-05-20 12:14:14.422 [warning] [remote-ssh]: Couldn't find message for key setting.usseExecServer.description.
2024-05-20 12:15:10.119 [warning] [remote-ssh]: Couldn't find message for key setting.usseExecServer.description.
2024-05-20 12:19:14.455 [warning] [remote-ssh]: Couldn't find message for key setting.usseExecServer.description.
2024-05-20 12:20:27.400 [warning] [remote-ssh]: Couldn't find message for key setting.usseExecServer.description.
2024-05-20 12:22:18.122 [warning] [remote-ssh]: Couldn't find message for key setting.usseExecServer.description.
2024-05-20 12:22:18.139 [warning] [remote-ssh]: Couldn't find message for key setting.usseExecServer.description.
2024-05-20 12:22:18.311 [warning] [remote-ssh]: Couldn't find message for key setting.usseExecServer.description.
2024-05-20 12:22:18.629 [warning] [remote-ssh]: Couldn't find message for key setting.usseExecServer.description.
2024-05-20 12:22:18.668 [warning] [remote-ssh]: Couldn't find message for key setting.usseExecServer.description.
2024-05-20 12:22:18.766 [warning] [remote-ssh]: Couldn't find message for key setting.usseExecServer.description.
2024-05-20 12:22:18.897 [warning] [remote-ssh]: Couldn't find message for key setting.usseExecServer.description.
2024-05-20 12:22:19.007 [warning] [remote-ssh]: Couldn't find message for key setting.usseExecServer.description.
2024-05-20 12:22:19.088 [warning] [remote-ssh]: Couldn't find message for key setting.usseExecServer.description.
2024-05-20 12:22:19.180 [warning] [remote-ssh]: Couldn't find message for key setting.usseExecServer.description.
2024-05-20 12:22:19.314 [warning] [remote-ssh]: Couldn't find message for key setting.usseExecServer.description.
2024-05-20 12:22:19.426 [warning] [remote-ssh]: Couldn't find message for key setting.usseExecServer.description.
2024-05-20 12:22:20.263 [warning] [remote-ssh]: Couldn't find message for key setting.usseExecServer.description.
2024-05-20 12:22:20.389 [warning] [remote-ssh]: Couldn't find message for key setting.usseExecServer.description.
2024-05-20 12:22:20.395 [warning] [remote-ssh]: Couldn't find message for key setting.usseExecServer.description.
2024-05-20 12:24:14.651 [warning] [remote-ssh]: Couldn't find message for key setting.usseExecServer.description.
2024-05-20 12:27:20.503 [warning] [remote-ssh]: Couldn't find message for key setting.usseExecServer.description.
2024-05-20 12:29:14.675 [warning] [remote-ssh]: Couldn't find message for key setting.usseExecServer.description.
2024-05-20 12:32:20.528 [warning] [remote-ssh]: Couldn't find message for key setting.usseExecServer.description.
2024-05-20 12:34:14.699 [warning] [remote-ssh]: Couldn't find message for key setting.usseExecServer.description.
2024-05-20 12:37:20.555 [warning] [remote-ssh]: Couldn't find message for key setting.usseExecServer.description.
2024-05-20 12:39:14.730 [warning] [remote-ssh]: Couldn't find message for key setting.usseExecServer.description.
2024-05-20 12:42:20.593 [warning] [remote-ssh]: Couldn't find message for key setting.usseExecServer.description.
2024-05-20 12:44:14.773 [warning] [remote-ssh]: Couldn't find message for key setting.usseExecServer.description.
2024-05-20 12:47:20.679 [warning] [remote-ssh]: Couldn't find message for key setting.usseExecServer.description.
2024-05-20 12:49:14.814 [warning] [remote-ssh]: Couldn't find message for key setting.usseExecServer.description.
2024-05-20 12:52:20.732 [warning] [remote-ssh]: Couldn't find message for key setting.usseExecServer.description.
2024-05-20 12:54:14.886 [warning] [remote-ssh]: Couldn't find message for key setting.usseExecServer.description.
2024-05-20 12:57:20.788 [warning] [remote-ssh]: Couldn't find message for key setting.usseExecServer.description.
2024-05-20 12:59:14.979 [warning] [remote-ssh]: Couldn't find message for key setting.usseExecServer.description.
2024-05-20 13:02:20.841 [warning] [remote-ssh]: Couldn't find message for key setting.usseExecServer.description.
2024-05-20 13:04:15.058 [warning] [remote-ssh]: Couldn't find message for key setting.usseExecServer.description.
2024-05-20 13:07:20.867 [warning] [remote-ssh]: Couldn't find message for key setting.usseExecServer.description.
2024-05-20 13:09:15.151 [warning] [remote-ssh]: Couldn't find message for key setting.usseExecServer.description.
2024-05-20 13:12:20.896 [warning] [remote-ssh]: Couldn't find message for key setting.usseExecServer.description.
2024-05-20 13:14:15.230 [warning] [remote-ssh]: Couldn't find message for key setting.usseExecServer.description.
2024-05-20 13:17:20.930 [warning] [remote-ssh]: Couldn't find message for key setting.usseExecServer.description.
2024-05-20 13:19:15.289 [warning] [remote-ssh]: Couldn't find message for key setting.usseExecServer.description.
2024-05-20 13:22:20.978 [warning] [remote-ssh]: Couldn't find message for key setting.usseExecServer.description.
2024-05-20 13:24:15.553 [warning] [remote-ssh]: Couldn't find message for key setting.usseExecServer.description.
2024-05-20 16:35:16.843 [warning] [remote-ssh]: Couldn't find message for key setting.usseExecServer.description.
2024-05-20 16:37:11.260 [warning] [remote-ssh]: Couldn't find message for key setting.usseExecServer.description.
2024-05-20 16:40:16.915 [warning] [remote-ssh]: Couldn't find message for key setting.usseExecServer.description.
2024-05-20 16:42:11.327 [warning] [remote-ssh]: Couldn't find message for key setting.usseExecServer.description.
2024-05-20 16:45:17.019 [warning] [remote-ssh]: Couldn't find message for key setting.usseExecServer.description.
2024-05-20 16:47:11.414 [warning] [remote-ssh]: Couldn't find message for key setting.usseExecServer.description.
2024-05-20 16:50:17.099 [warning] [remote-ssh]: Couldn't find message for key setting.usseExecServer.description.
2024-05-20 16:52:11.466 [warning] [remote-ssh]: Couldn't find message for key setting.usseExecServer.description.
2024-05-20 16:55:17.153 [warning] [remote-ssh]: Couldn't find message for key setting.usseExecServer.description.
2024-05-20 16:57:11.512 [warning] [remote-ssh]: Couldn't find message for key setting.usseExecServer.description.
2024-05-20 17:00:17.332 [warning] [remote-ssh]: Couldn't find message for key setting.usseExecServer.description.
2024-05-20 17:02:11.568 [warning] [remote-ssh]: Couldn't find message for key setting.usseExecServer.description.
2024-05-20 17:05:17.380 [warning] [remote-ssh]: Couldn't find message for key setting.usseExecServer.description.
2024-05-20 17:07:11.623 [warning] [remote-ssh]: Couldn't find message for key setting.usseExecServer.description.
2024-05-20 17:10:16.924 [warning] [remote-ssh]: Couldn't find message for key setting.usseExecServer.description.
2024-05-20 17:12:11.226 [warning] [remote-ssh]: Couldn't find message for key setting.usseExecServer.description.
2024-05-20 17:15:16.999 [warning] [remote-ssh]: Couldn't find message for key setting.usseExecServer.description.
2024-05-20 17:17:11.318 [warning] [remote-ssh]: Couldn't find message for key setting.usseExecServer.description.
2024-05-20 17:20:17.068 [warning] [remote-ssh]: Couldn't find message for key setting.usseExecServer.description.
2024-05-20 17:22:11.397 [warning] [remote-ssh]: Couldn't find message for key setting.usseExecServer.description.
2024-05-20 17:25:17.156 [warning] [remote-ssh]: Couldn't find message for key setting.usseExecServer.description.
2024-05-20 17:27:11.492 [warning] [remote-ssh]: Couldn't find message for key setting.usseExecServer.description.
2024-05-20 17:30:17.249 [warning] [remote-ssh]: Couldn't find message for key setting.usseExecServer.description.
2024-05-20 17:32:11.555 [warning] [remote-ssh]: Couldn't find message for key setting.usseExecServer.description.
2024-05-20 17:35:17.303 [warning] [remote-ssh]: Couldn't find message for key setting.usseExecServer.description.
2024-05-20 17:37:11.629 [warning] [remote-ssh]: Couldn't find message for key setting.usseExecServer.description.
2024-05-20 17:40:17.367 [warning] [remote-ssh]: Couldn't find message for key setting.usseExecServer.description.
2024-05-20 17:42:11.732 [warning] [remote-ssh]: Couldn't find message for key setting.usseExecServer.description.
2024-05-20 17:45:17.454 [warning] [remote-ssh]: Couldn't find message for key setting.usseExecServer.description.
2024-05-20 17:47:11.837 [warning] [remote-ssh]: Couldn't find message for key setting.usseExecServer.description.
2024-05-20 17:50:17.537 [warning] [remote-ssh]: Couldn't find message for key setting.usseExecServer.description.
2024-05-20 17:52:11.929 [warning] [remote-ssh]: Couldn't find message for key setting.usseExecServer.description.
2024-05-20 17:55:17.626 [warning] [remote-ssh]: Couldn't find message for key setting.usseExecServer.description.
2024-05-20 17:57:12.164 [warning] [remote-ssh]: Couldn't find message for key setting.usseExecServer.description.
2024-05-20 18:00:17.706 [warning] [remote-ssh]: Couldn't find message for key setting.usseExecServer.description.
2024-05-20 18:02:12.264 [warning] [remote-ssh]: Couldn't find message for key setting.usseExecServer.description.
2024-05-20 18:05:17.807 [warning] [remote-ssh]: Couldn't find message for key setting.usseExecServer.description.
2024-05-20 18:07:12.391 [warning] [remote-ssh]: Couldn't find message for key setting.usseExecServer.description.
2024-05-20 18:10:17.901 [warning] [remote-ssh]: Couldn't find message for key setting.usseExecServer.description.
2024-05-20 18:12:12.502 [warning] [remote-ssh]: Couldn't find message for key setting.usseExecServer.description.
2024-05-20 18:15:17.987 [warning] [remote-ssh]: Couldn't find message for key setting.usseExecServer.description.
2024-05-20 18:17:12.608 [warning] [remote-ssh]: Couldn't find message for key setting.usseExecServer.description.
2024-05-20 18:20:18.070 [warning] [remote-ssh]: Couldn't find message for key setting.usseExecServer.description.
2024-05-20 18:22:12.685 [warning] [remote-ssh]: Couldn't find message for key setting.usseExecServer.description.
2024-05-20 18:25:18.134 [warning] [remote-ssh]: Couldn't find message for key setting.usseExecServer.description.
2024-05-20 18:27:12.743 [warning] [remote-ssh]: Couldn't find message for key setting.usseExecServer.description.
2024-05-20 18:30:18.177 [warning] [remote-ssh]: Couldn't find message for key setting.usseExecServer.description.
2024-05-20 18:32:12.785 [warning] [remote-ssh]: Couldn't find message for key setting.usseExecServer.description.
2024-05-20 18:35:18.228 [warning] [remote-ssh]: Couldn't find message for key setting.usseExecServer.description.
2024-05-20 18:37:12.835 [warning] [remote-ssh]: Couldn't find message for key setting.usseExecServer.description.
2024-05-20 18:40:18.265 [warning] [remote-ssh]: Couldn't find message for key setting.usseExecServer.description.
2024-05-20 18:42:12.877 [warning] [remote-ssh]: Couldn't find message for key setting.usseExecServer.description.
2024-05-20 18:45:18.319 [warning] [remote-ssh]: Couldn't find message for key setting.usseExecServer.description.
2024-05-20 18:47:12.939 [warning] [remote-ssh]: Couldn't find message for key setting.usseExecServer.description.
2024-05-20 18:50:18.404 [warning] [remote-ssh]: Couldn't find message for key setting.usseExecServer.description.
2024-05-20 18:52:13.121 [warning] [remote-ssh]: Couldn't find message for key setting.usseExecServer.description.
2024-05-20 18:55:18.480 [warning] [remote-ssh]: Couldn't find message for key setting.usseExecServer.description.
2024-05-20 18:57:13.379 [warning] [remote-ssh]: Couldn't find message for key setting.usseExecServer.description.
2024-05-20 19:00:18.572 [warning] [remote-ssh]: Couldn't find message for key setting.usseExecServer.description.
2024-05-20 19:02:13.459 [warning] [remote-ssh]: Couldn't find message for key setting.usseExecServer.description.
2024-05-20 19:05:18.661 [warning] [remote-ssh]: Couldn't find message for key setting.usseExecServer.description.
2024-05-20 19:07:13.638 [warning] [remote-ssh]: Couldn't find message for key setting.usseExecServer.description.
2024-05-20 19:10:18.729 [warning] [remote-ssh]: Couldn't find message for key setting.usseExecServer.description.
2024-05-20 19:12:13.890 [warning] [remote-ssh]: Couldn't find message for key setting.usseExecServer.description.
2024-05-20 19:15:18.821 [warning] [remote-ssh]: Couldn't find message for key setting.usseExecServer.description.
2024-05-20 19:17:14.017 [warning] [remote-ssh]: Couldn't find message for key setting.usseExecServer.description.
2024-05-20 19:20:18.909 [warning] [remote-ssh]: Couldn't find message for key setting.usseExecServer.description.
2024-05-20 19:22:14.165 [warning] [remote-ssh]: Couldn't find message for key setting.usseExecServer.description.
2024-05-20 19:25:18.984 [warning] [remote-ssh]: Couldn't find message for key setting.usseExecServer.description.
2024-05-20 19:27:14.241 [warning] [remote-ssh]: Couldn't find message for key setting.usseExecServer.description.
2024-05-20 19:30:19.043 [warning] [remote-ssh]: Couldn't find message for key setting.usseExecServer.description.
2024-05-20 19:32:14.341 [warning] [remote-ssh]: Couldn't find message for key setting.usseExecServer.description.
2024-05-20 19:35:19.101 [warning] [remote-ssh]: Couldn't find message for key setting.usseExecServer.description.
2024-05-20 19:37:14.514 [warning] [remote-ssh]: Couldn't find message for key setting.usseExecServer.description.
2024-05-20 19:40:19.169 [warning] [remote-ssh]: Couldn't find message for key setting.usseExecServer.description.
2024-05-20 19:42:14.667 [warning] [remote-ssh]: Couldn't find message for key setting.usseExecServer.description.
2024-05-20 19:45:19.266 [warning] [remote-ssh]: Couldn't find message for key setting.usseExecServer.description.
2024-05-20 19:47:14.789 [warning] [remote-ssh]: Couldn't find message for key setting.usseExecServer.description.
2024-05-20 19:50:19.352 [warning] [remote-ssh]: Couldn't find message for key setting.usseExecServer.description.
2024-05-20 19:52:14.865 [warning] [remote-ssh]: Couldn't find message for key setting.usseExecServer.description.
2024-05-20 19:55:19.431 [warning] [remote-ssh]: Couldn't find message for key setting.usseExecServer.description.
2024-05-20 19:57:15.074 [warning] [remote-ssh]: Couldn't find message for key setting.usseExecServer.description.
2024-05-20 20:00:19.496 [warning] [remote-ssh]: Couldn't find message for key setting.usseExecServer.description.
2024-05-20 20:02:15.146 [warning] [remote-ssh]: Couldn't find message for key setting.usseExecServer.description.
2024-05-20 20:05:19.586 [warning] [remote-ssh]: Couldn't find message for key setting.usseExecServer.description.
2024-05-20 20:07:15.263 [warning] [remote-ssh]: Couldn't find message for key setting.usseExecServer.description.
2024-05-20 20:10:19.658 [warning] [remote-ssh]: Couldn't find message for key setting.usseExecServer.description.
2024-05-20 20:12:15.346 [warning] [remote-ssh]: Couldn't find message for key setting.usseExecServer.description.
2024-05-20 20:15:19.689 [warning] [remote-ssh]: Couldn't find message for key setting.usseExecServer.description.
2024-05-20 20:17:15.414 [warning] [remote-ssh]: Couldn't find message for key setting.usseExecServer.description.
2024-05-20 20:20:19.731 [warning] [remote-ssh]: Couldn't find message for key setting.usseExecServer.description.
2024-05-20 20:22:15.493 [warning] [remote-ssh]: Couldn't find message for key setting.usseExecServer.description.
2024-05-20 20:25:19.788 [warning] [remote-ssh]: Couldn't find message for key setting.usseExecServer.description.
2024-05-20 20:27:15.596 [warning] [remote-ssh]: Couldn't find message for key setting.usseExecServer.description.
2024-05-20 20:30:19.852 [warning] [remote-ssh]: Couldn't find message for key setting.usseExecServer.description.
2024-05-20 20:32:15.681 [warning] [remote-ssh]: Couldn't find message for key setting.usseExecServer.description.
2024-05-20 20:35:19.907 [warning] [remote-ssh]: Couldn't find message for key setting.usseExecServer.description.
2024-05-20 20:37:15.726 [warning] [remote-ssh]: Couldn't find message for key setting.usseExecServer.description.
2024-05-20 20:40:19.994 [warning] [remote-ssh]: Couldn't find message for key setting.usseExecServer.description.
2024-05-20 20:42:15.806 [warning] [remote-ssh]: Couldn't find message for key setting.usseExecServer.description.
2024-05-20 20:45:20.084 [warning] [remote-ssh]: Couldn't find message for key setting.usseExecServer.description.
2024-05-20 20:47:15.972 [warning] [remote-ssh]: Couldn't find message for key setting.usseExecServer.description.
2024-05-20 20:50:20.161 [warning] [remote-ssh]: Couldn't find message for key setting.usseExecServer.description.
2024-05-20 20:52:16.144 [warning] [remote-ssh]: Couldn't find message for key setting.usseExecServer.description.
2024-05-20 20:55:20.249 [warning] [remote-ssh]: Couldn't find message for key setting.usseExecServer.description.
2024-05-20 20:57:16.394 [warning] [remote-ssh]: Couldn't find message for key setting.usseExecServer.description.
2024-05-20 21:00:20.327 [warning] [remote-ssh]: Couldn't find message for key setting.usseExecServer.description.
2024-05-20 21:02:16.509 [warning] [remote-ssh]: Couldn't find message for key setting.usseExecServer.description.
2024-05-20 21:05:20.397 [warning] [remote-ssh]: Couldn't find message for key setting.usseExecServer.description.
2024-05-20 21:07:16.583 [warning] [remote-ssh]: Couldn't find message for key setting.usseExecServer.description.
2024-05-20 21:10:20.470 [warning] [remote-ssh]: Couldn't find message for key setting.usseExecServer.description.
2024-05-20 21:12:16.747 [warning] [remote-ssh]: Couldn't find message for key setting.usseExecServer.description.
2024-05-20 21:15:20.559 [warning] [remote-ssh]: Couldn't find message for key setting.usseExecServer.description.
2024-05-20 21:17:16.841 [warning] [remote-ssh]: Couldn't find message for key setting.usseExecServer.description.
2024-05-20 21:20:20.640 [warning] [remote-ssh]: Couldn't find message for key setting.usseExecServer.description.
2024-05-20 21:22:16.953 [warning] [remote-ssh]: Couldn't find message for key setting.usseExecServer.description.
2024-05-20 21:25:20.696 [warning] [remote-ssh]: Couldn't find message for key setting.usseExecServer.description.
2024-05-20 21:27:17.043 [warning] [remote-ssh]: Couldn't find message for key setting.usseExecServer.description.
2024-05-20 21:30:20.727 [warning] [remote-ssh]: Couldn't find message for key setting.usseExecServer.description.
2024-05-20 21:32:17.111 [warning] [remote-ssh]: Couldn't find message for key setting.usseExecServer.description.
2024-05-20 21:35:20.805 [warning] [remote-ssh]: Couldn't find message for key setting.usseExecServer.description.
2024-05-20 21:37:17.229 [warning] [remote-ssh]: Couldn't find message for key setting.usseExecServer.description.
2024-05-20 21:40:20.841 [warning] [remote-ssh]: Couldn't find message for key setting.usseExecServer.description.
2024-05-20 21:42:17.316 [warning] [remote-ssh]: Couldn't find message for key setting.usseExecServer.description.
2024-05-20 21:45:20.905 [warning] [remote-ssh]: Couldn't find message for key setting.usseExecServer.description.
2024-05-20 21:47:17.403 [warning] [remote-ssh]: Couldn't find message for key setting.usseExecServer.description.
2024-05-20 21:50:21.001 [warning] [remote-ssh]: Couldn't find message for key setting.usseExecServer.description.
2024-05-20 21:52:17.521 [warning] [remote-ssh]: Couldn't find message for key setting.usseExecServer.description.
2024-05-20 21:55:21.085 [warning] [remote-ssh]: Couldn't find message for key setting.usseExecServer.description.
2024-05-20 21:57:17.730 [warning] [remote-ssh]: Couldn't find message for key setting.usseExecServer.description.
2024-05-20 22:00:21.176 [warning] [remote-ssh]: Couldn't find message for key setting.usseExecServer.description.
2024-05-20 22:02:17.848 [warning] [remote-ssh]: Couldn't find message for key setting.usseExecServer.description.
2024-05-20 22:05:21.267 [warning] [remote-ssh]: Couldn't find message for key setting.usseExecServer.description.
2024-05-20 22:07:17.944 [warning] [remote-ssh]: Couldn't find message for key setting.usseExecServer.description.
2024-05-20 22:10:21.333 [warning] [remote-ssh]: Couldn't find message for key setting.usseExecServer.description.
2024-05-20 22:12:18.028 [warning] [remote-ssh]: Couldn't find message for key setting.usseExecServer.description.
2024-05-20 22:15:21.405 [warning] [remote-ssh]: Couldn't find message for key setting.usseExecServer.description.
2024-05-20 22:17:18.151 [warning] [remote-ssh]: Couldn't find message for key setting.usseExecServer.description.
2024-05-21 05:59:21.210 [warning] [remote-ssh]: Couldn't find message for key setting.usseExecServer.description.
2024-05-21 06:01:17.634 [warning] [remote-ssh]: Couldn't find message for key setting.usseExecServer.description.
2024-05-21 06:04:21.278 [warning] [remote-ssh]: Couldn't find message for key setting.usseExecServer.description.
2024-05-21 06:06:17.722 [warning] [remote-ssh]: Couldn't find message for key setting.usseExecServer.description.
2024-05-21 06:09:21.309 [warning] [remote-ssh]: Couldn't find message for key setting.usseExecServer.description.
2024-05-21 06:11:17.787 [warning] [remote-ssh]: Couldn't find message for key setting.usseExecServer.description.
2024-05-21 06:14:21.379 [warning] [remote-ssh]: Couldn't find message for key setting.usseExecServer.description.
2024-05-21 06:16:17.930 [warning] [remote-ssh]: Couldn't find message for key setting.usseExecServer.description.
2024-05-21 06:19:21.461 [warning] [remote-ssh]: Couldn't find message for key setting.usseExecServer.description.
2024-05-21 06:21:18.012 [warning] [remote-ssh]: Couldn't find message for key setting.usseExecServer.description.
2024-05-21 06:24:21.729 [warning] [remote-ssh]: Couldn't find message for key setting.usseExecServer.description.
2024-05-21 06:26:18.100 [warning] [remote-ssh]: Couldn't find message for key setting.usseExecServer.description.
2024-05-21 06:29:21.794 [warning] [remote-ssh]: Couldn't find message for key setting.usseExecServer.description.
2024-05-21 06:31:17.607 [warning] [remote-ssh]: Couldn't find message for key setting.usseExecServer.description.
2024-05-21 06:34:21.309 [warning] [remote-ssh]: Couldn't find message for key setting.usseExecServer.description.
2024-05-21 06:36:17.682 [warning] [remote-ssh]: Couldn't find message for key setting.usseExecServer.description.
2024-05-21 06:39:21.368 [warning] [remote-ssh]: Couldn't find message for key setting.usseExecServer.description.
2024-05-21 06:39:38.276 [warning] [remote-ssh]: Couldn't find message for key setting.usseExecServer.description.
2024-05-21 06:39:38.286 [warning] [remote-ssh]: Couldn't find message for key setting.usseExecServer.description.
2024-05-21 06:39:38.443 [warning] [remote-ssh]: Couldn't find message for key setting.usseExecServer.description.
2024-05-21 06:39:38.612 [warning] [remote-ssh]: Couldn't find message for key setting.usseExecServer.description.
2024-05-21 06:39:38.722 [warning] [remote-ssh]: Couldn't find message for key setting.usseExecServer.description.
2024-05-21 06:39:38.951 [warning] [remote-ssh]: Couldn't find message for key setting.usseExecServer.description.
2024-05-21 06:39:38.959 [warning] [remote-ssh]: Couldn't find message for key setting.usseExecServer.description.
2024-05-21 06:39:39.021 [warning] [remote-ssh]: Couldn't find message for key setting.usseExecServer.description.
2024-05-21 06:39:39.119 [warning] [remote-ssh]: Couldn't find message for key setting.usseExecServer.description.
2024-05-21 06:39:39.183 [warning] [remote-ssh]: Couldn't find message for key setting.usseExecServer.description.
2024-05-21 06:39:39.281 [warning] [remote-ssh]: Couldn't find message for key setting.usseExecServer.description.
2024-05-21 06:39:39.407 [warning] [remote-ssh]: Couldn't find message for key setting.usseExecServer.description.
2024-05-21 06:39:45.659 [warning] [remote-ssh]: Couldn't find message for key setting.usseExecServer.description.
2024-05-21 06:39:45.667 [warning] [remote-ssh]: Couldn't find message for key setting.usseExecServer.description.
2024-05-21 06:39:45.702 [warning] [remote-ssh]: Couldn't find message for key setting.usseExecServer.description.
2024-05-21 06:39:45.849 [warning] [remote-ssh]: Couldn't find message for key setting.usseExecServer.description.
2024-05-21 06:39:46.290 [warning] [remote-ssh]: Couldn't find message for key setting.usseExecServer.description.
2024-05-21 06:39:47.442 [warning] [remote-ssh]: Couldn't find message for key setting.usseExecServer.description.
2024-05-21 06:39:47.800 [warning] [remote-ssh]: Couldn't find message for key setting.usseExecServer.description.
2024-05-21 06:39:48.158 [warning] [remote-ssh]: Couldn't find message for key setting.usseExecServer.description.
2024-05-21 06:39:48.428 [warning] [remote-ssh]: Couldn't find message for key setting.usseExecServer.description.
2024-05-21 06:39:49.267 [warning] [remote-ssh]: Couldn't find message for key setting.usseExecServer.description.
2024-05-21 06:39:49.573 [warning] [remote-ssh]: Couldn't find message for key setting.usseExecServer.description.
2024-05-21 06:39:50.926 [info] Getting Manifest... vscodevim.vim
2024-05-21 06:39:51.256 [info] Installing extension: vscodevim.vim
2024-05-21 06:39:51.474 [warning] [remote-ssh]: Couldn't find message for key setting.usseExecServer.description.
2024-05-21 06:39:51.488 [warning] [remote-ssh]: Couldn't find message for key setting.usseExecServer.description.
2024-05-21 06:39:51.524 [warning] [remote-ssh]: Couldn't find message for key setting.usseExecServer.description.
2024-05-21 06:39:51.698 [warning] [remote-ssh]: Couldn't find message for key setting.usseExecServer.description.
2024-05-21 06:39:51.761 [warning] [remote-ssh]: Couldn't find message for key setting.usseExecServer.description.
2024-05-21 06:39:51.878 [warning] [remote-ssh]: Couldn't find message for key setting.usseExecServer.description.
2024-05-21 06:39:53.440 [info] Extension signature verification result for vscodevim.vim: UnknownError. Duration: 13ms.
2024-05-21 06:39:53.514 [info] Extracted extension to file:///home/daro_ops/.vscode/extensions/vscodevim.vim-1.27.3: vscodevim.vim
2024-05-21 06:39:53.685 [info] Renamed to /home/daro_ops/.vscode/extensions/vscodevim.vim-1.27.3
2024-05-21 06:39:53.691 [info] Extracting extension completed. vscodevim.vim
2024-05-21 06:39:53.843 [info] Extension installed successfully: vscodevim.vim
2024-05-21 06:39:53.864 [info] Marked extension as uninstalled vscodevim.vim-1.27.2
2024-05-21 06:44:21.430 [warning] [remote-ssh]: Couldn't find message for key setting.usseExecServer.description.
2024-05-21 06:47:24.456 [warning] [remote-ssh]: Couldn't find message for key setting.usseExecServer.description.
2024-05-21 06:47:24.498 [warning] [remote-ssh]: Couldn't find message for key setting.usseExecServer.description.
2024-05-21 06:47:24.790 [warning] [remote-ssh]: Couldn't find message for key setting.usseExecServer.description.
2024-05-21 06:47:24.810 [warning] [remote-ssh]: Couldn't find message for key setting.usseExecServer.description.
2024-05-21 06:47:24.812 [warning] [remote-ssh]: Couldn't find message for key setting.usseExecServer.description.
2024-05-21 06:47:26.838 [warning] [remote-ssh]: Couldn't find message for key setting.usseExecServer.description.
2024-05-21 06:47:26.840 [warning] [remote-ssh]: Couldn't find message for key setting.usseExecServer.description.
2024-05-21 06:47:46.817 [warning] [remote-ssh]: Couldn't find message for key setting.usseExecServer.description.
2024-05-21 06:47:46.946 [warning] [remote-ssh]: Couldn't find message for key setting.usseExecServer.description.
2024-05-21 06:47:47.188 [warning] [remote-ssh]: Couldn't find message for key setting.usseExecServer.description.
2024-05-21 06:47:47.403 [warning] [remote-ssh]: Couldn't find message for key setting.usseExecServer.description.
2024-05-21 06:47:47.525 [warning] [remote-ssh]: Couldn't find message for key setting.usseExecServer.description.
2024-05-21 06:47:47.650 [warning] [remote-ssh]: Couldn't find message for key setting.usseExecServer.description.
2024-05-21 06:47:47.777 [warning] [remote-ssh]: Couldn't find message for key setting.usseExecServer.description.
2024-05-21 06:47:47.886 [warning] [remote-ssh]: Couldn't find message for key setting.usseExecServer.description.
2024-05-21 06:48:44.135 [warning] [remote-ssh]: Couldn't find message for key setting.usseExecServer.description.
2024-05-21 06:48:44.154 [warning] [remote-ssh]: Couldn't find message for key setting.usseExecServer.description.
2024-05-21 06:48:44.166 [warning] [remote-ssh]: Couldn't find message for key setting.usseExecServer.description.
2024-05-21 06:48:44.207 [warning] [remote-ssh]: Couldn't find message for key setting.usseExecServer.description.
2024-05-21 06:48:44.440 [warning] [remote-ssh]: Couldn't find message for key setting.usseExecServer.description.
2024-05-21 06:48:44.596 [warning] [remote-ssh]: Couldn't find message for key setting.usseExecServer.description.
2024-05-21 06:48:44.780 [warning] [remote-ssh]: Couldn't find message for key setting.usseExecServer.description.
2024-05-21 06:48:45.066 [warning] [remote-ssh]: Couldn't find message for key setting.usseExecServer.description.
2024-05-21 06:48:45.272 [warning] [remote-ssh]: Couldn't find message for key setting.usseExecServer.description.
2024-05-21 06:48:45.398 [warning] [remote-ssh]: Couldn't find message for key setting.usseExecServer.description.
2024-05-21 06:48:45.471 [warning] [remote-ssh]: Couldn't find message for key setting.usseExecServer.description.
2024-05-21 06:48:46.514 [warning] [remote-ssh]: Couldn't find message for key setting.usseExecServer.description.
2024-05-21 06:48:46.517 [warning] [remote-ssh]: Couldn't find message for key setting.usseExecServer.description.
2024-05-21 06:48:46.584 [warning] [remote-ssh]: Couldn't find message for key setting.usseExecServer.description.
2024-05-21 06:49:21.496 [warning] [remote-ssh]: Couldn't find message for key setting.usseExecServer.description.
2024-05-21 06:53:46.604 [warning] [remote-ssh]: Couldn't find message for key setting.usseExecServer.description.
2024-05-21 06:56:07.876 [warning] [remote-ssh]: Couldn't find message for key setting.usseExecServer.description.
2024-05-21 06:56:07.880 [warning] [remote-ssh]: Couldn't find message for key setting.usseExecServer.description.
2024-05-21 06:56:08.061 [warning] [remote-ssh]: Couldn't find message for key setting.usseExecServer.description.
2024-05-21 06:56:08.196 [warning] [remote-ssh]: Couldn't find message for key setting.usseExecServer.description.
2024-05-21 06:56:08.345 [warning] [remote-ssh]: Couldn't find message for key setting.usseExecServer.description.
2024-05-21 06:56:08.508 [warning] [remote-ssh]: Couldn't find message for key setting.usseExecServer.description.
2024-05-21 06:56:08.598 [warning] [remote-ssh]: Couldn't find message for key setting.usseExecServer.description.
2024-05-21 06:56:08.642 [warning] [remote-ssh]: Couldn't find message for key setting.usseExecServer.description.
2024-05-21 06:56:08.753 [warning] [remote-ssh]: Couldn't find message for key setting.usseExecServer.description.
2024-05-21 06:56:08.822 [warning] [remote-ssh]: Couldn't find message for key setting.usseExecServer.description.
2024-05-21 06:56:08.946 [warning] [remote-ssh]: Couldn't find message for key setting.usseExecServer.description.
2024-05-21 06:56:09.038 [warning] [remote-ssh]: Couldn't find message for key setting.usseExecServer.description.
2024-05-21 06:56:10.147 [warning] [remote-ssh]: Couldn't find message for key setting.usseExecServer.description.
2024-05-21 06:56:10.239 [warning] [remote-ssh]: Couldn't find message for key setting.usseExecServer.description.
2024-05-21 06:56:10.247 [warning] [remote-ssh]: Couldn't find message for key setting.usseExecServer.description.
2024-05-21 07:01:10.359 [warning] [remote-ssh]: Couldn't find message for key setting.usseExecServer.description.
2024-05-21 07:06:10.383 [warning] [remote-ssh]: Couldn't find message for key setting.usseExecServer.description.
2024-05-21 07:11:10.468 [warning] [remote-ssh]: Couldn't find message for key setting.usseExecServer.description.
2024-05-21 07:16:10.532 [warning] [remote-ssh]: Couldn't find message for key setting.usseExecServer.description.
2024-05-21 07:20:58.170 [warning] [remote-ssh]: Couldn't find message for key setting.usseExecServer.description.
2024-05-21 07:20:58.233 [warning] [remote-ssh]: Couldn't find message for key setting.usseExecServer.description.
2024-05-21 07:20:58.550 [warning] [remote-ssh]: Couldn't find message for key setting.usseExecServer.description.
2024-05-21 07:20:58.554 [warning] [remote-ssh]: Couldn't find message for key setting.usseExecServer.description.
2024-05-21 07:20:58.562 [warning] [remote-ssh]: Couldn't find message for key setting.usseExecServer.description.
2024-05-21 07:21:00.420 [warning] [remote-ssh]: Couldn't find message for key setting.usseExecServer.description.
2024-05-21 07:21:00.443 [warning] [remote-ssh]: Couldn't find message for key setting.usseExecServer.description.
2024-05-21 07:21:10.691 [warning] [remote-ssh]: Couldn't find message for key setting.usseExecServer.description.
2024-05-21 07:21:14.390 [warning] [remote-ssh]: Couldn't find message for key setting.usseExecServer.description.
2024-05-21 07:21:14.540 [warning] [remote-ssh]: Couldn't find message for key setting.usseExecServer.description.
2024-05-21 07:21:14.857 [warning] [remote-ssh]: Couldn't find message for key setting.usseExecServer.description.
2024-05-21 07:21:15.228 [warning] [remote-ssh]: Couldn't find message for key setting.usseExecServer.description.
2024-05-21 07:21:15.342 [warning] [remote-ssh]: Couldn't find message for key setting.usseExecServer.description.
2024-05-21 07:21:15.562 [warning] [remote-ssh]: Couldn't find message for key setting.usseExecServer.description.
2024-05-21 07:21:15.781 [warning] [remote-ssh]: Couldn't find message for key setting.usseExecServer.description.
2024-05-21 07:21:15.928 [warning] [remote-ssh]: Couldn't find message for key setting.usseExecServer.description.
2024-05-21 07:21:59.291 [warning] [remote-ssh]: Couldn't find message for key setting.usseExecServer.description.
2024-05-21 07:21:59.445 [warning] [remote-ssh]: Couldn't find message for key setting.usseExecServer.description.
2024-05-21 07:21:59.878 [warning] [remote-ssh]: Couldn't find message for key setting.usseExecServer.description.
2024-05-21 07:21:59.956 [warning] [remote-ssh]: Couldn't find message for key setting.usseExecServer.description.
2024-05-21 07:21:59.969 [warning] [remote-ssh]: Couldn't find message for key setting.usseExecServer.description.
2024-05-21 07:22:00.997 [warning] [remote-ssh]: Couldn't find message for key setting.usseExecServer.description.
2024-05-21 07:22:01.167 [warning] [remote-ssh]: Couldn't find message for key setting.usseExecServer.description.
2024-05-21 07:22:01.663 [warning] [remote-ssh]: Couldn't find message for key setting.usseExecServer.description.
2024-05-21 07:22:01.848 [warning] [remote-ssh]: Couldn't find message for key setting.usseExecServer.description.
2024-05-21 07:22:02.115 [warning] [remote-ssh]: Couldn't find message for key setting.usseExecServer.description.
2024-05-21 07:22:02.538 [warning] [remote-ssh]: Couldn't find message for key setting.usseExecServer.description.
2024-05-21 07:22:02.949 [warning] [remote-ssh]: Couldn't find message for key setting.usseExecServer.description.
2024-05-21 07:22:03.393 [warning] [remote-ssh]: Couldn't find message for key setting.usseExecServer.description.
2024-05-21 07:22:03.575 [warning] [remote-ssh]: Couldn't find message for key setting.usseExecServer.description.
2024-05-21 07:22:03.577 [warning] [remote-ssh]: Couldn't find message for key setting.usseExecServer.description.
2024-05-21 07:26:10.781 [warning] [remote-ssh]: Couldn't find message for key setting.usseExecServer.description.
2024-05-21 07:27:03.698 [warning] [remote-ssh]: Couldn't find message for key setting.usseExecServer.description.
2024-05-21 07:31:10.837 [warning] [remote-ssh]: Couldn't find message for key setting.usseExecServer.description.
2024-05-21 07:32:03.790 [warning] [remote-ssh]: Couldn't find message for key setting.usseExecServer.description.
2024-05-21 07:32:09.646 [warning] [remote-ssh]: Couldn't find message for key setting.usseExecServer.description.
2024-05-21 07:32:09.684 [warning] [remote-ssh]: Couldn't find message for key setting.usseExecServer.description.
2024-05-21 07:32:09.929 [warning] [remote-ssh]: Couldn't find message for key setting.usseExecServer.description.
2024-05-21 07:32:10.264 [warning] [remote-ssh]: Couldn't find message for key setting.usseExecServer.description.
2024-05-21 07:32:10.395 [warning] [remote-ssh]: Couldn't find message for key setting.usseExecServer.description.
2024-05-21 07:32:10.432 [warning] [remote-ssh]: Couldn't find message for key setting.usseExecServer.description.
2024-05-21 07:32:10.520 [warning] [remote-ssh]: Couldn't find message for key setting.usseExecServer.description.
2024-05-21 07:32:10.736 [warning] [remote-ssh]: Couldn't find message for key setting.usseExecServer.description.
