2024-01-13T16:54:26.369Z [Modules] Modules initializing
2024-01-13T16:54:26.370Z [Modules] Distribution: remote
2024-01-13T16:54:26.370Z [Modules] Host updates: enabled
2024-01-13T16:54:26.370Z [Modules] Module updates: enabled
2024-01-13T16:54:26.370Z [Modules] Module install path: /home/daro_ops/.config/discord/0.0.40/modules
2024-01-13T16:54:26.371Z [Modules] Module installed file path: /home/daro_ops/.config/discord/0.0.40/modules/installed.json
2024-01-13T16:54:26.371Z [Modules] Module download path: /home/daro_ops/.config/discord/0.0.40/modules/pending
2024-01-13T16:54:26.524Z [Modules] Bootstrapping...
2024-01-13T16:54:26.525Z [Modules] Installing discord_desktop_core@0 from /opt/discord/resources/bootstrap/discord_desktop_core.zip
2024-01-13T16:54:26.528Z [Modules] Failed installing discord_desktop_core@0: Error: ENOENT: no such file or directory, open '/opt/discord/resources/bootstrap/discord_desktop_core.zip'
2024-01-13T16:54:26.528Z [Modules] Installing discord_erlpack@0 from /opt/discord/resources/bootstrap/discord_erlpack.zip
2024-01-13T16:54:26.530Z [Modules] Failed installing discord_erlpack@0: Error: ENOENT: no such file or directory, open '/opt/discord/resources/bootstrap/discord_erlpack.zip'
2024-01-13T16:54:26.530Z [Modules] Installing discord_spellcheck@0 from /opt/discord/resources/bootstrap/discord_spellcheck.zip
2024-01-13T16:54:26.531Z [Modules] Failed installing discord_spellcheck@0: Error: ENOENT: no such file or directory, open '/opt/discord/resources/bootstrap/discord_spellcheck.zip'
2024-01-13T16:54:26.541Z [Modules] Installing discord_utils@0 from /opt/discord/resources/bootstrap/discord_utils.zip
2024-01-13T16:54:26.542Z [Modules] Failed installing discord_utils@0: Error: ENOENT: no such file or directory, open '/opt/discord/resources/bootstrap/discord_utils.zip'
2024-01-13T16:54:26.543Z [Modules] Installing discord_voice@0 from /opt/discord/resources/bootstrap/discord_voice.zip
2024-01-13T16:54:26.544Z [Modules] Failed installing discord_voice@0: Error: ENOENT: no such file or directory, open '/opt/discord/resources/bootstrap/discord_voice.zip'
2024-01-13T16:54:26.571Z [Modules] Finished module installations. [success: 0] [failure: 5]
2024-01-13T16:54:26.571Z [Modules] Checking for host updates.
2024-01-13T16:54:30.956Z [Modules] Host is up to date.
2024-01-13T16:54:30.957Z [Modules] Checking for module updates at https://discord.com/api/modules/stable/versions.json
2024-01-13T16:54:31.049Z [Modules] Module update available: discord_desktop_core@1 [installed: 0]
2024-01-13T16:54:31.050Z [Modules] Module update available: discord_erlpack@1 [installed: 0]
2024-01-13T16:54:31.050Z [Modules] Module update available: discord_spellcheck@1 [installed: 0]
2024-01-13T16:54:31.051Z [Modules] Module update available: discord_utils@1 [installed: 0]
2024-01-13T16:54:31.051Z [Modules] Module update available: discord_voice@1 [installed: 0]
2024-01-13T16:54:31.053Z [Modules] Fetching discord_desktop_core@1 from https://discord.com/api/modules/stable/discord_desktop_core/1
2024-01-13T16:54:31.054Z [Modules] Streaming discord_desktop_core@1 to /home/daro_ops/.config/discord/0.0.40/modules/pending/discord_desktop_core-1.zip
2024-01-13T16:54:31.597Z [Modules] Streaming discord_desktop_core@1 to /home/daro_ops/.config/discord/0.0.40/modules/pending/discord_desktop_core-1.zip: 1%
2024-01-13T16:54:31.627Z [Modules] Streaming discord_desktop_core@1 to /home/daro_ops/.config/discord/0.0.40/modules/pending/discord_desktop_core-1.zip: 2%
2024-01-13T16:54:31.666Z [Modules] Streaming discord_desktop_core@1 to /home/daro_ops/.config/discord/0.0.40/modules/pending/discord_desktop_core-1.zip: 3%
2024-01-13T16:54:31.687Z [Modules] Streaming discord_desktop_core@1 to /home/daro_ops/.config/discord/0.0.40/modules/pending/discord_desktop_core-1.zip: 4%
2024-01-13T16:54:31.702Z [Modules] Streaming discord_desktop_core@1 to /home/daro_ops/.config/discord/0.0.40/modules/pending/discord_desktop_core-1.zip: 5%
2024-01-13T16:54:31.714Z [Modules] Streaming discord_desktop_core@1 to /home/daro_ops/.config/discord/0.0.40/modules/pending/discord_desktop_core-1.zip: 6%
2024-01-13T16:54:31.727Z [Modules] Streaming discord_desktop_core@1 to /home/daro_ops/.config/discord/0.0.40/modules/pending/discord_desktop_core-1.zip: 7%
2024-01-13T16:54:31.739Z [Modules] Streaming discord_desktop_core@1 to /home/daro_ops/.config/discord/0.0.40/modules/pending/discord_desktop_core-1.zip: 8%
2024-01-13T16:54:31.748Z [Modules] Streaming discord_desktop_core@1 to /home/daro_ops/.config/discord/0.0.40/modules/pending/discord_desktop_core-1.zip: 9%
2024-01-13T16:54:31.760Z [Modules] Streaming discord_desktop_core@1 to /home/daro_ops/.config/discord/0.0.40/modules/pending/discord_desktop_core-1.zip: 10%
2024-01-13T16:54:31.766Z [Modules] Streaming discord_desktop_core@1 to /home/daro_ops/.config/discord/0.0.40/modules/pending/discord_desktop_core-1.zip: 11%
2024-01-13T16:54:31.775Z [Modules] Streaming discord_desktop_core@1 to /home/daro_ops/.config/discord/0.0.40/modules/pending/discord_desktop_core-1.zip: 12%
2024-01-13T16:54:31.778Z [Modules] Streaming discord_desktop_core@1 to /home/daro_ops/.config/discord/0.0.40/modules/pending/discord_desktop_core-1.zip: 13%
2024-01-13T16:54:31.783Z [Modules] Streaming discord_desktop_core@1 to /home/daro_ops/.config/discord/0.0.40/modules/pending/discord_desktop_core-1.zip: 14%
2024-01-13T16:54:31.791Z [Modules] Streaming discord_desktop_core@1 to /home/daro_ops/.config/discord/0.0.40/modules/pending/discord_desktop_core-1.zip: 15%
2024-01-13T16:54:31.794Z [Modules] Streaming discord_desktop_core@1 to /home/daro_ops/.config/discord/0.0.40/modules/pending/discord_desktop_core-1.zip: 16%
2024-01-13T16:54:31.798Z [Modules] Streaming discord_desktop_core@1 to /home/daro_ops/.config/discord/0.0.40/modules/pending/discord_desktop_core-1.zip: 17%
2024-01-13T16:54:31.805Z [Modules] Streaming discord_desktop_core@1 to /home/daro_ops/.config/discord/0.0.40/modules/pending/discord_desktop_core-1.zip: 18%
2024-01-13T16:54:31.808Z [Modules] Streaming discord_desktop_core@1 to /home/daro_ops/.config/discord/0.0.40/modules/pending/discord_desktop_core-1.zip: 19%
2024-01-13T16:54:31.811Z [Modules] Streaming discord_desktop_core@1 to /home/daro_ops/.config/discord/0.0.40/modules/pending/discord_desktop_core-1.zip: 20%
2024-01-13T16:54:31.816Z [Modules] Streaming discord_desktop_core@1 to /home/daro_ops/.config/discord/0.0.40/modules/pending/discord_desktop_core-1.zip: 21%
2024-01-13T16:54:31.819Z [Modules] Streaming discord_desktop_core@1 to /home/daro_ops/.config/discord/0.0.40/modules/pending/discord_desktop_core-1.zip: 22%
2024-01-13T16:54:31.824Z [Modules] Streaming discord_desktop_core@1 to /home/daro_ops/.config/discord/0.0.40/modules/pending/discord_desktop_core-1.zip: 23%
2024-01-13T16:54:31.827Z [Modules] Streaming discord_desktop_core@1 to /home/daro_ops/.config/discord/0.0.40/modules/pending/discord_desktop_core-1.zip: 24%
2024-01-13T16:54:31.829Z [Modules] Streaming discord_desktop_core@1 to /home/daro_ops/.config/discord/0.0.40/modules/pending/discord_desktop_core-1.zip: 25%
2024-01-13T16:54:31.834Z [Modules] Streaming discord_desktop_core@1 to /home/daro_ops/.config/discord/0.0.40/modules/pending/discord_desktop_core-1.zip: 26%
2024-01-13T16:54:31.840Z [Modules] Streaming discord_desktop_core@1 to /home/daro_ops/.config/discord/0.0.40/modules/pending/discord_desktop_core-1.zip: 29%
2024-01-13T16:54:31.849Z [Modules] Streaming discord_desktop_core@1 to /home/daro_ops/.config/discord/0.0.40/modules/pending/discord_desktop_core-1.zip: 32%
2024-01-13T16:54:31.854Z [Modules] Streaming discord_desktop_core@1 to /home/daro_ops/.config/discord/0.0.40/modules/pending/discord_desktop_core-1.zip: 35%
2024-01-13T16:54:31.861Z [Modules] Streaming discord_desktop_core@1 to /home/daro_ops/.config/discord/0.0.40/modules/pending/discord_desktop_core-1.zip: 38%
2024-01-13T16:54:31.867Z [Modules] Streaming discord_desktop_core@1 to /home/daro_ops/.config/discord/0.0.40/modules/pending/discord_desktop_core-1.zip: 41%
2024-01-13T16:54:31.869Z [Modules] Streaming discord_desktop_core@1 to /home/daro_ops/.config/discord/0.0.40/modules/pending/discord_desktop_core-1.zip: 42%
2024-01-13T16:54:31.871Z [Modules] Streaming discord_desktop_core@1 to /home/daro_ops/.config/discord/0.0.40/modules/pending/discord_desktop_core-1.zip: 43%
2024-01-13T16:54:31.874Z [Modules] Streaming discord_desktop_core@1 to /home/daro_ops/.config/discord/0.0.40/modules/pending/discord_desktop_core-1.zip: 45%
2024-01-13T16:54:31.877Z [Modules] Streaming discord_desktop_core@1 to /home/daro_ops/.config/discord/0.0.40/modules/pending/discord_desktop_core-1.zip: 46%
2024-01-13T16:54:31.878Z [Modules] Streaming discord_desktop_core@1 to /home/daro_ops/.config/discord/0.0.40/modules/pending/discord_desktop_core-1.zip: 47%
2024-01-13T16:54:31.880Z [Modules] Streaming discord_desktop_core@1 to /home/daro_ops/.config/discord/0.0.40/modules/pending/discord_desktop_core-1.zip: 48%
2024-01-13T16:54:31.883Z [Modules] Streaming discord_desktop_core@1 to /home/daro_ops/.config/discord/0.0.40/modules/pending/discord_desktop_core-1.zip: 51%
2024-01-13T16:54:31.888Z [Modules] Streaming discord_desktop_core@1 to /home/daro_ops/.config/discord/0.0.40/modules/pending/discord_desktop_core-1.zip: 54%
2024-01-13T16:54:31.893Z [Modules] Streaming discord_desktop_core@1 to /home/daro_ops/.config/discord/0.0.40/modules/pending/discord_desktop_core-1.zip: 57%
2024-01-13T16:54:31.895Z [Modules] Streaming discord_desktop_core@1 to /home/daro_ops/.config/discord/0.0.40/modules/pending/discord_desktop_core-1.zip: 58%
2024-01-13T16:54:31.898Z [Modules] Streaming discord_desktop_core@1 to /home/daro_ops/.config/discord/0.0.40/modules/pending/discord_desktop_core-1.zip: 61%
2024-01-13T16:54:31.902Z [Modules] Streaming discord_desktop_core@1 to /home/daro_ops/.config/discord/0.0.40/modules/pending/discord_desktop_core-1.zip: 63%
2024-01-13T16:54:31.905Z [Modules] Streaming discord_desktop_core@1 to /home/daro_ops/.config/discord/0.0.40/modules/pending/discord_desktop_core-1.zip: 66%
2024-01-13T16:54:31.908Z [Modules] Streaming discord_desktop_core@1 to /home/daro_ops/.config/discord/0.0.40/modules/pending/discord_desktop_core-1.zip: 69%
2024-01-13T16:54:31.911Z [Modules] Streaming discord_desktop_core@1 to /home/daro_ops/.config/discord/0.0.40/modules/pending/discord_desktop_core-1.zip: 72%
2024-01-13T16:54:31.916Z [Modules] Streaming discord_desktop_core@1 to /home/daro_ops/.config/discord/0.0.40/modules/pending/discord_desktop_core-1.zip: 75%
2024-01-13T16:54:31.916Z [Modules] Streaming discord_desktop_core@1 to /home/daro_ops/.config/discord/0.0.40/modules/pending/discord_desktop_core-1.zip: 76%
2024-01-13T16:54:31.918Z [Modules] Streaming discord_desktop_core@1 to /home/daro_ops/.config/discord/0.0.40/modules/pending/discord_desktop_core-1.zip: 79%
2024-01-13T16:54:31.922Z [Modules] Streaming discord_desktop_core@1 to /home/daro_ops/.config/discord/0.0.40/modules/pending/discord_desktop_core-1.zip: 82%
2024-01-13T16:54:31.925Z [Modules] Streaming discord_desktop_core@1 to /home/daro_ops/.config/discord/0.0.40/modules/pending/discord_desktop_core-1.zip: 85%
2024-01-13T16:54:31.925Z [Modules] Streaming discord_desktop_core@1 to /home/daro_ops/.config/discord/0.0.40/modules/pending/discord_desktop_core-1.zip: 86%
2024-01-13T16:54:31.927Z [Modules] Streaming discord_desktop_core@1 to /home/daro_ops/.config/discord/0.0.40/modules/pending/discord_desktop_core-1.zip: 89%
2024-01-13T16:54:31.930Z [Modules] Streaming discord_desktop_core@1 to /home/daro_ops/.config/discord/0.0.40/modules/pending/discord_desktop_core-1.zip: 91%
2024-01-13T16:54:31.932Z [Modules] Streaming discord_desktop_core@1 to /home/daro_ops/.config/discord/0.0.40/modules/pending/discord_desktop_core-1.zip: 94%
2024-01-13T16:54:31.936Z [Modules] Streaming discord_desktop_core@1 to /home/daro_ops/.config/discord/0.0.40/modules/pending/discord_desktop_core-1.zip: 95%
2024-01-13T16:54:31.938Z [Modules] Streaming discord_desktop_core@1 to /home/daro_ops/.config/discord/0.0.40/modules/pending/discord_desktop_core-1.zip: 100%
2024-01-13T16:54:31.940Z [Modules] Fetching discord_erlpack@1 from https://discord.com/api/modules/stable/discord_erlpack/1
2024-01-13T16:54:31.940Z [Modules] Streaming discord_erlpack@1 to /home/daro_ops/.config/discord/0.0.40/modules/pending/discord_erlpack-1.zip
2024-01-13T16:54:32.145Z [Modules] Streaming discord_erlpack@1 to /home/daro_ops/.config/discord/0.0.40/modules/pending/discord_erlpack-1.zip: 3%
2024-01-13T16:54:32.153Z [Modules] Streaming discord_erlpack@1 to /home/daro_ops/.config/discord/0.0.40/modules/pending/discord_erlpack-1.zip: 24%
2024-01-13T16:54:32.160Z [Modules] Streaming discord_erlpack@1 to /home/daro_ops/.config/discord/0.0.40/modules/pending/discord_erlpack-1.zip: 45%
2024-01-13T16:54:32.167Z [Modules] Streaming discord_erlpack@1 to /home/daro_ops/.config/discord/0.0.40/modules/pending/discord_erlpack-1.zip: 66%
2024-01-13T16:54:32.173Z [Modules] Streaming discord_erlpack@1 to /home/daro_ops/.config/discord/0.0.40/modules/pending/discord_erlpack-1.zip: 83%
2024-01-13T16:54:32.176Z [Modules] Streaming discord_erlpack@1 to /home/daro_ops/.config/discord/0.0.40/modules/pending/discord_erlpack-1.zip: 97%
2024-01-13T16:54:32.178Z [Modules] Streaming discord_erlpack@1 to /home/daro_ops/.config/discord/0.0.40/modules/pending/discord_erlpack-1.zip: 100%
2024-01-13T16:54:32.181Z [Modules] Fetching discord_spellcheck@1 from https://discord.com/api/modules/stable/discord_spellcheck/1
2024-01-13T16:54:32.181Z [Modules] Streaming discord_spellcheck@1 to /home/daro_ops/.config/discord/0.0.40/modules/pending/discord_spellcheck-1.zip
2024-01-13T16:54:32.397Z [Modules] Streaming discord_spellcheck@1 to /home/daro_ops/.config/discord/0.0.40/modules/pending/discord_spellcheck-1.zip: 1%
2024-01-13T16:54:32.405Z [Modules] Streaming discord_spellcheck@1 to /home/daro_ops/.config/discord/0.0.40/modules/pending/discord_spellcheck-1.zip: 6%
2024-01-13T16:54:32.413Z [Modules] Streaming discord_spellcheck@1 to /home/daro_ops/.config/discord/0.0.40/modules/pending/discord_spellcheck-1.zip: 11%
2024-01-13T16:54:32.421Z [Modules] Streaming discord_spellcheck@1 to /home/daro_ops/.config/discord/0.0.40/modules/pending/discord_spellcheck-1.zip: 15%
2024-01-13T16:54:32.426Z [Modules] Streaming discord_spellcheck@1 to /home/daro_ops/.config/discord/0.0.40/modules/pending/discord_spellcheck-1.zip: 19%
2024-01-13T16:54:32.432Z [Modules] Streaming discord_spellcheck@1 to /home/daro_ops/.config/discord/0.0.40/modules/pending/discord_spellcheck-1.zip: 20%
2024-01-13T16:54:32.438Z [Modules] Streaming discord_spellcheck@1 to /home/daro_ops/.config/discord/0.0.40/modules/pending/discord_spellcheck-1.zip: 25%
2024-01-13T16:54:32.443Z [Modules] Streaming discord_spellcheck@1 to /home/daro_ops/.config/discord/0.0.40/modules/pending/discord_spellcheck-1.zip: 28%
2024-01-13T16:54:32.446Z [Modules] Streaming discord_spellcheck@1 to /home/daro_ops/.config/discord/0.0.40/modules/pending/discord_spellcheck-1.zip: 29%
2024-01-13T16:54:32.450Z [Modules] Streaming discord_spellcheck@1 to /home/daro_ops/.config/discord/0.0.40/modules/pending/discord_spellcheck-1.zip: 32%
2024-01-13T16:54:32.453Z [Modules] Streaming discord_spellcheck@1 to /home/daro_ops/.config/discord/0.0.40/modules/pending/discord_spellcheck-1.zip: 33%
2024-01-13T16:54:32.455Z [Modules] Streaming discord_spellcheck@1 to /home/daro_ops/.config/discord/0.0.40/modules/pending/discord_spellcheck-1.zip: 34%
2024-01-13T16:54:32.457Z [Modules] Streaming discord_spellcheck@1 to /home/daro_ops/.config/discord/0.0.40/modules/pending/discord_spellcheck-1.zip: 36%
2024-01-13T16:54:32.458Z [Modules] Streaming discord_spellcheck@1 to /home/daro_ops/.config/discord/0.0.40/modules/pending/discord_spellcheck-1.zip: 37%
2024-01-13T16:54:32.460Z [Modules] Streaming discord_spellcheck@1 to /home/daro_ops/.config/discord/0.0.40/modules/pending/discord_spellcheck-1.zip: 38%
2024-01-13T16:54:32.461Z [Modules] Streaming discord_spellcheck@1 to /home/daro_ops/.config/discord/0.0.40/modules/pending/discord_spellcheck-1.zip: 39%
2024-01-13T16:54:32.464Z [Modules] Streaming discord_spellcheck@1 to /home/daro_ops/.config/discord/0.0.40/modules/pending/discord_spellcheck-1.zip: 40%
2024-01-13T16:54:32.467Z [Modules] Streaming discord_spellcheck@1 to /home/daro_ops/.config/discord/0.0.40/modules/pending/discord_spellcheck-1.zip: 41%
2024-01-13T16:54:32.469Z [Modules] Streaming discord_spellcheck@1 to /home/daro_ops/.config/discord/0.0.40/modules/pending/discord_spellcheck-1.zip: 43%
2024-01-13T16:54:32.470Z [Modules] Streaming discord_spellcheck@1 to /home/daro_ops/.config/discord/0.0.40/modules/pending/discord_spellcheck-1.zip: 44%
2024-01-13T16:54:32.472Z [Modules] Streaming discord_spellcheck@1 to /home/daro_ops/.config/discord/0.0.40/modules/pending/discord_spellcheck-1.zip: 45%
2024-01-13T16:54:32.474Z [Modules] Streaming discord_spellcheck@1 to /home/daro_ops/.config/discord/0.0.40/modules/pending/discord_spellcheck-1.zip: 46%
2024-01-13T16:54:32.476Z [Modules] Streaming discord_spellcheck@1 to /home/daro_ops/.config/discord/0.0.40/modules/pending/discord_spellcheck-1.zip: 47%
2024-01-13T16:54:32.477Z [Modules] Streaming discord_spellcheck@1 to /home/daro_ops/.config/discord/0.0.40/modules/pending/discord_spellcheck-1.zip: 48%
2024-01-13T16:54:32.479Z [Modules] Streaming discord_spellcheck@1 to /home/daro_ops/.config/discord/0.0.40/modules/pending/discord_spellcheck-1.zip: 49%
2024-01-13T16:54:32.481Z [Modules] Streaming discord_spellcheck@1 to /home/daro_ops/.config/discord/0.0.40/modules/pending/discord_spellcheck-1.zip: 50%
2024-01-13T16:54:32.484Z [Modules] Streaming discord_spellcheck@1 to /home/daro_ops/.config/discord/0.0.40/modules/pending/discord_spellcheck-1.zip: 51%
2024-01-13T16:54:32.485Z [Modules] Streaming discord_spellcheck@1 to /home/daro_ops/.config/discord/0.0.40/modules/pending/discord_spellcheck-1.zip: 52%
2024-01-13T16:54:32.486Z [Modules] Streaming discord_spellcheck@1 to /home/daro_ops/.config/discord/0.0.40/modules/pending/discord_spellcheck-1.zip: 54%
2024-01-13T16:54:32.488Z [Modules] Streaming discord_spellcheck@1 to /home/daro_ops/.config/discord/0.0.40/modules/pending/discord_spellcheck-1.zip: 55%
2024-01-13T16:54:32.489Z [Modules] Streaming discord_spellcheck@1 to /home/daro_ops/.config/discord/0.0.40/modules/pending/discord_spellcheck-1.zip: 56%
2024-01-13T16:54:32.491Z [Modules] Streaming discord_spellcheck@1 to /home/daro_ops/.config/discord/0.0.40/modules/pending/discord_spellcheck-1.zip: 57%
2024-01-13T16:54:32.493Z [Modules] Streaming discord_spellcheck@1 to /home/daro_ops/.config/discord/0.0.40/modules/pending/discord_spellcheck-1.zip: 58%
2024-01-13T16:54:32.494Z [Modules] Streaming discord_spellcheck@1 to /home/daro_ops/.config/discord/0.0.40/modules/pending/discord_spellcheck-1.zip: 59%
2024-01-13T16:54:32.500Z [Modules] Streaming discord_spellcheck@1 to /home/daro_ops/.config/discord/0.0.40/modules/pending/discord_spellcheck-1.zip: 60%
2024-01-13T16:54:32.501Z [Modules] Streaming discord_spellcheck@1 to /home/daro_ops/.config/discord/0.0.40/modules/pending/discord_spellcheck-1.zip: 61%
2024-01-13T16:54:32.502Z [Modules] Streaming discord_spellcheck@1 to /home/daro_ops/.config/discord/0.0.40/modules/pending/discord_spellcheck-1.zip: 62%
2024-01-13T16:54:32.504Z [Modules] Streaming discord_spellcheck@1 to /home/daro_ops/.config/discord/0.0.40/modules/pending/discord_spellcheck-1.zip: 63%
2024-01-13T16:54:32.506Z [Modules] Streaming discord_spellcheck@1 to /home/daro_ops/.config/discord/0.0.40/modules/pending/discord_spellcheck-1.zip: 64%
2024-01-13T16:54:32.508Z [Modules] Streaming discord_spellcheck@1 to /home/daro_ops/.config/discord/0.0.40/modules/pending/discord_spellcheck-1.zip: 65%
2024-01-13T16:54:32.510Z [Modules] Streaming discord_spellcheck@1 to /home/daro_ops/.config/discord/0.0.40/modules/pending/discord_spellcheck-1.zip: 66%
2024-01-13T16:54:32.511Z [Modules] Streaming discord_spellcheck@1 to /home/daro_ops/.config/discord/0.0.40/modules/pending/discord_spellcheck-1.zip: 67%
2024-01-13T16:54:32.513Z [Modules] Streaming discord_spellcheck@1 to /home/daro_ops/.config/discord/0.0.40/modules/pending/discord_spellcheck-1.zip: 68%
2024-01-13T16:54:32.514Z [Modules] Streaming discord_spellcheck@1 to /home/daro_ops/.config/discord/0.0.40/modules/pending/discord_spellcheck-1.zip: 69%
2024-01-13T16:54:32.518Z [Modules] Streaming discord_spellcheck@1 to /home/daro_ops/.config/discord/0.0.40/modules/pending/discord_spellcheck-1.zip: 71%
2024-01-13T16:54:32.520Z [Modules] Streaming discord_spellcheck@1 to /home/daro_ops/.config/discord/0.0.40/modules/pending/discord_spellcheck-1.zip: 73%
2024-01-13T16:54:32.521Z [Modules] Streaming discord_spellcheck@1 to /home/daro_ops/.config/discord/0.0.40/modules/pending/discord_spellcheck-1.zip: 74%
2024-01-13T16:54:32.523Z [Modules] Streaming discord_spellcheck@1 to /home/daro_ops/.config/discord/0.0.40/modules/pending/discord_spellcheck-1.zip: 75%
2024-01-13T16:54:32.524Z [Modules] Streaming discord_spellcheck@1 to /home/daro_ops/.config/discord/0.0.40/modules/pending/discord_spellcheck-1.zip: 76%
2024-01-13T16:54:32.525Z [Modules] Streaming discord_spellcheck@1 to /home/daro_ops/.config/discord/0.0.40/modules/pending/discord_spellcheck-1.zip: 77%
2024-01-13T16:54:32.527Z [Modules] Streaming discord_spellcheck@1 to /home/daro_ops/.config/discord/0.0.40/modules/pending/discord_spellcheck-1.zip: 78%
2024-01-13T16:54:32.528Z [Modules] Streaming discord_spellcheck@1 to /home/daro_ops/.config/discord/0.0.40/modules/pending/discord_spellcheck-1.zip: 79%
2024-01-13T16:54:32.530Z [Modules] Streaming discord_spellcheck@1 to /home/daro_ops/.config/discord/0.0.40/modules/pending/discord_spellcheck-1.zip: 80%
2024-01-13T16:54:32.533Z [Modules] Streaming discord_spellcheck@1 to /home/daro_ops/.config/discord/0.0.40/modules/pending/discord_spellcheck-1.zip: 81%
2024-01-13T16:54:32.589Z [Modules] Streaming discord_spellcheck@1 to /home/daro_ops/.config/discord/0.0.40/modules/pending/discord_spellcheck-1.zip: 82%
2024-01-13T16:54:32.593Z [Modules] Streaming discord_spellcheck@1 to /home/daro_ops/.config/discord/0.0.40/modules/pending/discord_spellcheck-1.zip: 85%
2024-01-13T16:54:32.596Z [Modules] Streaming discord_spellcheck@1 to /home/daro_ops/.config/discord/0.0.40/modules/pending/discord_spellcheck-1.zip: 88%
2024-01-13T16:54:32.601Z [Modules] Streaming discord_spellcheck@1 to /home/daro_ops/.config/discord/0.0.40/modules/pending/discord_spellcheck-1.zip: 90%
2024-01-13T16:54:32.606Z [Modules] Streaming discord_spellcheck@1 to /home/daro_ops/.config/discord/0.0.40/modules/pending/discord_spellcheck-1.zip: 95%
2024-01-13T16:54:32.610Z [Modules] Streaming discord_spellcheck@1 to /home/daro_ops/.config/discord/0.0.40/modules/pending/discord_spellcheck-1.zip: 100%
2024-01-13T16:54:32.616Z [Modules] Fetching discord_utils@1 from https://discord.com/api/modules/stable/discord_utils/1
2024-01-13T16:54:32.617Z [Modules] Streaming discord_utils@1 to /home/daro_ops/.config/discord/0.0.40/modules/pending/discord_utils-1.zip
2024-01-13T16:54:32.821Z [Modules] Streaming discord_utils@1 to /home/daro_ops/.config/discord/0.0.40/modules/pending/discord_utils-1.zip: 2%
2024-01-13T16:54:32.825Z [Modules] Streaming discord_utils@1 to /home/daro_ops/.config/discord/0.0.40/modules/pending/discord_utils-1.zip: 8%
2024-01-13T16:54:32.829Z [Modules] Streaming discord_utils@1 to /home/daro_ops/.config/discord/0.0.40/modules/pending/discord_utils-1.zip: 21%
2024-01-13T16:54:32.834Z [Modules] Streaming discord_utils@1 to /home/daro_ops/.config/discord/0.0.40/modules/pending/discord_utils-1.zip: 29%
2024-01-13T16:54:32.838Z [Modules] Streaming discord_utils@1 to /home/daro_ops/.config/discord/0.0.40/modules/pending/discord_utils-1.zip: 42%
2024-01-13T16:54:32.842Z [Modules] Streaming discord_utils@1 to /home/daro_ops/.config/discord/0.0.40/modules/pending/discord_utils-1.zip: 56%
2024-01-13T16:54:32.845Z [Modules] Streaming discord_utils@1 to /home/daro_ops/.config/discord/0.0.40/modules/pending/discord_utils-1.zip: 58%
2024-01-13T16:54:32.899Z [Modules] Streaming discord_utils@1 to /home/daro_ops/.config/discord/0.0.40/modules/pending/discord_utils-1.zip: 60%
2024-01-13T16:54:32.903Z [Modules] Streaming discord_utils@1 to /home/daro_ops/.config/discord/0.0.40/modules/pending/discord_utils-1.zip: 67%
2024-01-13T16:54:32.908Z [Modules] Streaming discord_utils@1 to /home/daro_ops/.config/discord/0.0.40/modules/pending/discord_utils-1.zip: 80%
2024-01-13T16:54:32.912Z [Modules] Streaming discord_utils@1 to /home/daro_ops/.config/discord/0.0.40/modules/pending/discord_utils-1.zip: 99%
2024-01-13T16:54:32.916Z [Modules] Streaming discord_utils@1 to /home/daro_ops/.config/discord/0.0.40/modules/pending/discord_utils-1.zip: 100%
2024-01-13T16:54:32.922Z [Modules] Fetching discord_voice@1 from https://discord.com/api/modules/stable/discord_voice/1
2024-01-13T16:54:32.922Z [Modules] Streaming discord_voice@1 to /home/daro_ops/.config/discord/0.0.40/modules/pending/discord_voice-1.zip
2024-01-13T16:54:33.113Z [Modules] Streaming discord_voice@1 to /home/daro_ops/.config/discord/0.0.40/modules/pending/discord_voice-1.zip: 1%
2024-01-13T16:54:33.120Z [Modules] Streaming discord_voice@1 to /home/daro_ops/.config/discord/0.0.40/modules/pending/discord_voice-1.zip: 2%
2024-01-13T16:54:33.125Z [Modules] Streaming discord_voice@1 to /home/daro_ops/.config/discord/0.0.40/modules/pending/discord_voice-1.zip: 3%
2024-01-13T16:54:33.129Z [Modules] Streaming discord_voice@1 to /home/daro_ops/.config/discord/0.0.40/modules/pending/discord_voice-1.zip: 4%
2024-01-13T16:54:33.134Z [Modules] Streaming discord_voice@1 to /home/daro_ops/.config/discord/0.0.40/modules/pending/discord_voice-1.zip: 5%
2024-01-13T16:54:33.140Z [Modules] Streaming discord_voice@1 to /home/daro_ops/.config/discord/0.0.40/modules/pending/discord_voice-1.zip: 6%
2024-01-13T16:54:33.145Z [Modules] Streaming discord_voice@1 to /home/daro_ops/.config/discord/0.0.40/modules/pending/discord_voice-1.zip: 7%
2024-01-13T16:54:33.194Z [Modules] Streaming discord_voice@1 to /home/daro_ops/.config/discord/0.0.40/modules/pending/discord_voice-1.zip: 8%
2024-01-13T16:54:33.197Z [Modules] Streaming discord_voice@1 to /home/daro_ops/.config/discord/0.0.40/modules/pending/discord_voice-1.zip: 9%
2024-01-13T16:54:33.202Z [Modules] Streaming discord_voice@1 to /home/daro_ops/.config/discord/0.0.40/modules/pending/discord_voice-1.zip: 10%
2024-01-13T16:54:33.206Z [Modules] Streaming discord_voice@1 to /home/daro_ops/.config/discord/0.0.40/modules/pending/discord_voice-1.zip: 11%
2024-01-13T16:54:33.210Z [Modules] Streaming discord_voice@1 to /home/daro_ops/.config/discord/0.0.40/modules/pending/discord_voice-1.zip: 12%
2024-01-13T16:54:33.215Z [Modules] Streaming discord_voice@1 to /home/daro_ops/.config/discord/0.0.40/modules/pending/discord_voice-1.zip: 14%
2024-01-13T16:54:33.220Z [Modules] Streaming discord_voice@1 to /home/daro_ops/.config/discord/0.0.40/modules/pending/discord_voice-1.zip: 15%
2024-01-13T16:54:33.223Z [Modules] Streaming discord_voice@1 to /home/daro_ops/.config/discord/0.0.40/modules/pending/discord_voice-1.zip: 16%
2024-01-13T16:54:33.230Z [Modules] Streaming discord_voice@1 to /home/daro_ops/.config/discord/0.0.40/modules/pending/discord_voice-1.zip: 18%
2024-01-13T16:54:33.237Z [Modules] Streaming discord_voice@1 to /home/daro_ops/.config/discord/0.0.40/modules/pending/discord_voice-1.zip: 21%
2024-01-13T16:54:33.265Z [Modules] Streaming discord_voice@1 to /home/daro_ops/.config/discord/0.0.40/modules/pending/discord_voice-1.zip: 22%
2024-01-13T16:54:33.269Z [Modules] Streaming discord_voice@1 to /home/daro_ops/.config/discord/0.0.40/modules/pending/discord_voice-1.zip: 23%
2024-01-13T16:54:33.273Z [Modules] Streaming discord_voice@1 to /home/daro_ops/.config/discord/0.0.40/modules/pending/discord_voice-1.zip: 24%
2024-01-13T16:54:33.276Z [Modules] Streaming discord_voice@1 to /home/daro_ops/.config/discord/0.0.40/modules/pending/discord_voice-1.zip: 25%
2024-01-13T16:54:33.280Z [Modules] Streaming discord_voice@1 to /home/daro_ops/.config/discord/0.0.40/modules/pending/discord_voice-1.zip: 26%
2024-01-13T16:54:33.286Z [Modules] Streaming discord_voice@1 to /home/daro_ops/.config/discord/0.0.40/modules/pending/discord_voice-1.zip: 27%
2024-01-13T16:54:33.291Z [Modules] Streaming discord_voice@1 to /home/daro_ops/.config/discord/0.0.40/modules/pending/discord_voice-1.zip: 28%
2024-01-13T16:54:33.295Z [Modules] Streaming discord_voice@1 to /home/daro_ops/.config/discord/0.0.40/modules/pending/discord_voice-1.zip: 29%
2024-01-13T16:54:33.301Z [Modules] Streaming discord_voice@1 to /home/daro_ops/.config/discord/0.0.40/modules/pending/discord_voice-1.zip: 30%
2024-01-13T16:54:33.306Z [Modules] Streaming discord_voice@1 to /home/daro_ops/.config/discord/0.0.40/modules/pending/discord_voice-1.zip: 31%
2024-01-13T16:54:33.309Z [Modules] Streaming discord_voice@1 to /home/daro_ops/.config/discord/0.0.40/modules/pending/discord_voice-1.zip: 32%
2024-01-13T16:54:33.313Z [Modules] Streaming discord_voice@1 to /home/daro_ops/.config/discord/0.0.40/modules/pending/discord_voice-1.zip: 33%
2024-01-13T16:54:33.317Z [Modules] Streaming discord_voice@1 to /home/daro_ops/.config/discord/0.0.40/modules/pending/discord_voice-1.zip: 34%
2024-01-13T16:54:33.322Z [Modules] Streaming discord_voice@1 to /home/daro_ops/.config/discord/0.0.40/modules/pending/discord_voice-1.zip: 35%
2024-01-13T16:54:33.328Z [Modules] Streaming discord_voice@1 to /home/daro_ops/.config/discord/0.0.40/modules/pending/discord_voice-1.zip: 36%
2024-01-13T16:54:33.334Z [Modules] Streaming discord_voice@1 to /home/daro_ops/.config/discord/0.0.40/modules/pending/discord_voice-1.zip: 37%
2024-01-13T16:54:33.337Z [Modules] Streaming discord_voice@1 to /home/daro_ops/.config/discord/0.0.40/modules/pending/discord_voice-1.zip: 38%
2024-01-13T16:54:33.340Z [Modules] Streaming discord_voice@1 to /home/daro_ops/.config/discord/0.0.40/modules/pending/discord_voice-1.zip: 39%
2024-01-13T16:54:33.344Z [Modules] Streaming discord_voice@1 to /home/daro_ops/.config/discord/0.0.40/modules/pending/discord_voice-1.zip: 40%
2024-01-13T16:54:33.348Z [Modules] Streaming discord_voice@1 to /home/daro_ops/.config/discord/0.0.40/modules/pending/discord_voice-1.zip: 41%
2024-01-13T16:54:33.352Z [Modules] Streaming discord_voice@1 to /home/daro_ops/.config/discord/0.0.40/modules/pending/discord_voice-1.zip: 42%
2024-01-13T16:54:33.424Z [Modules] Streaming discord_voice@1 to /home/daro_ops/.config/discord/0.0.40/modules/pending/discord_voice-1.zip: 43%
2024-01-13T16:54:33.428Z [Modules] Streaming discord_voice@1 to /home/daro_ops/.config/discord/0.0.40/modules/pending/discord_voice-1.zip: 44%
2024-01-13T16:54:33.433Z [Modules] Streaming discord_voice@1 to /home/daro_ops/.config/discord/0.0.40/modules/pending/discord_voice-1.zip: 45%
2024-01-13T16:54:33.438Z [Modules] Streaming discord_voice@1 to /home/daro_ops/.config/discord/0.0.40/modules/pending/discord_voice-1.zip: 46%
2024-01-13T16:54:33.442Z [Modules] Streaming discord_voice@1 to /home/daro_ops/.config/discord/0.0.40/modules/pending/discord_voice-1.zip: 47%
2024-01-13T16:54:33.447Z [Modules] Streaming discord_voice@1 to /home/daro_ops/.config/discord/0.0.40/modules/pending/discord_voice-1.zip: 49%
2024-01-13T16:54:33.452Z [Modules] Streaming discord_voice@1 to /home/daro_ops/.config/discord/0.0.40/modules/pending/discord_voice-1.zip: 50%
2024-01-13T16:54:33.457Z [Modules] Streaming discord_voice@1 to /home/daro_ops/.config/discord/0.0.40/modules/pending/discord_voice-1.zip: 52%
2024-01-13T16:54:33.460Z [Modules] Streaming discord_voice@1 to /home/daro_ops/.config/discord/0.0.40/modules/pending/discord_voice-1.zip: 53%
2024-01-13T16:54:33.466Z [Modules] Streaming discord_voice@1 to /home/daro_ops/.config/discord/0.0.40/modules/pending/discord_voice-1.zip: 54%
2024-01-13T16:54:33.492Z [Modules] Streaming discord_voice@1 to /home/daro_ops/.config/discord/0.0.40/modules/pending/discord_voice-1.zip: 58%
2024-01-13T16:54:33.497Z [Modules] Streaming discord_voice@1 to /home/daro_ops/.config/discord/0.0.40/modules/pending/discord_voice-1.zip: 59%
2024-01-13T16:54:33.504Z [Modules] Streaming discord_voice@1 to /home/daro_ops/.config/discord/0.0.40/modules/pending/discord_voice-1.zip: 60%
2024-01-13T16:54:33.511Z [Modules] Streaming discord_voice@1 to /home/daro_ops/.config/discord/0.0.40/modules/pending/discord_voice-1.zip: 62%
2024-01-13T16:54:33.529Z [Modules] Streaming discord_voice@1 to /home/daro_ops/.config/discord/0.0.40/modules/pending/discord_voice-1.zip: 65%
2024-01-13T16:54:33.533Z [Modules] Streaming discord_voice@1 to /home/daro_ops/.config/discord/0.0.40/modules/pending/discord_voice-1.zip: 66%
2024-01-13T16:54:33.539Z [Modules] Streaming discord_voice@1 to /home/daro_ops/.config/discord/0.0.40/modules/pending/discord_voice-1.zip: 68%
2024-01-13T16:54:33.542Z [Modules] Streaming discord_voice@1 to /home/daro_ops/.config/discord/0.0.40/modules/pending/discord_voice-1.zip: 69%
2024-01-13T16:54:33.545Z [Modules] Streaming discord_voice@1 to /home/daro_ops/.config/discord/0.0.40/modules/pending/discord_voice-1.zip: 70%
2024-01-13T16:54:33.555Z [Modules] Streaming discord_voice@1 to /home/daro_ops/.config/discord/0.0.40/modules/pending/discord_voice-1.zip: 71%
2024-01-13T16:54:33.557Z [Modules] Streaming discord_voice@1 to /home/daro_ops/.config/discord/0.0.40/modules/pending/discord_voice-1.zip: 72%
2024-01-13T16:54:33.561Z [Modules] Streaming discord_voice@1 to /home/daro_ops/.config/discord/0.0.40/modules/pending/discord_voice-1.zip: 73%
2024-01-13T16:54:33.566Z [Modules] Streaming discord_voice@1 to /home/daro_ops/.config/discord/0.0.40/modules/pending/discord_voice-1.zip: 74%
2024-01-13T16:54:33.569Z [Modules] Streaming discord_voice@1 to /home/daro_ops/.config/discord/0.0.40/modules/pending/discord_voice-1.zip: 75%
2024-01-13T16:54:33.572Z [Modules] Streaming discord_voice@1 to /home/daro_ops/.config/discord/0.0.40/modules/pending/discord_voice-1.zip: 76%
2024-01-13T16:54:33.702Z [Modules] Streaming discord_voice@1 to /home/daro_ops/.config/discord/0.0.40/modules/pending/discord_voice-1.zip: 77%
2024-01-13T16:54:33.706Z [Modules] Streaming discord_voice@1 to /home/daro_ops/.config/discord/0.0.40/modules/pending/discord_voice-1.zip: 78%
2024-01-13T16:54:33.711Z [Modules] Streaming discord_voice@1 to /home/daro_ops/.config/discord/0.0.40/modules/pending/discord_voice-1.zip: 79%
2024-01-13T16:54:33.715Z [Modules] Streaming discord_voice@1 to /home/daro_ops/.config/discord/0.0.40/modules/pending/discord_voice-1.zip: 80%
2024-01-13T16:54:33.720Z [Modules] Streaming discord_voice@1 to /home/daro_ops/.config/discord/0.0.40/modules/pending/discord_voice-1.zip: 81%
2024-01-13T16:54:33.724Z [Modules] Streaming discord_voice@1 to /home/daro_ops/.config/discord/0.0.40/modules/pending/discord_voice-1.zip: 83%
2024-01-13T16:54:33.728Z [Modules] Streaming discord_voice@1 to /home/daro_ops/.config/discord/0.0.40/modules/pending/discord_voice-1.zip: 84%
2024-01-13T16:54:33.732Z [Modules] Streaming discord_voice@1 to /home/daro_ops/.config/discord/0.0.40/modules/pending/discord_voice-1.zip: 85%
2024-01-13T16:54:33.737Z [Modules] Streaming discord_voice@1 to /home/daro_ops/.config/discord/0.0.40/modules/pending/discord_voice-1.zip: 86%
2024-01-13T16:54:33.741Z [Modules] Streaming discord_voice@1 to /home/daro_ops/.config/discord/0.0.40/modules/pending/discord_voice-1.zip: 87%
2024-01-13T16:54:33.745Z [Modules] Streaming discord_voice@1 to /home/daro_ops/.config/discord/0.0.40/modules/pending/discord_voice-1.zip: 89%
2024-01-13T16:54:33.751Z [Modules] Streaming discord_voice@1 to /home/daro_ops/.config/discord/0.0.40/modules/pending/discord_voice-1.zip: 91%
2024-01-13T16:54:33.755Z [Modules] Streaming discord_voice@1 to /home/daro_ops/.config/discord/0.0.40/modules/pending/discord_voice-1.zip: 92%
2024-01-13T16:54:33.759Z [Modules] Streaming discord_voice@1 to /home/daro_ops/.config/discord/0.0.40/modules/pending/discord_voice-1.zip: 93%
2024-01-13T16:54:33.762Z [Modules] Streaming discord_voice@1 to /home/daro_ops/.config/discord/0.0.40/modules/pending/discord_voice-1.zip: 94%
2024-01-13T16:54:33.784Z [Modules] Streaming discord_voice@1 to /home/daro_ops/.config/discord/0.0.40/modules/pending/discord_voice-1.zip: 95%
2024-01-13T16:54:33.788Z [Modules] Streaming discord_voice@1 to /home/daro_ops/.config/discord/0.0.40/modules/pending/discord_voice-1.zip: 96%
2024-01-13T16:54:33.812Z [Modules] Streaming discord_voice@1 to /home/daro_ops/.config/discord/0.0.40/modules/pending/discord_voice-1.zip: 100%
2024-01-13T16:54:33.820Z [Modules] Finished module downloads. [success: 5] [failure: 0]
2024-01-13T16:54:33.822Z [Modules] Installing updates...
2024-01-13T16:54:33.824Z [Modules] Installing discord_desktop_core@1 from /home/daro_ops/.config/discord/0.0.40/modules/pending/discord_desktop_core-1.zip
2024-01-13T16:54:33.950Z [Modules] Installing discord_erlpack@1 from /home/daro_ops/.config/discord/0.0.40/modules/pending/discord_erlpack-1.zip
2024-01-13T16:54:34.017Z [Modules] Installing discord_spellcheck@1 from /home/daro_ops/.config/discord/0.0.40/modules/pending/discord_spellcheck-1.zip
2024-01-13T16:54:35.136Z [Modules] Installing discord_utils@1 from /home/daro_ops/.config/discord/0.0.40/modules/pending/discord_utils-1.zip
2024-01-13T16:54:35.313Z [Modules] Installing discord_voice@1 from /home/daro_ops/.config/discord/0.0.40/modules/pending/discord_voice-1.zip
2024-01-13T16:54:36.212Z [Modules] Finished module installations. [success: 5] [failure: 0]
2024-01-13T16:54:36.212Z [Modules] Checking for host updates.
2024-01-13T16:54:36.380Z [Modules] Host is up to date.
2024-01-13T16:54:36.380Z [Modules] Checking for module updates at https://discord.com/api/modules/stable/versions.json
2024-01-13T16:54:36.390Z [Modules] No module updates available.
2024-01-13T16:54:38.487Z [Modules] Starting to install discord_krisp...
2024-01-13T16:54:38.487Z [Modules] Fetching discord_krisp@1 from https://discord.com/api/modules/stable/discord_krisp/1
2024-01-13T16:54:38.487Z [Modules] Streaming discord_krisp@1 to /home/daro_ops/.config/discord/0.0.40/modules/pending/discord_krisp-1.zip
2024-01-13T16:54:38.496Z [Modules] Starting to install discord_game_utils...
2024-01-13T16:54:38.698Z [Modules] Streaming discord_krisp@1 to /home/daro_ops/.config/discord/0.0.40/modules/pending/discord_krisp-1.zip: 1%
2024-01-13T16:54:38.701Z [Modules] Streaming discord_krisp@1 to /home/daro_ops/.config/discord/0.0.40/modules/pending/discord_krisp-1.zip: 2%
2024-01-13T16:54:38.706Z [Modules] Streaming discord_krisp@1 to /home/daro_ops/.config/discord/0.0.40/modules/pending/discord_krisp-1.zip: 3%
2024-01-13T16:54:38.707Z [Modules] Streaming discord_krisp@1 to /home/daro_ops/.config/discord/0.0.40/modules/pending/discord_krisp-1.zip: 4%
2024-01-13T16:54:38.711Z [Modules] Streaming discord_krisp@1 to /home/daro_ops/.config/discord/0.0.40/modules/pending/discord_krisp-1.zip: 5%
2024-01-13T16:54:38.714Z [Modules] Streaming discord_krisp@1 to /home/daro_ops/.config/discord/0.0.40/modules/pending/discord_krisp-1.zip: 6%
2024-01-13T16:54:38.716Z [Modules] Streaming discord_krisp@1 to /home/daro_ops/.config/discord/0.0.40/modules/pending/discord_krisp-1.zip: 7%
2024-01-13T16:54:38.783Z [Modules] Streaming discord_krisp@1 to /home/daro_ops/.config/discord/0.0.40/modules/pending/discord_krisp-1.zip: 8%
2024-01-13T16:54:38.784Z [Modules] Streaming discord_krisp@1 to /home/daro_ops/.config/discord/0.0.40/modules/pending/discord_krisp-1.zip: 9%
2024-01-13T16:54:38.786Z [Modules] Streaming discord_krisp@1 to /home/daro_ops/.config/discord/0.0.40/modules/pending/discord_krisp-1.zip: 12%
2024-01-13T16:54:38.788Z [Modules] Streaming discord_krisp@1 to /home/daro_ops/.config/discord/0.0.40/modules/pending/discord_krisp-1.zip: 13%
2024-01-13T16:54:38.791Z [Modules] Streaming discord_krisp@1 to /home/daro_ops/.config/discord/0.0.40/modules/pending/discord_krisp-1.zip: 16%
2024-01-13T16:54:38.793Z [Modules] Streaming discord_krisp@1 to /home/daro_ops/.config/discord/0.0.40/modules/pending/discord_krisp-1.zip: 17%
2024-01-13T16:54:38.794Z [Modules] Streaming discord_krisp@1 to /home/daro_ops/.config/discord/0.0.40/modules/pending/discord_krisp-1.zip: 18%
2024-01-13T16:54:38.810Z [Modules] Streaming discord_krisp@1 to /home/daro_ops/.config/discord/0.0.40/modules/pending/discord_krisp-1.zip: 19%
2024-01-13T16:54:38.811Z [Modules] Streaming discord_krisp@1 to /home/daro_ops/.config/discord/0.0.40/modules/pending/discord_krisp-1.zip: 20%
2024-01-13T16:54:38.812Z [Modules] Streaming discord_krisp@1 to /home/daro_ops/.config/discord/0.0.40/modules/pending/discord_krisp-1.zip: 21%
2024-01-13T16:54:38.813Z [Modules] Streaming discord_krisp@1 to /home/daro_ops/.config/discord/0.0.40/modules/pending/discord_krisp-1.zip: 22%
2024-01-13T16:54:38.814Z [Modules] Streaming discord_krisp@1 to /home/daro_ops/.config/discord/0.0.40/modules/pending/discord_krisp-1.zip: 23%
2024-01-13T16:54:38.815Z [Modules] Streaming discord_krisp@1 to /home/daro_ops/.config/discord/0.0.40/modules/pending/discord_krisp-1.zip: 24%
2024-01-13T16:54:38.816Z [Modules] Streaming discord_krisp@1 to /home/daro_ops/.config/discord/0.0.40/modules/pending/discord_krisp-1.zip: 26%
2024-01-13T16:54:38.850Z [Modules] Streaming discord_krisp@1 to /home/daro_ops/.config/discord/0.0.40/modules/pending/discord_krisp-1.zip: 27%
2024-01-13T16:54:38.852Z [Modules] Streaming discord_krisp@1 to /home/daro_ops/.config/discord/0.0.40/modules/pending/discord_krisp-1.zip: 28%
2024-01-13T16:54:38.881Z [Modules] Streaming discord_krisp@1 to /home/daro_ops/.config/discord/0.0.40/modules/pending/discord_krisp-1.zip: 29%
2024-01-13T16:54:38.883Z [Modules] Streaming discord_krisp@1 to /home/daro_ops/.config/discord/0.0.40/modules/pending/discord_krisp-1.zip: 30%
2024-01-13T16:54:38.884Z [Modules] Streaming discord_krisp@1 to /home/daro_ops/.config/discord/0.0.40/modules/pending/discord_krisp-1.zip: 31%
2024-01-13T16:54:38.885Z [Modules] Streaming discord_krisp@1 to /home/daro_ops/.config/discord/0.0.40/modules/pending/discord_krisp-1.zip: 33%
2024-01-13T16:54:38.886Z [Modules] Streaming discord_krisp@1 to /home/daro_ops/.config/discord/0.0.40/modules/pending/discord_krisp-1.zip: 34%
2024-01-13T16:54:38.887Z [Modules] Streaming discord_krisp@1 to /home/daro_ops/.config/discord/0.0.40/modules/pending/discord_krisp-1.zip: 35%
2024-01-13T16:54:38.887Z [Modules] Streaming discord_krisp@1 to /home/daro_ops/.config/discord/0.0.40/modules/pending/discord_krisp-1.zip: 36%
2024-01-13T16:54:38.887Z [Modules] Streaming discord_krisp@1 to /home/daro_ops/.config/discord/0.0.40/modules/pending/discord_krisp-1.zip: 37%
2024-01-13T16:54:38.890Z [Modules] Streaming discord_krisp@1 to /home/daro_ops/.config/discord/0.0.40/modules/pending/discord_krisp-1.zip: 38%
2024-01-13T16:54:38.894Z [Modules] Streaming discord_krisp@1 to /home/daro_ops/.config/discord/0.0.40/modules/pending/discord_krisp-1.zip: 39%
2024-01-13T16:54:38.897Z [Modules] Streaming discord_krisp@1 to /home/daro_ops/.config/discord/0.0.40/modules/pending/discord_krisp-1.zip: 40%
2024-01-13T16:54:38.900Z [Modules] Streaming discord_krisp@1 to /home/daro_ops/.config/discord/0.0.40/modules/pending/discord_krisp-1.zip: 41%
2024-01-13T16:54:38.966Z [Modules] Streaming discord_krisp@1 to /home/daro_ops/.config/discord/0.0.40/modules/pending/discord_krisp-1.zip: 42%
2024-01-13T16:54:39.008Z [Modules] Streaming discord_krisp@1 to /home/daro_ops/.config/discord/0.0.40/modules/pending/discord_krisp-1.zip: 43%
2024-01-13T16:54:39.009Z [Modules] Streaming discord_krisp@1 to /home/daro_ops/.config/discord/0.0.40/modules/pending/discord_krisp-1.zip: 44%
2024-01-13T16:54:39.010Z [Modules] Streaming discord_krisp@1 to /home/daro_ops/.config/discord/0.0.40/modules/pending/discord_krisp-1.zip: 45%
2024-01-13T16:54:39.010Z [Modules] Streaming discord_krisp@1 to /home/daro_ops/.config/discord/0.0.40/modules/pending/discord_krisp-1.zip: 46%
2024-01-13T16:54:39.019Z [Modules] Streaming discord_krisp@1 to /home/daro_ops/.config/discord/0.0.40/modules/pending/discord_krisp-1.zip: 47%
2024-01-13T16:54:39.020Z [Modules] Streaming discord_krisp@1 to /home/daro_ops/.config/discord/0.0.40/modules/pending/discord_krisp-1.zip: 48%
2024-01-13T16:54:39.021Z [Modules] Streaming discord_krisp@1 to /home/daro_ops/.config/discord/0.0.40/modules/pending/discord_krisp-1.zip: 49%
2024-01-13T16:54:39.022Z [Modules] Streaming discord_krisp@1 to /home/daro_ops/.config/discord/0.0.40/modules/pending/discord_krisp-1.zip: 50%
2024-01-13T16:54:39.025Z [Modules] Streaming discord_krisp@1 to /home/daro_ops/.config/discord/0.0.40/modules/pending/discord_krisp-1.zip: 51%
2024-01-13T16:54:39.031Z [Modules] Streaming discord_krisp@1 to /home/daro_ops/.config/discord/0.0.40/modules/pending/discord_krisp-1.zip: 52%
2024-01-13T16:54:39.033Z [Modules] Streaming discord_krisp@1 to /home/daro_ops/.config/discord/0.0.40/modules/pending/discord_krisp-1.zip: 53%
2024-01-13T16:54:39.036Z [Modules] Streaming discord_krisp@1 to /home/daro_ops/.config/discord/0.0.40/modules/pending/discord_krisp-1.zip: 54%
2024-01-13T16:54:39.037Z [Modules] Streaming discord_krisp@1 to /home/daro_ops/.config/discord/0.0.40/modules/pending/discord_krisp-1.zip: 55%
2024-01-13T16:54:39.038Z [Modules] Streaming discord_krisp@1 to /home/daro_ops/.config/discord/0.0.40/modules/pending/discord_krisp-1.zip: 56%
2024-01-13T16:54:39.042Z [Modules] Streaming discord_krisp@1 to /home/daro_ops/.config/discord/0.0.40/modules/pending/discord_krisp-1.zip: 57%
2024-01-13T16:54:39.044Z [Modules] Streaming discord_krisp@1 to /home/daro_ops/.config/discord/0.0.40/modules/pending/discord_krisp-1.zip: 58%
2024-01-13T16:54:39.045Z [Modules] Streaming discord_krisp@1 to /home/daro_ops/.config/discord/0.0.40/modules/pending/discord_krisp-1.zip: 60%
2024-01-13T16:54:39.046Z [Modules] Streaming discord_krisp@1 to /home/daro_ops/.config/discord/0.0.40/modules/pending/discord_krisp-1.zip: 62%
2024-01-13T16:54:39.058Z [Modules] Streaming discord_krisp@1 to /home/daro_ops/.config/discord/0.0.40/modules/pending/discord_krisp-1.zip: 63%
2024-01-13T16:54:39.064Z [Modules] Streaming discord_krisp@1 to /home/daro_ops/.config/discord/0.0.40/modules/pending/discord_krisp-1.zip: 64%
2024-01-13T16:54:39.066Z [Modules] Streaming discord_krisp@1 to /home/daro_ops/.config/discord/0.0.40/modules/pending/discord_krisp-1.zip: 65%
2024-01-13T16:54:39.071Z [Modules] Streaming discord_krisp@1 to /home/daro_ops/.config/discord/0.0.40/modules/pending/discord_krisp-1.zip: 66%
2024-01-13T16:54:39.092Z [Modules] Streaming discord_krisp@1 to /home/daro_ops/.config/discord/0.0.40/modules/pending/discord_krisp-1.zip: 67%
2024-01-13T16:54:39.093Z [Modules] Streaming discord_krisp@1 to /home/daro_ops/.config/discord/0.0.40/modules/pending/discord_krisp-1.zip: 68%
2024-01-13T16:54:39.094Z [Modules] Streaming discord_krisp@1 to /home/daro_ops/.config/discord/0.0.40/modules/pending/discord_krisp-1.zip: 69%
2024-01-13T16:54:39.097Z [Modules] Streaming discord_krisp@1 to /home/daro_ops/.config/discord/0.0.40/modules/pending/discord_krisp-1.zip: 70%
2024-01-13T16:54:39.100Z [Modules] Streaming discord_krisp@1 to /home/daro_ops/.config/discord/0.0.40/modules/pending/discord_krisp-1.zip: 71%
2024-01-13T16:54:39.103Z [Modules] Streaming discord_krisp@1 to /home/daro_ops/.config/discord/0.0.40/modules/pending/discord_krisp-1.zip: 72%
2024-01-13T16:54:39.107Z [Modules] Streaming discord_krisp@1 to /home/daro_ops/.config/discord/0.0.40/modules/pending/discord_krisp-1.zip: 73%
2024-01-13T16:54:39.109Z [Modules] Streaming discord_krisp@1 to /home/daro_ops/.config/discord/0.0.40/modules/pending/discord_krisp-1.zip: 74%
2024-01-13T16:54:39.112Z [Modules] Streaming discord_krisp@1 to /home/daro_ops/.config/discord/0.0.40/modules/pending/discord_krisp-1.zip: 75%
2024-01-13T16:54:39.116Z [Modules] Streaming discord_krisp@1 to /home/daro_ops/.config/discord/0.0.40/modules/pending/discord_krisp-1.zip: 76%
2024-01-13T16:54:39.189Z [Modules] Streaming discord_krisp@1 to /home/daro_ops/.config/discord/0.0.40/modules/pending/discord_krisp-1.zip: 77%
2024-01-13T16:54:39.192Z [Modules] Streaming discord_krisp@1 to /home/daro_ops/.config/discord/0.0.40/modules/pending/discord_krisp-1.zip: 78%
2024-01-13T16:54:39.206Z [Modules] Streaming discord_krisp@1 to /home/daro_ops/.config/discord/0.0.40/modules/pending/discord_krisp-1.zip: 79%
2024-01-13T16:54:39.212Z [Modules] Streaming discord_krisp@1 to /home/daro_ops/.config/discord/0.0.40/modules/pending/discord_krisp-1.zip: 80%
2024-01-13T16:54:39.213Z [Modules] Streaming discord_krisp@1 to /home/daro_ops/.config/discord/0.0.40/modules/pending/discord_krisp-1.zip: 81%
2024-01-13T16:54:39.217Z [Modules] Streaming discord_krisp@1 to /home/daro_ops/.config/discord/0.0.40/modules/pending/discord_krisp-1.zip: 82%
2024-01-13T16:54:39.218Z [Modules] Streaming discord_krisp@1 to /home/daro_ops/.config/discord/0.0.40/modules/pending/discord_krisp-1.zip: 83%
2024-01-13T16:54:39.219Z [Modules] Streaming discord_krisp@1 to /home/daro_ops/.config/discord/0.0.40/modules/pending/discord_krisp-1.zip: 84%
2024-01-13T16:54:39.220Z [Modules] Streaming discord_krisp@1 to /home/daro_ops/.config/discord/0.0.40/modules/pending/discord_krisp-1.zip: 85%
2024-01-13T16:54:39.221Z [Modules] Streaming discord_krisp@1 to /home/daro_ops/.config/discord/0.0.40/modules/pending/discord_krisp-1.zip: 86%
2024-01-13T16:54:39.222Z [Modules] Streaming discord_krisp@1 to /home/daro_ops/.config/discord/0.0.40/modules/pending/discord_krisp-1.zip: 87%
2024-01-13T16:54:39.223Z [Modules] Streaming discord_krisp@1 to /home/daro_ops/.config/discord/0.0.40/modules/pending/discord_krisp-1.zip: 88%
2024-01-13T16:54:39.223Z [Modules] Streaming discord_krisp@1 to /home/daro_ops/.config/discord/0.0.40/modules/pending/discord_krisp-1.zip: 89%
2024-01-13T16:54:39.224Z [Modules] Streaming discord_krisp@1 to /home/daro_ops/.config/discord/0.0.40/modules/pending/discord_krisp-1.zip: 90%
2024-01-13T16:54:39.225Z [Modules] Streaming discord_krisp@1 to /home/daro_ops/.config/discord/0.0.40/modules/pending/discord_krisp-1.zip: 91%
2024-01-13T16:54:39.238Z [Modules] Streaming discord_krisp@1 to /home/daro_ops/.config/discord/0.0.40/modules/pending/discord_krisp-1.zip: 92%
2024-01-13T16:54:39.240Z [Modules] Streaming discord_krisp@1 to /home/daro_ops/.config/discord/0.0.40/modules/pending/discord_krisp-1.zip: 93%
2024-01-13T16:54:39.242Z [Modules] Streaming discord_krisp@1 to /home/daro_ops/.config/discord/0.0.40/modules/pending/discord_krisp-1.zip: 94%
2024-01-13T16:54:39.244Z [Modules] Streaming discord_krisp@1 to /home/daro_ops/.config/discord/0.0.40/modules/pending/discord_krisp-1.zip: 95%
2024-01-13T16:54:39.274Z [Modules] Streaming discord_krisp@1 to /home/daro_ops/.config/discord/0.0.40/modules/pending/discord_krisp-1.zip: 96%
2024-01-13T16:54:39.277Z [Modules] Streaming discord_krisp@1 to /home/daro_ops/.config/discord/0.0.40/modules/pending/discord_krisp-1.zip: 97%
2024-01-13T16:54:39.282Z [Modules] Streaming discord_krisp@1 to /home/daro_ops/.config/discord/0.0.40/modules/pending/discord_krisp-1.zip: 98%
2024-01-13T16:54:39.285Z [Modules] Streaming discord_krisp@1 to /home/daro_ops/.config/discord/0.0.40/modules/pending/discord_krisp-1.zip: 99%
2024-01-13T16:54:39.287Z [Modules] Streaming discord_krisp@1 to /home/daro_ops/.config/discord/0.0.40/modules/pending/discord_krisp-1.zip: 100%
2024-01-13T16:54:39.288Z [Modules] Fetching discord_game_utils@1 from https://discord.com/api/modules/stable/discord_game_utils/1
2024-01-13T16:54:39.289Z [Modules] Streaming discord_game_utils@1 to /home/daro_ops/.config/discord/0.0.40/modules/pending/discord_game_utils-1.zip
2024-01-13T16:54:39.289Z [Modules] Installing discord_krisp@1 from /home/daro_ops/.config/discord/0.0.40/modules/pending/discord_krisp-1.zip
2024-01-13T16:54:39.393Z [Modules] Checking for host updates.
2024-01-13T16:54:39.462Z [Modules] Streaming discord_game_utils@1 to /home/daro_ops/.config/discord/0.0.40/modules/pending/discord_game_utils-1.zip: 2%
2024-01-13T16:54:39.463Z [Modules] Streaming discord_game_utils@1 to /home/daro_ops/.config/discord/0.0.40/modules/pending/discord_game_utils-1.zip: 5%
2024-01-13T16:54:39.468Z [Modules] Streaming discord_game_utils@1 to /home/daro_ops/.config/discord/0.0.40/modules/pending/discord_game_utils-1.zip: 14%
2024-01-13T16:54:39.469Z [Modules] Streaming discord_game_utils@1 to /home/daro_ops/.config/discord/0.0.40/modules/pending/discord_game_utils-1.zip: 25%
2024-01-13T16:54:39.470Z [Modules] Streaming discord_game_utils@1 to /home/daro_ops/.config/discord/0.0.40/modules/pending/discord_game_utils-1.zip: 28%
2024-01-13T16:54:39.471Z [Modules] Streaming discord_game_utils@1 to /home/daro_ops/.config/discord/0.0.40/modules/pending/discord_game_utils-1.zip: 30%
2024-01-13T16:54:39.472Z [Modules] Streaming discord_game_utils@1 to /home/daro_ops/.config/discord/0.0.40/modules/pending/discord_game_utils-1.zip: 33%
2024-01-13T16:54:39.473Z [Modules] Streaming discord_game_utils@1 to /home/daro_ops/.config/discord/0.0.40/modules/pending/discord_game_utils-1.zip: 36%
2024-01-13T16:54:39.474Z [Modules] Streaming discord_game_utils@1 to /home/daro_ops/.config/discord/0.0.40/modules/pending/discord_game_utils-1.zip: 38%
2024-01-13T16:54:39.475Z [Modules] Streaming discord_game_utils@1 to /home/daro_ops/.config/discord/0.0.40/modules/pending/discord_game_utils-1.zip: 40%
2024-01-13T16:54:39.475Z [Modules] Streaming discord_game_utils@1 to /home/daro_ops/.config/discord/0.0.40/modules/pending/discord_game_utils-1.zip: 42%
2024-01-13T16:54:39.476Z [Modules] Streaming discord_game_utils@1 to /home/daro_ops/.config/discord/0.0.40/modules/pending/discord_game_utils-1.zip: 44%
2024-01-13T16:54:39.478Z [Modules] Streaming discord_game_utils@1 to /home/daro_ops/.config/discord/0.0.40/modules/pending/discord_game_utils-1.zip: 47%
2024-01-13T16:54:39.478Z [Modules] Streaming discord_game_utils@1 to /home/daro_ops/.config/discord/0.0.40/modules/pending/discord_game_utils-1.zip: 49%
2024-01-13T16:54:39.479Z [Modules] Streaming discord_game_utils@1 to /home/daro_ops/.config/discord/0.0.40/modules/pending/discord_game_utils-1.zip: 54%
2024-01-13T16:54:39.480Z [Modules] Streaming discord_game_utils@1 to /home/daro_ops/.config/discord/0.0.40/modules/pending/discord_game_utils-1.zip: 57%
2024-01-13T16:54:39.482Z [Modules] Streaming discord_game_utils@1 to /home/daro_ops/.config/discord/0.0.40/modules/pending/discord_game_utils-1.zip: 59%
2024-01-13T16:54:39.483Z [Modules] Streaming discord_game_utils@1 to /home/daro_ops/.config/discord/0.0.40/modules/pending/discord_game_utils-1.zip: 62%
2024-01-13T16:54:39.484Z [Modules] Streaming discord_game_utils@1 to /home/daro_ops/.config/discord/0.0.40/modules/pending/discord_game_utils-1.zip: 63%
2024-01-13T16:54:39.534Z [Modules] Host is up to date.
2024-01-13T16:54:39.534Z [Modules] Checking for module updates at https://discord.com/api/modules/stable/versions.json
2024-01-13T16:54:39.538Z [Modules] No module updates available.
2024-01-13T16:54:39.539Z [Modules] Streaming discord_game_utils@1 to /home/daro_ops/.config/discord/0.0.40/modules/pending/discord_game_utils-1.zip: 66%
2024-01-13T16:54:39.540Z [Modules] Streaming discord_game_utils@1 to /home/daro_ops/.config/discord/0.0.40/modules/pending/discord_game_utils-1.zip: 68%
2024-01-13T16:54:39.540Z [Modules] Streaming discord_game_utils@1 to /home/daro_ops/.config/discord/0.0.40/modules/pending/discord_game_utils-1.zip: 71%
2024-01-13T16:54:39.541Z [Modules] Streaming discord_game_utils@1 to /home/daro_ops/.config/discord/0.0.40/modules/pending/discord_game_utils-1.zip: 73%
2024-01-13T16:54:39.541Z [Modules] Streaming discord_game_utils@1 to /home/daro_ops/.config/discord/0.0.40/modules/pending/discord_game_utils-1.zip: 76%
2024-01-13T16:54:39.542Z [Modules] Streaming discord_game_utils@1 to /home/daro_ops/.config/discord/0.0.40/modules/pending/discord_game_utils-1.zip: 79%
2024-01-13T16:54:39.543Z [Modules] Streaming discord_game_utils@1 to /home/daro_ops/.config/discord/0.0.40/modules/pending/discord_game_utils-1.zip: 81%
2024-01-13T16:54:39.543Z [Modules] Streaming discord_game_utils@1 to /home/daro_ops/.config/discord/0.0.40/modules/pending/discord_game_utils-1.zip: 83%
2024-01-13T16:54:39.543Z [Modules] Streaming discord_game_utils@1 to /home/daro_ops/.config/discord/0.0.40/modules/pending/discord_game_utils-1.zip: 84%
2024-01-13T16:54:39.559Z [Modules] Starting to install discord_rpc...
2024-01-13T16:54:44.865Z [Modules] Streaming discord_game_utils@1 to /home/daro_ops/.config/discord/0.0.40/modules/pending/discord_game_utils-1.zip: 100%
2024-01-13T16:54:44.898Z [Modules] Fetching discord_rpc@1 from https://discord.com/api/modules/stable/discord_rpc/1
2024-01-13T16:54:44.899Z [Modules] Streaming discord_rpc@1 to /home/daro_ops/.config/discord/0.0.40/modules/pending/discord_rpc-1.zip
2024-01-13T16:54:45.122Z [Modules] Streaming discord_rpc@1 to /home/daro_ops/.config/discord/0.0.40/modules/pending/discord_rpc-1.zip: 100%
2024-01-13T16:54:45.127Z [Modules] Finished module downloads. [success: 3] [failure: 0]
2024-01-13T16:54:45.398Z [Modules] Installing discord_game_utils@1 from /home/daro_ops/.config/discord/0.0.40/modules/pending/discord_game_utils-1.zip
2024-01-13T16:54:45.456Z [Modules] Installing discord_rpc@1 from /home/daro_ops/.config/discord/0.0.40/modules/pending/discord_rpc-1.zip
2024-01-13T16:54:45.552Z [Modules] Finished module installations. [success: 3] [failure: 0]
2024-01-13T16:58:03.318Z [Modules] Checking for host updates.
2024-01-13T16:58:03.547Z [Modules] Host is up to date.
2024-01-13T16:58:03.547Z [Modules] Checking for module updates at https://discord.com/api/modules/stable/versions.json
2024-01-13T16:58:03.626Z [Modules] No module updates available.
2024-01-13T17:09:33.621Z [Modules] Checking for host updates.
2024-01-13T17:09:33.789Z [Modules] Host is up to date.
2024-01-13T17:09:33.789Z [Modules] Checking for module updates at https://discord.com/api/modules/stable/versions.json
2024-01-13T17:09:33.867Z [Modules] No module updates available.
2024-01-13T17:54:54.796Z [Modules] Modules initializing
2024-01-13T17:54:54.796Z [Modules] Distribution: remote
2024-01-13T17:54:54.796Z [Modules] Host updates: enabled
2024-01-13T17:54:54.796Z [Modules] Module updates: enabled
2024-01-13T17:54:54.797Z [Modules] Module install path: /home/daro_ops/.config/discord/0.0.40/modules
2024-01-13T17:54:54.797Z [Modules] Module installed file path: /home/daro_ops/.config/discord/0.0.40/modules/installed.json
2024-01-13T17:54:54.797Z [Modules] Module download path: /home/daro_ops/.config/discord/0.0.40/modules/pending
2024-01-13T17:54:54.973Z [Modules] No updates to install
2024-01-13T17:54:54.974Z [Modules] Checking for host updates.
2024-01-13T17:54:55.278Z [Modules] Host is up to date.
2024-01-13T17:54:55.280Z [Modules] Checking for module updates at https://discord.com/api/modules/stable/versions.json
2024-01-13T17:54:55.370Z [Modules] No module updates available.
2024-01-13T17:54:57.906Z [Modules] Checking for host updates.
2024-01-13T17:54:58.030Z [Modules] Host is up to date.
2024-01-13T17:54:58.030Z [Modules] Checking for module updates at https://discord.com/api/modules/stable/versions.json
2024-01-13T17:54:58.033Z [Modules] No module updates available.
2024-01-13T18:54:57.911Z [Modules] Checking for host updates.
2024-01-13T18:54:58.158Z [Modules] Host is up to date.
2024-01-13T18:54:58.158Z [Modules] Checking for module updates at https://discord.com/api/modules/stable/versions.json
2024-01-13T18:54:58.246Z [Modules] No module updates available.
2024-01-13T19:54:57.911Z [Modules] Checking for host updates.
2024-01-13T19:54:58.128Z [Modules] Host is up to date.
2024-01-13T19:54:58.128Z [Modules] Checking for module updates at https://discord.com/api/modules/stable/versions.json
2024-01-13T19:54:58.214Z [Modules] No module updates available.
2024-01-13T20:54:57.911Z [Modules] Checking for host updates.
2024-01-13T20:54:58.090Z [Modules] Host is up to date.
2024-01-13T20:54:58.090Z [Modules] Checking for module updates at https://discord.com/api/modules/stable/versions.json
2024-01-13T20:54:58.195Z [Modules] No module updates available.
2024-01-13T21:54:57.907Z [Modules] Checking for host updates.
2024-01-13T21:54:58.085Z [Modules] Host is up to date.
2024-01-13T21:54:58.086Z [Modules] Checking for module updates at https://discord.com/api/modules/stable/versions.json
2024-01-13T21:54:58.171Z [Modules] No module updates available.
2024-01-13T22:54:57.911Z [Modules] Checking for host updates.
2024-01-13T22:54:58.155Z [Modules] Host is up to date.
2024-01-13T22:54:58.155Z [Modules] Checking for module updates at https://discord.com/api/modules/stable/versions.json
2024-01-13T22:54:58.237Z [Modules] No module updates available.
2024-01-13T23:54:57.911Z [Modules] Checking for host updates.
2024-01-13T23:54:58.141Z [Modules] Host is up to date.
2024-01-13T23:54:58.141Z [Modules] Checking for module updates at https://discord.com/api/modules/stable/versions.json
2024-01-13T23:54:58.236Z [Modules] No module updates available.
2024-01-14T13:40:41.856Z [Modules] Modules initializing
2024-01-14T13:40:41.857Z [Modules] Distribution: remote
2024-01-14T13:40:41.858Z [Modules] Host updates: enabled
2024-01-14T13:40:41.858Z [Modules] Module updates: enabled
2024-01-14T13:40:41.860Z [Modules] Module install path: /home/daro_ops/.config/discord/0.0.40/modules
2024-01-14T13:40:41.860Z [Modules] Module installed file path: /home/daro_ops/.config/discord/0.0.40/modules/installed.json
2024-01-14T13:40:41.861Z [Modules] Module download path: /home/daro_ops/.config/discord/0.0.40/modules/pending
2024-01-14T13:40:42.167Z [Modules] No updates to install
2024-01-14T13:40:42.169Z [Modules] Checking for host updates.
2024-01-14T13:40:43.129Z [Modules] Host is up to date.
2024-01-14T13:40:43.131Z [Modules] Checking for module updates at https://discord.com/api/modules/stable/versions.json
2024-01-14T13:40:43.263Z [Modules] No module updates available.
2024-01-14T13:40:49.543Z [Modules] Checking for host updates.
2024-01-14T13:40:49.658Z [Modules] Host is up to date.
2024-01-14T13:40:49.658Z [Modules] Checking for module updates at https://discord.com/api/modules/stable/versions.json
2024-01-14T13:40:49.660Z [Modules] No module updates available.
2024-01-14T14:33:11.337Z [Modules] Modules initializing
2024-01-14T14:33:11.337Z [Modules] Distribution: remote
2024-01-14T14:33:11.338Z [Modules] Host updates: enabled
2024-01-14T14:33:11.338Z [Modules] Module updates: enabled
2024-01-14T14:33:11.338Z [Modules] Module install path: /home/daro_ops/.config/discord/0.0.40/modules
2024-01-14T14:33:11.338Z [Modules] Module installed file path: /home/daro_ops/.config/discord/0.0.40/modules/installed.json
2024-01-14T14:33:11.338Z [Modules] Module download path: /home/daro_ops/.config/discord/0.0.40/modules/pending
2024-01-14T14:33:11.506Z [Modules] No updates to install
2024-01-14T14:33:11.507Z [Modules] Checking for host updates.
2024-01-14T14:33:11.820Z [Modules] Host is up to date.
2024-01-14T14:33:11.821Z [Modules] Checking for module updates at https://discord.com/api/modules/stable/versions.json
2024-01-14T14:33:11.993Z [Modules] No module updates available.
2024-01-14T14:33:14.578Z [Modules] Checking for host updates.
2024-01-14T14:33:14.708Z [Modules] Host is up to date.
2024-01-14T14:33:14.708Z [Modules] Checking for module updates at https://discord.com/api/modules/stable/versions.json
2024-01-14T14:33:14.713Z [Modules] No module updates available.
2024-01-14T21:04:42.822Z [Modules] Modules initializing
2024-01-14T21:04:42.822Z [Modules] Distribution: remote
2024-01-14T21:04:42.822Z [Modules] Host updates: enabled
2024-01-14T21:04:42.822Z [Modules] Module updates: enabled
2024-01-14T21:04:42.823Z [Modules] Module install path: /home/daro_ops/.config/discord/0.0.40/modules
2024-01-14T21:04:42.823Z [Modules] Module installed file path: /home/daro_ops/.config/discord/0.0.40/modules/installed.json
2024-01-14T21:04:42.823Z [Modules] Module download path: /home/daro_ops/.config/discord/0.0.40/modules/pending
2024-01-14T21:04:42.982Z [Modules] No updates to install
2024-01-14T21:04:42.983Z [Modules] Checking for host updates.
2024-01-14T21:04:43.296Z [Modules] Host is up to date.
2024-01-14T21:04:43.297Z [Modules] Checking for module updates at https://discord.com/api/modules/stable/versions.json
2024-01-14T21:04:43.393Z [Modules] No module updates available.
2024-01-14T21:04:45.932Z [Modules] Checking for host updates.
2024-01-14T21:04:46.055Z [Modules] Host is up to date.
2024-01-14T21:04:46.055Z [Modules] Checking for module updates at https://discord.com/api/modules/stable/versions.json
2024-01-14T21:04:46.058Z [Modules] No module updates available.
2024-01-14T21:15:52.997Z [Modules] Modules initializing
2024-01-14T21:15:52.997Z [Modules] Distribution: remote
2024-01-14T21:15:52.998Z [Modules] Host updates: enabled
2024-01-14T21:15:52.998Z [Modules] Module updates: enabled
2024-01-14T21:15:52.998Z [Modules] Module install path: /home/daro_ops/.config/discord/0.0.40/modules
2024-01-14T21:15:52.998Z [Modules] Module installed file path: /home/daro_ops/.config/discord/0.0.40/modules/installed.json
2024-01-14T21:15:52.998Z [Modules] Module download path: /home/daro_ops/.config/discord/0.0.40/modules/pending
2024-01-14T21:15:53.181Z [Modules] No updates to install
2024-01-14T21:15:53.182Z [Modules] Checking for host updates.
2024-01-14T21:15:53.490Z [Modules] Host is up to date.
2024-01-14T21:15:53.491Z [Modules] Checking for module updates at https://discord.com/api/modules/stable/versions.json
2024-01-14T21:15:53.580Z [Modules] No module updates available.
2024-01-14T21:15:56.119Z [Modules] Checking for host updates.
2024-01-14T21:15:56.246Z [Modules] Host is up to date.
2024-01-14T21:15:56.246Z [Modules] Checking for module updates at https://discord.com/api/modules/stable/versions.json
2024-01-14T21:15:56.252Z [Modules] No module updates available.
2024-01-14T22:15:56.124Z [Modules] Checking for host updates.
2024-01-14T22:15:56.363Z [Modules] Host is up to date.
2024-01-14T22:15:56.363Z [Modules] Checking for module updates at https://discord.com/api/modules/stable/versions.json
2024-01-14T22:15:56.449Z [Modules] No module updates available.
2024-01-14T23:15:56.124Z [Modules] Checking for host updates.
2024-01-14T23:15:56.334Z [Modules] Host is up to date.
2024-01-14T23:15:56.334Z [Modules] Checking for module updates at https://discord.com/api/modules/stable/versions.json
2024-01-14T23:15:56.410Z [Modules] No module updates available.
2024-01-15T00:15:56.124Z [Modules] Checking for host updates.
2024-01-15T00:15:56.285Z [Modules] Host is up to date.
2024-01-15T00:15:56.285Z [Modules] Checking for module updates at https://discord.com/api/modules/stable/versions.json
2024-01-15T00:15:56.374Z [Modules] No module updates available.
2024-01-15T01:15:56.120Z [Modules] Checking for host updates.
2024-01-15T01:15:56.292Z [Modules] Host is up to date.
2024-01-15T01:15:56.292Z [Modules] Checking for module updates at https://discord.com/api/modules/stable/versions.json
2024-01-15T01:15:56.394Z [Modules] No module updates available.
2024-01-15T02:15:56.121Z [Modules] Checking for host updates.
2024-01-15T02:15:56.302Z [Modules] Host is up to date.
2024-01-15T02:15:56.302Z [Modules] Checking for module updates at https://discord.com/api/modules/stable/versions.json
2024-01-15T02:15:56.388Z [Modules] No module updates available.
