2024-05-21 07:38:01.347 [info] Extension host with pid 2296832 started
2024-05-21 07:38:01.347 [info] [resolveAuthority(ssh-remote,1)][1ms] activating remote resolvers ssh-remote+172.16.101.146
2024-05-21 07:38:01.347 [info] [resolveAuthority(ssh-remote,1)][1ms] activating resolver for ssh-remote+172.16.101.146...
2024-05-21 07:38:01.357 [info] ExtensionService#_doActivateExtension ms-vscode-remote.remote-ssh, startup: false, activationEvent: 'onResolveRemoteAuthority:ssh-remote'
2024-05-21 07:38:01.408 [info] [resolveAuthority(ssh-remote,1)][64ms] invoking final resolve()...
2024-05-21 07:38:02.409 [info] [resolveAuthority(ssh-remote,1)][1065ms] waiting...
2024-05-21 07:38:03.409 [info] [resolveAuthority(ssh-remote,1)][2065ms] waiting...
2024-05-21 07:38:04.408 [info] [resolveAuthority(ssh-remote,1)][3064ms] waiting...
2024-05-21 07:38:05.410 [info] [resolveAuthority(ssh-remote,1)][4066ms] waiting...
2024-05-21 07:38:06.410 [info] [resolveAuthority(ssh-remote,1)][5066ms] waiting...
2024-05-21 07:38:07.411 [info] [resolveAuthority(ssh-remote,1)][6066ms] waiting...
2024-05-21 07:38:08.410 [info] [resolveAuthority(ssh-remote,1)][7066ms] waiting...
2024-05-21 07:38:09.411 [info] [resolveAuthority(ssh-remote,1)][8067ms] waiting...
2024-05-21 07:38:10.412 [info] [resolveAuthority(ssh-remote,1)][9068ms] waiting...
2024-05-21 07:38:11.412 [info] [resolveAuthority(ssh-remote,1)][10068ms] waiting...
2024-05-21 07:38:11.783 [info] [resolveAuthority(ssh-remote,1)][10439ms] setting tunnel factory...
2024-05-21 07:38:11.783 [info] [resolveAuthority(ssh-remote,1)][10439ms] returned managed authority
2024-05-21 07:38:12.574 [info] ExtensionService#_doActivateExtension dlasagno.wal-theme, startup: true, activationEvent: '*'
2024-05-21 07:38:12.740 [info] Eager extensions activated
2024-05-21 07:38:49.701 [info] Extension host terminating: renderer closed the MessagePort
2024-05-21 07:38:49.721 [error] Canceled: Canceled
	at new O (/opt/visual-studio-code/resources/app/out/vs/workbench/api/node/extensionHostProcess.js:143:47131)
	at c.U (/opt/visual-studio-code/resources/app/out/vs/workbench/api/node/extensionHostProcess.js:150:5542)
	at F.<computed>.z.charCodeAt.F.<computed> (/opt/visual-studio-code/resources/app/out/vs/workbench/api/node/extensionHostProcess.js:150:2993)
	at r.g (/opt/visual-studio-code/resources/app/out/vs/workbench/api/node/extensionHostProcess.js:153:188926)
	at r.executeCommand (/opt/visual-studio-code/resources/app/out/vs/workbench/api/node/extensionHostProcess.js:153:188364)
	at k.registerCommand.description (/opt/visual-studio-code/resources/app/out/vs/workbench/api/node/extensionHostProcess.js:153:187688)
	at r.h (/opt/visual-studio-code/resources/app/out/vs/workbench/api/node/extensionHostProcess.js:153:189465)
	at r.g (/opt/visual-studio-code/resources/app/out/vs/workbench/api/node/extensionHostProcess.js:153:188457)
	at r.executeCommand (/opt/visual-studio-code/resources/app/out/vs/workbench/api/node/extensionHostProcess.js:153:188364)
	at Object.executeCommand (/opt/visual-studio-code/resources/app/out/vs/workbench/api/node/extensionHostProcess.js:163:22673)
	at t.shutdown (/home/daro_ops/.vscode/extensions/ms-vscode-remote.remote-ssh-0.110.1/out/extension.js:2:582708)
	at e.deactivate (/home/daro_ops/.vscode/extensions/ms-vscode-remote.remote-ssh-0.110.1/out/extension.js:2:849844)
	at f.eb (/opt/visual-studio-code/resources/app/out/vs/workbench/api/node/extensionHostProcess.js:159:9780)
	at /opt/visual-studio-code/resources/app/out/vs/workbench/api/node/extensionHostProcess.js:159:7824
	at Array.map (<anonymous>)
	at f.$ (/opt/visual-studio-code/resources/app/out/vs/workbench/api/node/extensionHostProcess.js:159:7811)
	at f.terminate (/opt/visual-studio-code/resources/app/out/vs/workbench/api/node/extensionHostProcess.js:159:8085)
	at a.terminate (/opt/visual-studio-code/resources/app/out/vs/workbench/api/node/extensionHostProcess.js:163:1513)
	at t (/opt/visual-studio-code/resources/app/out/vs/workbench/api/node/extensionHostProcess.js:176:9922)
	at MessagePortMain.<anonymous> (/opt/visual-studio-code/resources/app/out/vs/workbench/api/node/extensionHostProcess.js:176:6347)
	at MessagePortMain.emit (node:events:517:28)
	at MessagePortMain._internalPort.emit (node:electron/js2c/utility_init:2:2285) setContext undefined
2024-05-21 07:38:49.721 [info] Extension host with pid 2296832 exiting with code 0
2024-05-21 07:38:51.689 [info] Extension host with pid 2300210 started
2024-05-21 07:38:51.689 [info] Skipping acquiring lock for /home/daro_ops/.config/Code/User/workspaceStorage/143073137e19e8e54042212b6a275e88.
2024-05-21 07:38:51.689 [info] $getCanonicalURI invoked for authority (ssh-remote)
2024-05-21 07:38:51.696 [info] ExtensionService#_doActivateExtension ms-vscode-remote.remote-ssh, startup: false, activationEvent: 'onResolveRemoteAuthority:ssh-remote'
2024-05-21 07:38:51.756 [info] [resolveAuthority(ssh-remote,1)][0ms] activating remote resolvers ssh-remote+172.16.101.146
2024-05-21 07:38:51.756 [info] [resolveAuthority(ssh-remote,1)][0ms] activating resolver for ssh-remote+172.16.101.146...
2024-05-21 07:38:51.757 [info] [resolveAuthority(ssh-remote,1)][1ms] invoking final resolve()...
2024-05-21 07:38:51.939 [info] [resolveAuthority(ssh-remote,1)][183ms] setting tunnel factory...
2024-05-21 07:38:51.940 [info] [resolveAuthority(ssh-remote,1)][184ms] returned managed authority
2024-05-21 07:38:52.540 [info] ExtensionService#_doActivateExtension dlasagno.wal-theme, startup: true, activationEvent: '*'
2024-05-21 07:38:52.579 [info] ExtensionService#_doActivateExtension ms-vscode.remote-explorer, startup: false, activationEvent: 'onCommand:remote-internal.setActiveFolders'
2024-05-21 07:38:52.649 [info] Eager extensions activated
2024-05-21 07:38:54.761 [info] ExtensionService#_doActivateExtension vscode.github-authentication, startup: false, activationEvent: 'onAuthenticationRequest:github'
2024-05-21 07:41:04.971 [info] Extension host terminating: renderer closed the MessagePort
2024-05-21 07:41:04.995 [error] Canceled: Canceled
	at new O (/opt/visual-studio-code/resources/app/out/vs/workbench/api/node/extensionHostProcess.js:143:47131)
	at c.U (/opt/visual-studio-code/resources/app/out/vs/workbench/api/node/extensionHostProcess.js:150:5542)
	at F.<computed>.z.charCodeAt.F.<computed> (/opt/visual-studio-code/resources/app/out/vs/workbench/api/node/extensionHostProcess.js:150:2993)
	at r.g (/opt/visual-studio-code/resources/app/out/vs/workbench/api/node/extensionHostProcess.js:153:188926)
	at r.executeCommand (/opt/visual-studio-code/resources/app/out/vs/workbench/api/node/extensionHostProcess.js:153:188364)
	at k.registerCommand.description (/opt/visual-studio-code/resources/app/out/vs/workbench/api/node/extensionHostProcess.js:153:187688)
	at r.h (/opt/visual-studio-code/resources/app/out/vs/workbench/api/node/extensionHostProcess.js:153:189465)
	at r.g (/opt/visual-studio-code/resources/app/out/vs/workbench/api/node/extensionHostProcess.js:153:188457)
	at r.executeCommand (/opt/visual-studio-code/resources/app/out/vs/workbench/api/node/extensionHostProcess.js:153:188364)
	at Object.executeCommand (/opt/visual-studio-code/resources/app/out/vs/workbench/api/node/extensionHostProcess.js:163:22673)
	at t.shutdown (/home/daro_ops/.vscode/extensions/ms-vscode-remote.remote-ssh-0.110.1/out/extension.js:2:582708)
	at e.deactivate (/home/daro_ops/.vscode/extensions/ms-vscode-remote.remote-ssh-0.110.1/out/extension.js:2:849844)
	at f.eb (/opt/visual-studio-code/resources/app/out/vs/workbench/api/node/extensionHostProcess.js:159:9780)
	at /opt/visual-studio-code/resources/app/out/vs/workbench/api/node/extensionHostProcess.js:159:7824
	at Array.map (<anonymous>)
	at f.$ (/opt/visual-studio-code/resources/app/out/vs/workbench/api/node/extensionHostProcess.js:159:7811)
	at f.terminate (/opt/visual-studio-code/resources/app/out/vs/workbench/api/node/extensionHostProcess.js:159:8085)
	at a.terminate (/opt/visual-studio-code/resources/app/out/vs/workbench/api/node/extensionHostProcess.js:163:1513)
	at t (/opt/visual-studio-code/resources/app/out/vs/workbench/api/node/extensionHostProcess.js:176:9922)
	at MessagePortMain.<anonymous> (/opt/visual-studio-code/resources/app/out/vs/workbench/api/node/extensionHostProcess.js:176:6347)
	at MessagePortMain.emit (node:events:517:28)
	at MessagePortMain._internalPort.emit (node:electron/js2c/utility_init:2:2285) setContext undefined
2024-05-21 07:41:04.996 [info] Extension host with pid 2300210 exiting with code 0
2024-05-21 07:41:07.453 [info] Extension host with pid 2309286 started
2024-05-21 07:41:07.623 [info] ExtensionService#_doActivateExtension vscode.git-base, startup: true, activationEvent: '*', root cause: vscode.git
2024-05-21 07:41:07.631 [info] ExtensionService#_doActivateExtension dlasagno.wal-theme, startup: true, activationEvent: '*'
2024-05-21 07:41:07.679 [info] ExtensionService#_doActivateExtension mhutchie.git-graph, startup: true, activationEvent: '*'
2024-05-21 07:41:07.792 [info] ExtensionService#_doActivateExtension vscode.git, startup: true, activationEvent: '*'
2024-05-21 07:41:07.825 [info] ExtensionService#_doActivateExtension vscode.github, startup: true, activationEvent: '*'
2024-05-21 07:41:07.990 [info] Eager extensions activated
2024-05-21 07:41:08.018 [info] ExtensionService#_doActivateExtension vscode.debug-auto-launch, startup: false, activationEvent: 'onStartupFinished'
2024-05-21 07:41:08.021 [info] ExtensionService#_doActivateExtension vscode.merge-conflict, startup: false, activationEvent: 'onStartupFinished'
2024-05-21 07:41:08.033 [info] ExtensionService#_doActivateExtension dbaeumer.vscode-eslint, startup: false, activationEvent: 'onStartupFinished'
2024-05-21 07:41:08.052 [info] ExtensionService#_doActivateExtension naumovs.color-highlight, startup: false, activationEvent: 'onStartupFinished'
2024-05-21 07:41:08.058 [info] ExtensionService#_doActivateExtension ritwickdey.LiveServer, startup: false, activationEvent: 'onStartupFinished'
2024-05-21 07:49:50.546 [info] Extension host terminating: renderer closed the MessagePort
2024-05-21 07:49:50.582 [info] Extension host with pid 2309286 exiting with code 0
