2024-05-19 16:09:35.888 [info] Extension host with pid 2176945 started
2024-05-19 16:09:35.888 [info] Skipping acquiring lock for /home/daro_ops/.config/Code/User/workspaceStorage/49aa77dd964038eaf68a0d552f98442c.
2024-05-19 16:09:36.459 [info] ExtensionService#_doActivateExtension vscode.git-base, startup: false, activationEvent: 'onFileSystem:git', root cause: vscode.git
2024-05-19 16:09:36.567 [info] ExtensionService#_doActivateExtension vscode.emmet, startup: false, activationEvent: 'onLanguage'
2024-05-19 16:09:36.886 [info] ExtensionService#_doActivateExtension vscode.typescript-language-features, startup: false, activationEvent: 'onLanguage:javascript'
2024-05-19 16:09:37.701 [info] ExtensionService#_doActivateExtension dlasagno.wal-theme, startup: true, activationEvent: '*'
2024-05-19 16:09:38.501 [info] ExtensionService#_doActivateExtension mhutchie.git-graph, startup: true, activationEvent: '*'
2024-05-19 16:09:38.639 [info] ExtensionService#_doActivateExtension vscode.npm, startup: true, activationEvent: 'workspaceContains:package.json'
2024-05-19 16:09:38.653 [info] ExtensionService#_doActivateExtension vscode.git, startup: false, activationEvent: 'onFileSystem:git'
2024-05-19 16:09:38.791 [info] ExtensionService#_doActivateExtension vscode.github, startup: true, activationEvent: '*'
2024-05-19 16:09:39.058 [info] Eager extensions activated
2024-05-19 16:09:39.183 [info] ExtensionService#_doActivateExtension vscode.debug-auto-launch, startup: false, activationEvent: 'onStartupFinished'
2024-05-19 16:09:39.472 [info] ExtensionService#_doActivateExtension vscode.merge-conflict, startup: false, activationEvent: 'onStartupFinished'
2024-05-19 16:09:39.635 [info] ExtensionService#_doActivateExtension dbaeumer.vscode-eslint, startup: false, activationEvent: 'onStartupFinished'
2024-05-19 16:09:39.830 [info] ExtensionService#_doActivateExtension naumovs.color-highlight, startup: false, activationEvent: 'onStartupFinished'
2024-05-19 16:09:39.875 [info] ExtensionService#_doActivateExtension ritwickdey.LiveServer, startup: false, activationEvent: 'onStartupFinished'
2024-05-19 16:09:40.504 [info] ExtensionService#_doActivateExtension vscode.github-authentication, startup: false, activationEvent: 'onAuthenticationRequest:github'
2024-05-19 16:55:00.995 [info] ExtensionService#_doActivateExtension vscode.html-language-features, startup: false, activationEvent: 'onLanguage:html'
2024-05-19 16:57:04.177 [info] ExtensionService#_doActivateExtension vscode.css-language-features, startup: false, activationEvent: 'onLanguage:css'
2024-05-19 17:06:20.070 [warning] Illegal argument: TextEditor(vs.editor.ICodeEditor:3,$model39)
2024-05-19 18:32:35.735 [info] ExtensionService#_doActivateExtension vscode.json-language-features, startup: false, activationEvent: 'onLanguage:jsonc'
2024-05-19 19:26:25.825 [warning] Illegal argument: TextEditor(vs.editor.ICodeEditor:3,$model98)
2024-05-19 19:26:25.837 [warning] Illegal argument: TextEditor(vs.editor.ICodeEditor:3,$model98)
2024-05-19 19:26:25.838 [warning] Illegal argument: TextEditor(vs.editor.ICodeEditor:3,$model98)
2024-05-19 19:26:25.838 [warning] Illegal argument: TextEditor(vs.editor.ICodeEditor:3,$model98)
2024-05-19 19:26:25.839 [warning] Illegal argument: TextEditor(vs.editor.ICodeEditor:3,$model98)
2024-05-19 19:26:27.223 [warning] Illegal argument: TextEditor(vs.editor.ICodeEditor:3,$model98)
2024-05-19 19:26:27.225 [warning] Illegal argument: TextEditor(vs.editor.ICodeEditor:3,$model98)
2024-05-19 19:26:27.235 [warning] Illegal argument: TextEditor(vs.editor.ICodeEditor:3,$model98)
2024-05-19 19:26:27.236 [warning] Illegal argument: TextEditor(vs.editor.ICodeEditor:3,$model98)
2024-05-19 19:26:27.237 [warning] Illegal argument: TextEditor(vs.editor.ICodeEditor:3,$model98)
2024-05-19 21:33:27.826 [error] [vscode.typescript-language-features] provider FAILED
2024-05-19 21:33:27.826 [error] Error: <semantic> TypeScript Server Error (5.4.5)
No Project.
Error: No Project.
    at Object.ThrowNoProject (/opt/visual-studio-code/resources/app/extensions/node_modules/typescript/lib/tsserver.js:177487:11)
    at ScriptInfo.getDefaultProject (/opt/visual-studio-code/resources/app/extensions/node_modules/typescript/lib/tsserver.js:178240:23)
    at _ProjectService.doEnsureDefaultProjectForFile (/opt/visual-studio-code/resources/app/extensions/node_modules/typescript/lib/tsserver.js:181597:36)
    at _ProjectService.ensureDefaultProjectForFile (/opt/visual-studio-code/resources/app/extensions/node_modules/typescript/lib/tsserver.js:181592:75)
    at IpcIOSession.getFileAndProjectWorker (/opt/visual-studio-code/resources/app/extensions/node_modules/typescript/lib/tsserver.js:186627:77)
    at IpcIOSession.getFileAndProject (/opt/visual-studio-code/resources/app/extensions/node_modules/typescript/lib/tsserver.js:186613:17)
    at IpcIOSession.getApplicableRefactors (/opt/visual-studio-code/resources/app/extensions/node_modules/typescript/lib/tsserver.js:187176:36)
    at getApplicableRefactors (/opt/visual-studio-code/resources/app/extensions/node_modules/typescript/lib/tsserver.js:185405:43)
    at /opt/visual-studio-code/resources/app/extensions/node_modules/typescript/lib/tsserver.js:187569:69
    at IpcIOSession.executeWithRequestId (/opt/visual-studio-code/resources/app/extensions/node_modules/typescript/lib/tsserver.js:187561:14)
    at IpcIOSession.executeCommand (/opt/visual-studio-code/resources/app/extensions/node_modules/typescript/lib/tsserver.js:187569:29)
    at IpcIOSession.onMessage (/opt/visual-studio-code/resources/app/extensions/node_modules/typescript/lib/tsserver.js:187611:51)
    at process.<anonymous> (/opt/visual-studio-code/resources/app/extensions/node_modules/typescript/lib/tsserver.js:189220:14)
    at process.emit (node:events:517:28)
    at emit (node:internal/child_process:944:14)
    at process.processTicksAndRejections (node:internal/process/task_queues:83:21)
	at n.create (/opt/visual-studio-code/resources/app/extensions/typescript-language-features/dist/extension.js:1:469462)
	at v.dispatchResponse (/opt/visual-studio-code/resources/app/extensions/typescript-language-features/dist/extension.js:1:463432)
	at v.dispatchMessage (/opt/visual-studio-code/resources/app/extensions/typescript-language-features/dist/extension.js:1:462276)
	at ChildProcess.<anonymous> (/opt/visual-studio-code/resources/app/extensions/typescript-language-features/dist/extension.js:1:461769)
	at ChildProcess.emit (node:events:517:28)
	at emit (node:internal/child_process:944:14)
	at process.processTicksAndRejections (node:internal/process/task_queues:83:21)
2024-05-19 21:33:28.097 [error] [vscode.typescript-language-features] provider FAILED
2024-05-19 21:33:28.097 [error] Error: <semantic> TypeScript Server Error (5.4.5)
No Project.
Error: No Project.
    at Object.ThrowNoProject (/opt/visual-studio-code/resources/app/extensions/node_modules/typescript/lib/tsserver.js:177487:11)
    at ScriptInfo.getDefaultProject (/opt/visual-studio-code/resources/app/extensions/node_modules/typescript/lib/tsserver.js:178240:23)
    at _ProjectService.doEnsureDefaultProjectForFile (/opt/visual-studio-code/resources/app/extensions/node_modules/typescript/lib/tsserver.js:181597:36)
    at _ProjectService.ensureDefaultProjectForFile (/opt/visual-studio-code/resources/app/extensions/node_modules/typescript/lib/tsserver.js:181592:75)
    at IpcIOSession.getFileAndProjectWorker (/opt/visual-studio-code/resources/app/extensions/node_modules/typescript/lib/tsserver.js:186627:77)
    at IpcIOSession.getFileAndProject (/opt/visual-studio-code/resources/app/extensions/node_modules/typescript/lib/tsserver.js:186613:17)
    at IpcIOSession.getApplicableRefactors (/opt/visual-studio-code/resources/app/extensions/node_modules/typescript/lib/tsserver.js:187176:36)
    at getApplicableRefactors (/opt/visual-studio-code/resources/app/extensions/node_modules/typescript/lib/tsserver.js:185405:43)
    at /opt/visual-studio-code/resources/app/extensions/node_modules/typescript/lib/tsserver.js:187569:69
    at IpcIOSession.executeWithRequestId (/opt/visual-studio-code/resources/app/extensions/node_modules/typescript/lib/tsserver.js:187561:14)
    at IpcIOSession.executeCommand (/opt/visual-studio-code/resources/app/extensions/node_modules/typescript/lib/tsserver.js:187569:29)
    at IpcIOSession.onMessage (/opt/visual-studio-code/resources/app/extensions/node_modules/typescript/lib/tsserver.js:187611:51)
    at process.<anonymous> (/opt/visual-studio-code/resources/app/extensions/node_modules/typescript/lib/tsserver.js:189220:14)
    at process.emit (node:events:517:28)
    at emit (node:internal/child_process:944:14)
    at process.processTicksAndRejections (node:internal/process/task_queues:83:21)
	at n.create (/opt/visual-studio-code/resources/app/extensions/typescript-language-features/dist/extension.js:1:469462)
	at v.dispatchResponse (/opt/visual-studio-code/resources/app/extensions/typescript-language-features/dist/extension.js:1:463432)
	at v.dispatchMessage (/opt/visual-studio-code/resources/app/extensions/typescript-language-features/dist/extension.js:1:462276)
	at ChildProcess.<anonymous> (/opt/visual-studio-code/resources/app/extensions/typescript-language-features/dist/extension.js:1:461769)
	at ChildProcess.emit (node:events:517:28)
	at emit (node:internal/child_process:944:14)
	at process.processTicksAndRejections (node:internal/process/task_queues:83:21)
2024-05-19 21:33:28.733 [error] [vscode.typescript-language-features] provider FAILED
2024-05-19 21:33:28.733 [error] Error: <semantic> TypeScript Server Error (5.4.5)
No Project.
Error: No Project.
    at Object.ThrowNoProject (/opt/visual-studio-code/resources/app/extensions/node_modules/typescript/lib/tsserver.js:177487:11)
    at ScriptInfo.getDefaultProject (/opt/visual-studio-code/resources/app/extensions/node_modules/typescript/lib/tsserver.js:178240:23)
    at _ProjectService.doEnsureDefaultProjectForFile (/opt/visual-studio-code/resources/app/extensions/node_modules/typescript/lib/tsserver.js:181597:36)
    at _ProjectService.ensureDefaultProjectForFile (/opt/visual-studio-code/resources/app/extensions/node_modules/typescript/lib/tsserver.js:181592:75)
    at IpcIOSession.getFileAndProjectWorker (/opt/visual-studio-code/resources/app/extensions/node_modules/typescript/lib/tsserver.js:186627:77)
    at IpcIOSession.getFileAndProject (/opt/visual-studio-code/resources/app/extensions/node_modules/typescript/lib/tsserver.js:186613:17)
    at IpcIOSession.getApplicableRefactors (/opt/visual-studio-code/resources/app/extensions/node_modules/typescript/lib/tsserver.js:187176:36)
    at getApplicableRefactors (/opt/visual-studio-code/resources/app/extensions/node_modules/typescript/lib/tsserver.js:185405:43)
    at /opt/visual-studio-code/resources/app/extensions/node_modules/typescript/lib/tsserver.js:187569:69
    at IpcIOSession.executeWithRequestId (/opt/visual-studio-code/resources/app/extensions/node_modules/typescript/lib/tsserver.js:187561:14)
    at IpcIOSession.executeCommand (/opt/visual-studio-code/resources/app/extensions/node_modules/typescript/lib/tsserver.js:187569:29)
    at IpcIOSession.onMessage (/opt/visual-studio-code/resources/app/extensions/node_modules/typescript/lib/tsserver.js:187611:51)
    at process.<anonymous> (/opt/visual-studio-code/resources/app/extensions/node_modules/typescript/lib/tsserver.js:189220:14)
    at process.emit (node:events:517:28)
    at emit (node:internal/child_process:944:14)
    at process.processTicksAndRejections (node:internal/process/task_queues:83:21)
	at n.create (/opt/visual-studio-code/resources/app/extensions/typescript-language-features/dist/extension.js:1:469462)
	at v.dispatchResponse (/opt/visual-studio-code/resources/app/extensions/typescript-language-features/dist/extension.js:1:463432)
	at v.dispatchMessage (/opt/visual-studio-code/resources/app/extensions/typescript-language-features/dist/extension.js:1:462276)
	at ChildProcess.<anonymous> (/opt/visual-studio-code/resources/app/extensions/typescript-language-features/dist/extension.js:1:461769)
	at ChildProcess.emit (node:events:517:28)
	at emit (node:internal/child_process:944:14)
	at process.processTicksAndRejections (node:internal/process/task_queues:83:21)
2024-05-19 21:33:28.827 [error] Error: <semantic> TypeScript Server Error (5.4.5)
No Project.
Error: No Project.
    at Object.ThrowNoProject (/opt/visual-studio-code/resources/app/extensions/node_modules/typescript/lib/tsserver.js:177487:11)
    at ScriptInfo.getDefaultProject (/opt/visual-studio-code/resources/app/extensions/node_modules/typescript/lib/tsserver.js:178240:23)
    at _ProjectService.doEnsureDefaultProjectForFile (/opt/visual-studio-code/resources/app/extensions/node_modules/typescript/lib/tsserver.js:181597:36)
    at _ProjectService.ensureDefaultProjectForFile (/opt/visual-studio-code/resources/app/extensions/node_modules/typescript/lib/tsserver.js:181592:75)
    at IpcIOSession.getFileAndProjectWorker (/opt/visual-studio-code/resources/app/extensions/node_modules/typescript/lib/tsserver.js:186627:77)
    at IpcIOSession.getProjectInfoWorker (/opt/visual-studio-code/resources/app/extensions/node_modules/typescript/lib/tsserver.js:186427:30)
    at IpcIOSession.getProjectInfo (/opt/visual-studio-code/resources/app/extensions/node_modules/typescript/lib/tsserver.js:186418:17)
    at projectInfo (/opt/visual-studio-code/resources/app/extensions/node_modules/typescript/lib/tsserver.js:185358:43)
    at /opt/visual-studio-code/resources/app/extensions/node_modules/typescript/lib/tsserver.js:187569:69
    at IpcIOSession.executeWithRequestId (/opt/visual-studio-code/resources/app/extensions/node_modules/typescript/lib/tsserver.js:187561:14)
    at IpcIOSession.executeCommand (/opt/visual-studio-code/resources/app/extensions/node_modules/typescript/lib/tsserver.js:187569:29)
    at IpcIOSession.onMessage (/opt/visual-studio-code/resources/app/extensions/node_modules/typescript/lib/tsserver.js:187611:51)
    at process.<anonymous> (/opt/visual-studio-code/resources/app/extensions/node_modules/typescript/lib/tsserver.js:189220:14)
    at process.emit (node:events:517:28)
    at emit (node:internal/child_process:944:14)
    at process.processTicksAndRejections (node:internal/process/task_queues:83:21)
	at n.create (/opt/visual-studio-code/resources/app/extensions/typescript-language-features/dist/extension.js:1:469462)
	at v.dispatchResponse (/opt/visual-studio-code/resources/app/extensions/typescript-language-features/dist/extension.js:1:463432)
	at v.dispatchMessage (/opt/visual-studio-code/resources/app/extensions/typescript-language-features/dist/extension.js:1:462276)
	at ChildProcess.<anonymous> (/opt/visual-studio-code/resources/app/extensions/typescript-language-features/dist/extension.js:1:461769)
	at ChildProcess.emit (node:events:517:28)
	at emit (node:internal/child_process:944:14)
	at process.processTicksAndRejections (node:internal/process/task_queues:83:21)
2024-05-19 21:33:28.983 [error] [vscode.typescript-language-features] provider FAILED
2024-05-19 21:33:28.983 [error] Error: <semantic> TypeScript Server Error (5.4.5)
No Project.
Error: No Project.
    at Object.ThrowNoProject (/opt/visual-studio-code/resources/app/extensions/node_modules/typescript/lib/tsserver.js:177487:11)
    at ScriptInfo.getDefaultProject (/opt/visual-studio-code/resources/app/extensions/node_modules/typescript/lib/tsserver.js:178240:23)
    at _ProjectService.doEnsureDefaultProjectForFile (/opt/visual-studio-code/resources/app/extensions/node_modules/typescript/lib/tsserver.js:181597:36)
    at _ProjectService.ensureDefaultProjectForFile (/opt/visual-studio-code/resources/app/extensions/node_modules/typescript/lib/tsserver.js:181592:75)
    at IpcIOSession.getFileAndProjectWorker (/opt/visual-studio-code/resources/app/extensions/node_modules/typescript/lib/tsserver.js:186627:77)
    at IpcIOSession.getFileAndProject (/opt/visual-studio-code/resources/app/extensions/node_modules/typescript/lib/tsserver.js:186613:17)
    at IpcIOSession.getApplicableRefactors (/opt/visual-studio-code/resources/app/extensions/node_modules/typescript/lib/tsserver.js:187176:36)
    at getApplicableRefactors (/opt/visual-studio-code/resources/app/extensions/node_modules/typescript/lib/tsserver.js:185405:43)
    at /opt/visual-studio-code/resources/app/extensions/node_modules/typescript/lib/tsserver.js:187569:69
    at IpcIOSession.executeWithRequestId (/opt/visual-studio-code/resources/app/extensions/node_modules/typescript/lib/tsserver.js:187561:14)
    at IpcIOSession.executeCommand (/opt/visual-studio-code/resources/app/extensions/node_modules/typescript/lib/tsserver.js:187569:29)
    at IpcIOSession.onMessage (/opt/visual-studio-code/resources/app/extensions/node_modules/typescript/lib/tsserver.js:187611:51)
    at process.<anonymous> (/opt/visual-studio-code/resources/app/extensions/node_modules/typescript/lib/tsserver.js:189220:14)
    at process.emit (node:events:517:28)
    at emit (node:internal/child_process:944:14)
    at process.processTicksAndRejections (node:internal/process/task_queues:83:21)
	at n.create (/opt/visual-studio-code/resources/app/extensions/typescript-language-features/dist/extension.js:1:469462)
	at v.dispatchResponse (/opt/visual-studio-code/resources/app/extensions/typescript-language-features/dist/extension.js:1:463432)
	at v.dispatchMessage (/opt/visual-studio-code/resources/app/extensions/typescript-language-features/dist/extension.js:1:462276)
	at ChildProcess.<anonymous> (/opt/visual-studio-code/resources/app/extensions/typescript-language-features/dist/extension.js:1:461769)
	at ChildProcess.emit (node:events:517:28)
	at emit (node:internal/child_process:944:14)
	at process.processTicksAndRejections (node:internal/process/task_queues:83:21)
2024-05-19 21:33:29.732 [error] Error: <semantic> TypeScript Server Error (5.4.5)
No Project.
Error: No Project.
    at Object.ThrowNoProject (/opt/visual-studio-code/resources/app/extensions/node_modules/typescript/lib/tsserver.js:177487:11)
    at ScriptInfo.getDefaultProject (/opt/visual-studio-code/resources/app/extensions/node_modules/typescript/lib/tsserver.js:178240:23)
    at _ProjectService.doEnsureDefaultProjectForFile (/opt/visual-studio-code/resources/app/extensions/node_modules/typescript/lib/tsserver.js:181597:36)
    at _ProjectService.ensureDefaultProjectForFile (/opt/visual-studio-code/resources/app/extensions/node_modules/typescript/lib/tsserver.js:181592:75)
    at IpcIOSession.getFileAndProjectWorker (/opt/visual-studio-code/resources/app/extensions/node_modules/typescript/lib/tsserver.js:186627:77)
    at IpcIOSession.getProjectInfoWorker (/opt/visual-studio-code/resources/app/extensions/node_modules/typescript/lib/tsserver.js:186427:30)
    at IpcIOSession.getProjectInfo (/opt/visual-studio-code/resources/app/extensions/node_modules/typescript/lib/tsserver.js:186418:17)
    at projectInfo (/opt/visual-studio-code/resources/app/extensions/node_modules/typescript/lib/tsserver.js:185358:43)
    at /opt/visual-studio-code/resources/app/extensions/node_modules/typescript/lib/tsserver.js:187569:69
    at IpcIOSession.executeWithRequestId (/opt/visual-studio-code/resources/app/extensions/node_modules/typescript/lib/tsserver.js:187561:14)
    at IpcIOSession.executeCommand (/opt/visual-studio-code/resources/app/extensions/node_modules/typescript/lib/tsserver.js:187569:29)
    at IpcIOSession.onMessage (/opt/visual-studio-code/resources/app/extensions/node_modules/typescript/lib/tsserver.js:187611:51)
    at process.<anonymous> (/opt/visual-studio-code/resources/app/extensions/node_modules/typescript/lib/tsserver.js:189220:14)
    at process.emit (node:events:517:28)
    at emit (node:internal/child_process:944:14)
    at process.processTicksAndRejections (node:internal/process/task_queues:83:21)
	at n.create (/opt/visual-studio-code/resources/app/extensions/typescript-language-features/dist/extension.js:1:469462)
	at v.dispatchResponse (/opt/visual-studio-code/resources/app/extensions/typescript-language-features/dist/extension.js:1:463432)
	at v.dispatchMessage (/opt/visual-studio-code/resources/app/extensions/typescript-language-features/dist/extension.js:1:462276)
	at ChildProcess.<anonymous> (/opt/visual-studio-code/resources/app/extensions/typescript-language-features/dist/extension.js:1:461769)
	at ChildProcess.emit (node:events:517:28)
	at emit (node:internal/child_process:944:14)
	at process.processTicksAndRejections (node:internal/process/task_queues:83:21)
2024-05-19 21:34:23.778 [info] ExtensionService#_doActivateExtension vscode.extension-editing, startup: false, activationEvent: 'onLanguage:json'
2024-05-19 21:55:11.456 [error] [vscode.typescript-language-features] provider FAILED
2024-05-19 21:55:11.456 [error] Error: <semantic> TypeScript Server Error (5.4.5)
No Project.
Error: No Project.
    at Object.ThrowNoProject (/opt/visual-studio-code/resources/app/extensions/node_modules/typescript/lib/tsserver.js:177487:11)
    at ScriptInfo.getDefaultProject (/opt/visual-studio-code/resources/app/extensions/node_modules/typescript/lib/tsserver.js:178240:23)
    at _ProjectService.doEnsureDefaultProjectForFile (/opt/visual-studio-code/resources/app/extensions/node_modules/typescript/lib/tsserver.js:181597:36)
    at _ProjectService.ensureDefaultProjectForFile (/opt/visual-studio-code/resources/app/extensions/node_modules/typescript/lib/tsserver.js:181592:75)
    at IpcIOSession.getFileAndProjectWorker (/opt/visual-studio-code/resources/app/extensions/node_modules/typescript/lib/tsserver.js:186627:77)
    at IpcIOSession.getFileAndProject (/opt/visual-studio-code/resources/app/extensions/node_modules/typescript/lib/tsserver.js:186613:17)
    at IpcIOSession.getApplicableRefactors (/opt/visual-studio-code/resources/app/extensions/node_modules/typescript/lib/tsserver.js:187176:36)
    at getApplicableRefactors (/opt/visual-studio-code/resources/app/extensions/node_modules/typescript/lib/tsserver.js:185405:43)
    at /opt/visual-studio-code/resources/app/extensions/node_modules/typescript/lib/tsserver.js:187569:69
    at IpcIOSession.executeWithRequestId (/opt/visual-studio-code/resources/app/extensions/node_modules/typescript/lib/tsserver.js:187561:14)
    at IpcIOSession.executeCommand (/opt/visual-studio-code/resources/app/extensions/node_modules/typescript/lib/tsserver.js:187569:29)
    at IpcIOSession.onMessage (/opt/visual-studio-code/resources/app/extensions/node_modules/typescript/lib/tsserver.js:187611:51)
    at process.<anonymous> (/opt/visual-studio-code/resources/app/extensions/node_modules/typescript/lib/tsserver.js:189220:14)
    at process.emit (node:events:517:28)
    at emit (node:internal/child_process:944:14)
    at process.processTicksAndRejections (node:internal/process/task_queues:83:21)
	at n.create (/opt/visual-studio-code/resources/app/extensions/typescript-language-features/dist/extension.js:1:469462)
	at v.dispatchResponse (/opt/visual-studio-code/resources/app/extensions/typescript-language-features/dist/extension.js:1:463432)
	at v.dispatchMessage (/opt/visual-studio-code/resources/app/extensions/typescript-language-features/dist/extension.js:1:462276)
	at ChildProcess.<anonymous> (/opt/visual-studio-code/resources/app/extensions/typescript-language-features/dist/extension.js:1:461769)
	at ChildProcess.emit (node:events:517:28)
	at emit (node:internal/child_process:944:14)
	at process.processTicksAndRejections (node:internal/process/task_queues:83:21)
2024-05-19 21:55:11.517 [error] [vscode.typescript-language-features] provider FAILED
2024-05-19 21:55:11.517 [error] Error: <semantic> TypeScript Server Error (5.4.5)
No Project.
Error: No Project.
    at Object.ThrowNoProject (/opt/visual-studio-code/resources/app/extensions/node_modules/typescript/lib/tsserver.js:177487:11)
    at ScriptInfo.getDefaultProject (/opt/visual-studio-code/resources/app/extensions/node_modules/typescript/lib/tsserver.js:178240:23)
    at _ProjectService.doEnsureDefaultProjectForFile (/opt/visual-studio-code/resources/app/extensions/node_modules/typescript/lib/tsserver.js:181597:36)
    at _ProjectService.ensureDefaultProjectForFile (/opt/visual-studio-code/resources/app/extensions/node_modules/typescript/lib/tsserver.js:181592:75)
    at IpcIOSession.getFileAndProjectWorker (/opt/visual-studio-code/resources/app/extensions/node_modules/typescript/lib/tsserver.js:186627:77)
    at IpcIOSession.getFileAndProject (/opt/visual-studio-code/resources/app/extensions/node_modules/typescript/lib/tsserver.js:186613:17)
    at IpcIOSession.getDocumentHighlights (/opt/visual-studio-code/resources/app/extensions/node_modules/typescript/lib/tsserver.js:186368:36)
    at documentHighlights (/opt/visual-studio-code/resources/app/extensions/node_modules/typescript/lib/tsserver.js:185337:43)
    at /opt/visual-studio-code/resources/app/extensions/node_modules/typescript/lib/tsserver.js:187569:69
    at IpcIOSession.executeWithRequestId (/opt/visual-studio-code/resources/app/extensions/node_modules/typescript/lib/tsserver.js:187561:14)
    at IpcIOSession.executeCommand (/opt/visual-studio-code/resources/app/extensions/node_modules/typescript/lib/tsserver.js:187569:29)
    at IpcIOSession.onMessage (/opt/visual-studio-code/resources/app/extensions/node_modules/typescript/lib/tsserver.js:187611:51)
    at process.<anonymous> (/opt/visual-studio-code/resources/app/extensions/node_modules/typescript/lib/tsserver.js:189220:14)
    at process.emit (node:events:517:28)
    at emit (node:internal/child_process:944:14)
    at process.processTicksAndRejections (node:internal/process/task_queues:83:21)
	at n.create (/opt/visual-studio-code/resources/app/extensions/typescript-language-features/dist/extension.js:1:469462)
	at v.dispatchResponse (/opt/visual-studio-code/resources/app/extensions/typescript-language-features/dist/extension.js:1:463432)
	at v.dispatchMessage (/opt/visual-studio-code/resources/app/extensions/typescript-language-features/dist/extension.js:1:462276)
	at ChildProcess.<anonymous> (/opt/visual-studio-code/resources/app/extensions/typescript-language-features/dist/extension.js:1:461769)
	at ChildProcess.emit (node:events:517:28)
	at emit (node:internal/child_process:944:14)
	at process.processTicksAndRejections (node:internal/process/task_queues:83:21)
2024-05-19 21:55:11.709 [error] [vscode.typescript-language-features] provider FAILED
2024-05-19 21:55:11.709 [error] Error: <semantic> TypeScript Server Error (5.4.5)
No Project.
Error: No Project.
    at Object.ThrowNoProject (/opt/visual-studio-code/resources/app/extensions/node_modules/typescript/lib/tsserver.js:177487:11)
    at ScriptInfo.getDefaultProject (/opt/visual-studio-code/resources/app/extensions/node_modules/typescript/lib/tsserver.js:178240:23)
    at _ProjectService.doEnsureDefaultProjectForFile (/opt/visual-studio-code/resources/app/extensions/node_modules/typescript/lib/tsserver.js:181597:36)
    at _ProjectService.ensureDefaultProjectForFile (/opt/visual-studio-code/resources/app/extensions/node_modules/typescript/lib/tsserver.js:181592:75)
    at IpcIOSession.getFileAndProjectWorker (/opt/visual-studio-code/resources/app/extensions/node_modules/typescript/lib/tsserver.js:186627:77)
    at IpcIOSession.getFileAndProject (/opt/visual-studio-code/resources/app/extensions/node_modules/typescript/lib/tsserver.js:186613:17)
    at IpcIOSession.getApplicableRefactors (/opt/visual-studio-code/resources/app/extensions/node_modules/typescript/lib/tsserver.js:187176:36)
    at getApplicableRefactors (/opt/visual-studio-code/resources/app/extensions/node_modules/typescript/lib/tsserver.js:185405:43)
    at /opt/visual-studio-code/resources/app/extensions/node_modules/typescript/lib/tsserver.js:187569:69
    at IpcIOSession.executeWithRequestId (/opt/visual-studio-code/resources/app/extensions/node_modules/typescript/lib/tsserver.js:187561:14)
    at IpcIOSession.executeCommand (/opt/visual-studio-code/resources/app/extensions/node_modules/typescript/lib/tsserver.js:187569:29)
    at IpcIOSession.onMessage (/opt/visual-studio-code/resources/app/extensions/node_modules/typescript/lib/tsserver.js:187611:51)
    at process.<anonymous> (/opt/visual-studio-code/resources/app/extensions/node_modules/typescript/lib/tsserver.js:189220:14)
    at process.emit (node:events:517:28)
    at emit (node:internal/child_process:944:14)
    at process.processTicksAndRejections (node:internal/process/task_queues:83:21)
	at n.create (/opt/visual-studio-code/resources/app/extensions/typescript-language-features/dist/extension.js:1:469462)
	at v.dispatchResponse (/opt/visual-studio-code/resources/app/extensions/typescript-language-features/dist/extension.js:1:463432)
	at v.dispatchMessage (/opt/visual-studio-code/resources/app/extensions/typescript-language-features/dist/extension.js:1:462276)
	at ChildProcess.<anonymous> (/opt/visual-studio-code/resources/app/extensions/typescript-language-features/dist/extension.js:1:461769)
	at ChildProcess.emit (node:events:517:28)
	at emit (node:internal/child_process:944:14)
	at process.processTicksAndRejections (node:internal/process/task_queues:83:21)
2024-05-19 21:55:12.455 [error] Error: <semantic> TypeScript Server Error (5.4.5)
No Project.
Error: No Project.
    at Object.ThrowNoProject (/opt/visual-studio-code/resources/app/extensions/node_modules/typescript/lib/tsserver.js:177487:11)
    at ScriptInfo.getDefaultProject (/opt/visual-studio-code/resources/app/extensions/node_modules/typescript/lib/tsserver.js:178240:23)
    at _ProjectService.doEnsureDefaultProjectForFile (/opt/visual-studio-code/resources/app/extensions/node_modules/typescript/lib/tsserver.js:181597:36)
    at _ProjectService.ensureDefaultProjectForFile (/opt/visual-studio-code/resources/app/extensions/node_modules/typescript/lib/tsserver.js:181592:75)
    at IpcIOSession.getFileAndProjectWorker (/opt/visual-studio-code/resources/app/extensions/node_modules/typescript/lib/tsserver.js:186627:77)
    at IpcIOSession.getProjectInfoWorker (/opt/visual-studio-code/resources/app/extensions/node_modules/typescript/lib/tsserver.js:186427:30)
    at IpcIOSession.getProjectInfo (/opt/visual-studio-code/resources/app/extensions/node_modules/typescript/lib/tsserver.js:186418:17)
    at projectInfo (/opt/visual-studio-code/resources/app/extensions/node_modules/typescript/lib/tsserver.js:185358:43)
    at /opt/visual-studio-code/resources/app/extensions/node_modules/typescript/lib/tsserver.js:187569:69
    at IpcIOSession.executeWithRequestId (/opt/visual-studio-code/resources/app/extensions/node_modules/typescript/lib/tsserver.js:187561:14)
    at IpcIOSession.executeCommand (/opt/visual-studio-code/resources/app/extensions/node_modules/typescript/lib/tsserver.js:187569:29)
    at IpcIOSession.onMessage (/opt/visual-studio-code/resources/app/extensions/node_modules/typescript/lib/tsserver.js:187611:51)
    at process.<anonymous> (/opt/visual-studio-code/resources/app/extensions/node_modules/typescript/lib/tsserver.js:189220:14)
    at process.emit (node:events:517:28)
    at emit (node:internal/child_process:944:14)
    at process.processTicksAndRejections (node:internal/process/task_queues:83:21)
	at n.create (/opt/visual-studio-code/resources/app/extensions/typescript-language-features/dist/extension.js:1:469462)
	at v.dispatchResponse (/opt/visual-studio-code/resources/app/extensions/typescript-language-features/dist/extension.js:1:463432)
	at v.dispatchMessage (/opt/visual-studio-code/resources/app/extensions/typescript-language-features/dist/extension.js:1:462276)
	at ChildProcess.<anonymous> (/opt/visual-studio-code/resources/app/extensions/typescript-language-features/dist/extension.js:1:461769)
	at ChildProcess.emit (node:events:517:28)
	at emit (node:internal/child_process:944:14)
	at process.processTicksAndRejections (node:internal/process/task_queues:83:21)
2024-05-19 21:55:13.571 [error] [vscode.typescript-language-features] provider FAILED
2024-05-19 21:55:13.572 [error] Error: <semantic> TypeScript Server Error (5.4.5)
No Project.
Error: No Project.
    at Object.ThrowNoProject (/opt/visual-studio-code/resources/app/extensions/node_modules/typescript/lib/tsserver.js:177487:11)
    at ScriptInfo.getDefaultProject (/opt/visual-studio-code/resources/app/extensions/node_modules/typescript/lib/tsserver.js:178240:23)
    at _ProjectService.doEnsureDefaultProjectForFile (/opt/visual-studio-code/resources/app/extensions/node_modules/typescript/lib/tsserver.js:181597:36)
    at _ProjectService.ensureDefaultProjectForFile (/opt/visual-studio-code/resources/app/extensions/node_modules/typescript/lib/tsserver.js:181592:75)
    at IpcIOSession.getFileAndProjectWorker (/opt/visual-studio-code/resources/app/extensions/node_modules/typescript/lib/tsserver.js:186627:77)
    at IpcIOSession.getFileAndProject (/opt/visual-studio-code/resources/app/extensions/node_modules/typescript/lib/tsserver.js:186613:17)
    at IpcIOSession.getDocumentHighlights (/opt/visual-studio-code/resources/app/extensions/node_modules/typescript/lib/tsserver.js:186368:36)
    at documentHighlights (/opt/visual-studio-code/resources/app/extensions/node_modules/typescript/lib/tsserver.js:185337:43)
    at /opt/visual-studio-code/resources/app/extensions/node_modules/typescript/lib/tsserver.js:187569:69
    at IpcIOSession.executeWithRequestId (/opt/visual-studio-code/resources/app/extensions/node_modules/typescript/lib/tsserver.js:187561:14)
    at IpcIOSession.executeCommand (/opt/visual-studio-code/resources/app/extensions/node_modules/typescript/lib/tsserver.js:187569:29)
    at IpcIOSession.onMessage (/opt/visual-studio-code/resources/app/extensions/node_modules/typescript/lib/tsserver.js:187611:51)
    at process.<anonymous> (/opt/visual-studio-code/resources/app/extensions/node_modules/typescript/lib/tsserver.js:189220:14)
    at process.emit (node:events:517:28)
    at emit (node:internal/child_process:944:14)
    at process.processTicksAndRejections (node:internal/process/task_queues:83:21)
	at n.create (/opt/visual-studio-code/resources/app/extensions/typescript-language-features/dist/extension.js:1:469462)
	at v.dispatchResponse (/opt/visual-studio-code/resources/app/extensions/typescript-language-features/dist/extension.js:1:463432)
	at v.dispatchMessage (/opt/visual-studio-code/resources/app/extensions/typescript-language-features/dist/extension.js:1:462276)
	at ChildProcess.<anonymous> (/opt/visual-studio-code/resources/app/extensions/typescript-language-features/dist/extension.js:1:461769)
	at ChildProcess.emit (node:events:517:28)
	at emit (node:internal/child_process:944:14)
	at process.processTicksAndRejections (node:internal/process/task_queues:83:21)
2024-05-19 22:33:39.160 [info] ExtensionService#_doActivateExtension rangav.vscode-thunder-client, startup: false, activationEvent: 'onView:thunder-client-sidebar'
2024-05-19 23:32:52.761 [info] ExtensionService#_doActivateExtension vivaxy.vscode-conventional-commits, startup: false, activationEvent: 'onCommand:extension.conventionalCommits'
2024-05-19 23:38:28.925 [info] ExtensionService#_doActivateExtension vscode.markdown-language-features, startup: false, activationEvent: 'onLanguage:markdown'
2024-05-19 23:38:30.322 [info] ExtensionService#_doActivateExtension vscode.markdown-math, startup: false, activationEvent: 'api', root cause: vscode.markdown-language-features
2024-05-19 23:40:59.682 [warning] Illegal argument: TextEditor(vs.editor.ICodeEditor:7,$model502)
2024-05-19 23:40:59.682 [warning] Illegal argument: TextEditor(vs.editor.ICodeEditor:7,$model502)
2024-05-19 23:40:59.683 [warning] Illegal argument: TextEditor(vs.editor.ICodeEditor:7,$model502)
2024-05-19 23:40:59.683 [warning] Illegal argument: TextEditor(vs.editor.ICodeEditor:7,$model502)
2024-05-19 23:40:59.683 [warning] Illegal argument: TextEditor(vs.editor.ICodeEditor:7,$model502)
2024-05-21 06:38:08.200 [info] Extension host terminating: renderer closed the MessagePort
2024-05-21 06:38:08.310 [error] Canceled: Canceled
	at new O (/opt/visual-studio-code/resources/app/out/vs/workbench/api/node/extensionHostProcess.js:143:47131)
	at c.U (/opt/visual-studio-code/resources/app/out/vs/workbench/api/node/extensionHostProcess.js:150:5542)
	at F.<computed>.z.charCodeAt.F.<computed> (/opt/visual-studio-code/resources/app/out/vs/workbench/api/node/extensionHostProcess.js:150:2993)
	at r.g (/opt/visual-studio-code/resources/app/out/vs/workbench/api/node/extensionHostProcess.js:153:188926)
	at r.executeCommand (/opt/visual-studio-code/resources/app/out/vs/workbench/api/node/extensionHostProcess.js:153:188364)
	at k.registerCommand.description (/opt/visual-studio-code/resources/app/out/vs/workbench/api/node/extensionHostProcess.js:153:187688)
	at r.h (/opt/visual-studio-code/resources/app/out/vs/workbench/api/node/extensionHostProcess.js:153:189465)
	at r.g (/opt/visual-studio-code/resources/app/out/vs/workbench/api/node/extensionHostProcess.js:153:188457)
	at r.executeCommand (/opt/visual-studio-code/resources/app/out/vs/workbench/api/node/extensionHostProcess.js:153:188364)
	at Object.executeCommand (/opt/visual-studio-code/resources/app/out/vs/workbench/api/node/extensionHostProcess.js:163:22673)
	at a.O [as value] (/opt/visual-studio-code/resources/app/extensions/git/dist/main.js:2:945138)
	at o.y (/opt/visual-studio-code/resources/app/out/vs/workbench/api/node/extensionHostProcess.js:82:660)
	at o.z (/opt/visual-studio-code/resources/app/out/vs/workbench/api/node/extensionHostProcess.js:82:730)
	at o.fire (/opt/visual-studio-code/resources/app/out/vs/workbench/api/node/extensionHostProcess.js:82:946)
	at Object.p [as dispose] (/opt/visual-studio-code/resources/app/extensions/git/dist/main.js:2:964222)
	at /opt/visual-studio-code/resources/app/extensions/git/dist/main.js:2:970260
	at Array.forEach (<anonymous>)
	at f.dispose (/opt/visual-studio-code/resources/app/extensions/git/dist/main.js:2:970246)
	at h.<anonymous> (/opt/visual-studio-code/resources/app/out/vs/workbench/api/node/extensionHostProcess.js:151:3955)
	at h.dispose (/opt/visual-studio-code/resources/app/out/vs/workbench/api/node/extensionHostProcess.js:151:4052)
	at h.<anonymous> (/opt/visual-studio-code/resources/app/extensions/git/dist/main.js:2:947395)
	at h.dispose (/opt/visual-studio-code/resources/app/out/vs/workbench/api/node/extensionHostProcess.js:151:4052)
	at a (/opt/visual-studio-code/resources/app/out/vs/workbench/api/node/extensionHostProcess.js:30:744)
	at f.eb (/opt/visual-studio-code/resources/app/out/vs/workbench/api/node/extensionHostProcess.js:159:9975)
	at /opt/visual-studio-code/resources/app/out/vs/workbench/api/node/extensionHostProcess.js:159:7824
	at Array.map (<anonymous>)
	at f.$ (/opt/visual-studio-code/resources/app/out/vs/workbench/api/node/extensionHostProcess.js:159:7811)
	at f.terminate (/opt/visual-studio-code/resources/app/out/vs/workbench/api/node/extensionHostProcess.js:159:8085)
	at a.terminate (/opt/visual-studio-code/resources/app/out/vs/workbench/api/node/extensionHostProcess.js:163:1513)
	at t (/opt/visual-studio-code/resources/app/out/vs/workbench/api/node/extensionHostProcess.js:176:9922)
	at MessagePortMain.<anonymous> (/opt/visual-studio-code/resources/app/out/vs/workbench/api/node/extensionHostProcess.js:176:6347)
	at MessagePortMain.emit (node:events:517:28)
	at MessagePortMain._internalPort.emit (node:electron/js2c/utility_init:2:2285) setContext undefined
2024-05-21 06:38:08.311 [error] Canceled: Canceled
	at new O (/opt/visual-studio-code/resources/app/out/vs/workbench/api/node/extensionHostProcess.js:143:47131)
	at c.U (/opt/visual-studio-code/resources/app/out/vs/workbench/api/node/extensionHostProcess.js:150:5542)
	at F.<computed>.z.charCodeAt.F.<computed> (/opt/visual-studio-code/resources/app/out/vs/workbench/api/node/extensionHostProcess.js:150:2993)
	at r.g (/opt/visual-studio-code/resources/app/out/vs/workbench/api/node/extensionHostProcess.js:153:188926)
	at r.executeCommand (/opt/visual-studio-code/resources/app/out/vs/workbench/api/node/extensionHostProcess.js:153:188364)
	at k.registerCommand.description (/opt/visual-studio-code/resources/app/out/vs/workbench/api/node/extensionHostProcess.js:153:187688)
	at r.h (/opt/visual-studio-code/resources/app/out/vs/workbench/api/node/extensionHostProcess.js:153:189465)
	at r.g (/opt/visual-studio-code/resources/app/out/vs/workbench/api/node/extensionHostProcess.js:153:188457)
	at r.executeCommand (/opt/visual-studio-code/resources/app/out/vs/workbench/api/node/extensionHostProcess.js:153:188364)
	at Object.executeCommand (/opt/visual-studio-code/resources/app/out/vs/workbench/api/node/extensionHostProcess.js:163:22673)
	at set hasGitHubRepositories [as hasGitHubRepositories] (/opt/visual-studio-code/resources/app/extensions/github/dist/extension.js:2:322969)
	at /opt/visual-studio-code/resources/app/extensions/github/dist/extension.js:2:323928
	at a.value (/opt/visual-studio-code/resources/app/extensions/git/dist/main.js:2:1050711)
	at o.y (/opt/visual-studio-code/resources/app/out/vs/workbench/api/node/extensionHostProcess.js:82:660)
	at o.z (/opt/visual-studio-code/resources/app/out/vs/workbench/api/node/extensionHostProcess.js:82:730)
	at o.fire (/opt/visual-studio-code/resources/app/out/vs/workbench/api/node/extensionHostProcess.js:82:946)
	at Object.p [as dispose] (/opt/visual-studio-code/resources/app/extensions/git/dist/main.js:2:964222)
	at /opt/visual-studio-code/resources/app/extensions/git/dist/main.js:2:970260
	at Array.forEach (<anonymous>)
	at f.dispose (/opt/visual-studio-code/resources/app/extensions/git/dist/main.js:2:970246)
	at h.<anonymous> (/opt/visual-studio-code/resources/app/out/vs/workbench/api/node/extensionHostProcess.js:151:3955)
	at h.dispose (/opt/visual-studio-code/resources/app/out/vs/workbench/api/node/extensionHostProcess.js:151:4052)
	at h.<anonymous> (/opt/visual-studio-code/resources/app/extensions/git/dist/main.js:2:947395)
	at h.dispose (/opt/visual-studio-code/resources/app/out/vs/workbench/api/node/extensionHostProcess.js:151:4052)
	at a (/opt/visual-studio-code/resources/app/out/vs/workbench/api/node/extensionHostProcess.js:30:744)
	at f.eb (/opt/visual-studio-code/resources/app/out/vs/workbench/api/node/extensionHostProcess.js:159:9975)
	at /opt/visual-studio-code/resources/app/out/vs/workbench/api/node/extensionHostProcess.js:159:7824
	at Array.map (<anonymous>)
	at f.$ (/opt/visual-studio-code/resources/app/out/vs/workbench/api/node/extensionHostProcess.js:159:7811)
	at f.terminate (/opt/visual-studio-code/resources/app/out/vs/workbench/api/node/extensionHostProcess.js:159:8085)
	at a.terminate (/opt/visual-studio-code/resources/app/out/vs/workbench/api/node/extensionHostProcess.js:163:1513)
	at t (/opt/visual-studio-code/resources/app/out/vs/workbench/api/node/extensionHostProcess.js:176:9922)
	at MessagePortMain.<anonymous> (/opt/visual-studio-code/resources/app/out/vs/workbench/api/node/extensionHostProcess.js:176:6347)
	at MessagePortMain.emit (node:events:517:28)
	at MessagePortMain._internalPort.emit (node:electron/js2c/utility_init:2:2285) setContext undefined
2024-05-21 06:38:08.321 [info] Extension host with pid 2176945 exiting with code 0
